CRITICAL - 2022-05-24 00:48:25 --> Undefined variable $data1
#0 C:\xampp\htdocs\co\app\Views\admin\category_list.php(49): CodeIgniter\Debug\Exceptions->errorHandler(2, 'Undefined varia...', 'C:\\xampp\\htdocs...', 49)
#1 C:\xampp\htdocs\co\system\View\View.php(210): include('C:\\xampp\\htdocs...')
#2 C:\xampp\htdocs\co\system\View\View.php(213): CodeIgniter\View\View->CodeIgniter\View\{closure}()
#3 C:\xampp\htdocs\co\system\Common.php(1089): CodeIgniter\View\View->render('admin/category_...', Array, true)
#4 C:\xampp\htdocs\co\app\Controllers\meeshoController.php(69): view('admin/category_...', Array)
#5 C:\xampp\htdocs\co\system\CodeIgniter.php(832): App\Controllers\MeeshoController->category_list()
#6 C:\xampp\htdocs\co\system\CodeIgniter.php(419): CodeIgniter\CodeIgniter->runController(Object(App\Controllers\MeeshoController))
#7 C:\xampp\htdocs\co\system\CodeIgniter.php(326): CodeIgniter\CodeIgniter->handleRequest(NULL, Object(Config\Cache), false)
#8 C:\xampp\htdocs\co\public\index.php(37): CodeIgniter\CodeIgniter->run()
#9 {main}
CRITICAL - 2022-05-24 00:51:31 --> Cannot access offset of type string on string
#0 C:\xampp\htdocs\co\system\View\View.php(210): include()
#1 C:\xampp\htdocs\co\system\View\View.php(213): CodeIgniter\View\View->CodeIgniter\View\{closure}()
#2 C:\xampp\htdocs\co\system\Common.php(1089): CodeIgniter\View\View->render('admin/category_...', Array, true)
#3 C:\xampp\htdocs\co\app\Controllers\meeshoController.php(69): view('admin/category_...', Array)
#4 C:\xampp\htdocs\co\system\CodeIgniter.php(832): App\Controllers\MeeshoController->category_list()
#5 C:\xampp\htdocs\co\system\CodeIgniter.php(419): CodeIgniter\CodeIgniter->runController(Object(App\Controllers\MeeshoController))
#6 C:\xampp\htdocs\co\system\CodeIgniter.php(326): CodeIgniter\CodeIgniter->handleRequest(NULL, Object(Config\Cache), false)
#7 C:\xampp\htdocs\co\public\index.php(37): CodeIgniter\CodeIgniter->run()
#8 {main}
CRITICAL - 2022-05-24 01:24:49 --> Undefined constant "App\Controllers\db_connect"
#0 C:\xampp\htdocs\co\system\CodeIgniter.php(832): App\Controllers\MeeshoController->meeshoadd_cat()
#1 C:\xampp\htdocs\co\system\CodeIgniter.php(419): CodeIgniter\CodeIgniter->runController(Object(App\Controllers\MeeshoController))
#2 C:\xampp\htdocs\co\system\CodeIgniter.php(326): CodeIgniter\CodeIgniter->handleRequest(NULL, Object(Config\Cache), false)
#3 C:\xampp\htdocs\co\public\index.php(37): CodeIgniter\CodeIgniter->run()
#4 {main}
CRITICAL - 2022-05-24 01:25:01 --> view(): Argument #2 ($data) must be of type array, CodeIgniter\Database\MySQLi\Builder given, called in C:\xampp\htdocs\co\app\Controllers\meeshoController.php on line 63
#0 C:\xampp\htdocs\co\app\Controllers\meeshoController.php(63): view('admin/add_categ...', Object(CodeIgniter\Database\MySQLi\Builder))
#1 C:\xampp\htdocs\co\system\CodeIgniter.php(832): App\Controllers\MeeshoController->meeshoadd_cat()
#2 C:\xampp\htdocs\co\system\CodeIgniter.php(419): CodeIgniter\CodeIgniter->runController(Object(App\Controllers\MeeshoController))
#3 C:\xampp\htdocs\co\system\CodeIgniter.php(326): CodeIgniter\CodeIgniter->handleRequest(NULL, Object(Config\Cache), false)
#4 C:\xampp\htdocs\co\public\index.php(37): CodeIgniter\CodeIgniter->run()
#5 {main}
CRITICAL - 2022-05-24 01:26:00 --> Undefined variable $query
#0 C:\xampp\htdocs\co\app\Controllers\meeshoController.php(63): CodeIgniter\Debug\Exceptions->errorHandler(2, 'Undefined varia...', 'C:\\xampp\\htdocs...', 63)
#1 C:\xampp\htdocs\co\system\CodeIgniter.php(832): App\Controllers\MeeshoController->meeshoadd_cat()
#2 C:\xampp\htdocs\co\system\CodeIgniter.php(419): CodeIgniter\CodeIgniter->runController(Object(App\Controllers\MeeshoController))
#3 C:\xampp\htdocs\co\system\CodeIgniter.php(326): CodeIgniter\CodeIgniter->handleRequest(NULL, Object(Config\Cache), false)
#4 C:\xampp\htdocs\co\public\index.php(37): CodeIgniter\CodeIgniter->run()
#5 {main}
CRITICAL - 2022-05-24 01:26:43 --> view(): Argument #2 ($data) must be of type array, CodeIgniter\Database\MySQLi\Result given, called in C:\xampp\htdocs\co\app\Controllers\meeshoController.php on line 68
#0 C:\xampp\htdocs\co\app\Controllers\meeshoController.php(68): view('admin/add_categ...', Object(CodeIgniter\Database\MySQLi\Result))
#1 C:\xampp\htdocs\co\system\CodeIgniter.php(832): App\Controllers\MeeshoController->meeshoadd_cat()
#2 C:\xampp\htdocs\co\system\CodeIgniter.php(419): CodeIgniter\CodeIgniter->runController(Object(App\Controllers\MeeshoController))
#3 C:\xampp\htdocs\co\system\CodeIgniter.php(326): CodeIgniter\CodeIgniter->handleRequest(NULL, Object(Config\Cache), false)
#4 C:\xampp\htdocs\co\public\index.php(37): CodeIgniter\CodeIgniter->run()
#5 {main}
CRITICAL - 2022-05-24 01:27:01 --> view(): Argument #2 ($data) must be of type array, CodeIgniter\Database\MySQLi\Result given, called in C:\xampp\htdocs\co\app\Controllers\meeshoController.php on line 68
#0 C:\xampp\htdocs\co\app\Controllers\meeshoController.php(68): view('admin/add_categ...', Object(CodeIgniter\Database\MySQLi\Result))
#1 C:\xampp\htdocs\co\system\CodeIgniter.php(832): App\Controllers\MeeshoController->meeshoadd_cat()
#2 C:\xampp\htdocs\co\system\CodeIgniter.php(419): CodeIgniter\CodeIgniter->runController(Object(App\Controllers\MeeshoController))
#3 C:\xampp\htdocs\co\system\CodeIgniter.php(326): CodeIgniter\CodeIgniter->handleRequest(NULL, Object(Config\Cache), false)
#4 C:\xampp\htdocs\co\public\index.php(37): CodeIgniter\CodeIgniter->run()
#5 {main}
CRITICAL - 2022-05-24 01:27:08 --> view(): Argument #2 ($data) must be of type array, CodeIgniter\Database\MySQLi\Result given, called in C:\xampp\htdocs\co\app\Controllers\meeshoController.php on line 68
#0 C:\xampp\htdocs\co\app\Controllers\meeshoController.php(68): view('admin/add_categ...', Object(CodeIgniter\Database\MySQLi\Result))
#1 C:\xampp\htdocs\co\system\CodeIgniter.php(832): App\Controllers\MeeshoController->meeshoadd_cat()
#2 C:\xampp\htdocs\co\system\CodeIgniter.php(419): CodeIgniter\CodeIgniter->runController(Object(App\Controllers\MeeshoController))
#3 C:\xampp\htdocs\co\system\CodeIgniter.php(326): CodeIgniter\CodeIgniter->handleRequest(NULL, Object(Config\Cache), false)
#4 C:\xampp\htdocs\co\public\index.php(37): CodeIgniter\CodeIgniter->run()
#5 {main}
CRITICAL - 2022-05-24 01:28:01 --> Undefined variable $data
#0 C:\xampp\htdocs\co\app\Views\admin\add_categoury.php(68): CodeIgniter\Debug\Exceptions->errorHandler(2, 'Undefined varia...', 'C:\\xampp\\htdocs...', 68)
#1 C:\xampp\htdocs\co\system\View\View.php(210): include('C:\\xampp\\htdocs...')
#2 C:\xampp\htdocs\co\system\View\View.php(213): CodeIgniter\View\View->CodeIgniter\View\{closure}()
#3 C:\xampp\htdocs\co\system\Common.php(1089): CodeIgniter\View\View->render('admin/add_categ...', Array, true)
#4 C:\xampp\htdocs\co\app\Controllers\meeshoController.php(68): view('admin/add_categ...', Array)
#5 C:\xampp\htdocs\co\system\CodeIgniter.php(832): App\Controllers\MeeshoController->meeshoadd_cat()
#6 C:\xampp\htdocs\co\system\CodeIgniter.php(419): CodeIgniter\CodeIgniter->runController(Object(App\Controllers\MeeshoController))
#7 C:\xampp\htdocs\co\system\CodeIgniter.php(326): CodeIgniter\CodeIgniter->handleRequest(NULL, Object(Config\Cache), false)
#8 C:\xampp\htdocs\co\public\index.php(37): CodeIgniter\CodeIgniter->run()
#9 {main}
CRITICAL - 2022-05-24 01:28:35 --> Undefined variable $data
#0 C:\xampp\htdocs\co\app\Views\admin\add_categoury.php(68): CodeIgniter\Debug\Exceptions->errorHandler(2, 'Undefined varia...', 'C:\\xampp\\htdocs...', 68)
#1 C:\xampp\htdocs\co\system\View\View.php(210): include('C:\\xampp\\htdocs...')
#2 C:\xampp\htdocs\co\system\View\View.php(213): CodeIgniter\View\View->CodeIgniter\View\{closure}()
#3 C:\xampp\htdocs\co\system\Common.php(1089): CodeIgniter\View\View->render('admin/add_categ...', Array, true)
#4 C:\xampp\htdocs\co\app\Controllers\meeshoController.php(68): view('admin/add_categ...', Array)
#5 C:\xampp\htdocs\co\system\CodeIgniter.php(832): App\Controllers\MeeshoController->meeshoadd_cat()
#6 C:\xampp\htdocs\co\system\CodeIgniter.php(419): CodeIgniter\CodeIgniter->runController(Object(App\Controllers\MeeshoController))
#7 C:\xampp\htdocs\co\system\CodeIgniter.php(326): CodeIgniter\CodeIgniter->handleRequest(NULL, Object(Config\Cache), false)
#8 C:\xampp\htdocs\co\public\index.php(37): CodeIgniter\CodeIgniter->run()
#9 {main}
CRITICAL - 2022-05-24 01:29:06 --> Undefined variable $cat
#0 C:\xampp\htdocs\co\app\Views\admin\add_categoury.php(68): CodeIgniter\Debug\Exceptions->errorHandler(2, 'Undefined varia...', 'C:\\xampp\\htdocs...', 68)
#1 C:\xampp\htdocs\co\system\View\View.php(210): include('C:\\xampp\\htdocs...')
#2 C:\xampp\htdocs\co\system\View\View.php(213): CodeIgniter\View\View->CodeIgniter\View\{closure}()
#3 C:\xampp\htdocs\co\system\Common.php(1089): CodeIgniter\View\View->render('admin/add_categ...', Array, true)
#4 C:\xampp\htdocs\co\app\Controllers\meeshoController.php(68): view('admin/add_categ...', Array)
#5 C:\xampp\htdocs\co\system\CodeIgniter.php(832): App\Controllers\MeeshoController->meeshoadd_cat()
#6 C:\xampp\htdocs\co\system\CodeIgniter.php(419): CodeIgniter\CodeIgniter->runController(Object(App\Controllers\MeeshoController))
#7 C:\xampp\htdocs\co\system\CodeIgniter.php(326): CodeIgniter\CodeIgniter->handleRequest(NULL, Object(Config\Cache), false)
#8 C:\xampp\htdocs\co\public\index.php(37): CodeIgniter\CodeIgniter->run()
#9 {main}
CRITICAL - 2022-05-24 01:29:27 --> Undefined variable $data
#0 C:\xampp\htdocs\co\app\Views\admin\add_categoury.php(69): CodeIgniter\Debug\Exceptions->errorHandler(2, 'Undefined varia...', 'C:\\xampp\\htdocs...', 69)
#1 C:\xampp\htdocs\co\system\View\View.php(210): include('C:\\xampp\\htdocs...')
#2 C:\xampp\htdocs\co\system\View\View.php(213): CodeIgniter\View\View->CodeIgniter\View\{closure}()
#3 C:\xampp\htdocs\co\system\Common.php(1089): CodeIgniter\View\View->render('admin/add_categ...', Array, true)
#4 C:\xampp\htdocs\co\app\Controllers\meeshoController.php(68): view('admin/add_categ...', Array)
#5 C:\xampp\htdocs\co\system\CodeIgniter.php(832): App\Controllers\MeeshoController->meeshoadd_cat()
#6 C:\xampp\htdocs\co\system\CodeIgniter.php(419): CodeIgniter\CodeIgniter->runController(Object(App\Controllers\MeeshoController))
#7 C:\xampp\htdocs\co\system\CodeIgniter.php(326): CodeIgniter\CodeIgniter->handleRequest(NULL, Object(Config\Cache), false)
#8 C:\xampp\htdocs\co\public\index.php(37): CodeIgniter\CodeIgniter->run()
#9 {main}
CRITICAL - 2022-05-24 01:29:33 --> Undefined variable $data
#0 C:\xampp\htdocs\co\app\Views\admin\add_categoury.php(69): CodeIgniter\Debug\Exceptions->errorHandler(2, 'Undefined varia...', 'C:\\xampp\\htdocs...', 69)
#1 C:\xampp\htdocs\co\system\View\View.php(210): include('C:\\xampp\\htdocs...')
#2 C:\xampp\htdocs\co\system\View\View.php(213): CodeIgniter\View\View->CodeIgniter\View\{closure}()
#3 C:\xampp\htdocs\co\system\Common.php(1089): CodeIgniter\View\View->render('admin/add_categ...', Array, true)
#4 C:\xampp\htdocs\co\app\Controllers\meeshoController.php(68): view('admin/add_categ...', Array)
#5 C:\xampp\htdocs\co\system\CodeIgniter.php(832): App\Controllers\MeeshoController->meeshoadd_cat()
#6 C:\xampp\htdocs\co\system\CodeIgniter.php(419): CodeIgniter\CodeIgniter->runController(Object(App\Controllers\MeeshoController))
#7 C:\xampp\htdocs\co\system\CodeIgniter.php(326): CodeIgniter\CodeIgniter->handleRequest(NULL, Object(Config\Cache), false)
#8 C:\xampp\htdocs\co\public\index.php(37): CodeIgniter\CodeIgniter->run()
#9 {main}
CRITICAL - 2022-05-24 01:30:58 --> Undefined variable $data
#0 C:\xampp\htdocs\co\app\Views\admin\add_categoury.php(69): CodeIgniter\Debug\Exceptions->errorHandler(2, 'Undefined varia...', 'C:\\xampp\\htdocs...', 69)
#1 C:\xampp\htdocs\co\system\View\View.php(210): include('C:\\xampp\\htdocs...')
#2 C:\xampp\htdocs\co\system\View\View.php(213): CodeIgniter\View\View->CodeIgniter\View\{closure}()
#3 C:\xampp\htdocs\co\system\Common.php(1089): CodeIgniter\View\View->render('admin/add_categ...', Array, true)
#4 C:\xampp\htdocs\co\app\Controllers\meeshoController.php(68): view('admin/add_categ...', Array)
#5 C:\xampp\htdocs\co\system\CodeIgniter.php(832): App\Controllers\MeeshoController->meeshoadd_cat()
#6 C:\xampp\htdocs\co\system\CodeIgniter.php(419): CodeIgniter\CodeIgniter->runController(Object(App\Controllers\MeeshoController))
#7 C:\xampp\htdocs\co\system\CodeIgniter.php(326): CodeIgniter\CodeIgniter->handleRequest(NULL, Object(Config\Cache), false)
#8 C:\xampp\htdocs\co\public\index.php(37): CodeIgniter\CodeIgniter->run()
#9 {main}
CRITICAL - 2022-05-24 01:31:11 --> Undefined variable $data
#0 C:\xampp\htdocs\co\app\Views\admin\add_categoury.php(69): CodeIgniter\Debug\Exceptions->errorHandler(2, 'Undefined varia...', 'C:\\xampp\\htdocs...', 69)
#1 C:\xampp\htdocs\co\system\View\View.php(210): include('C:\\xampp\\htdocs...')
#2 C:\xampp\htdocs\co\system\View\View.php(213): CodeIgniter\View\View->CodeIgniter\View\{closure}()
#3 C:\xampp\htdocs\co\system\Common.php(1089): CodeIgniter\View\View->render('admin/add_categ...', Array, true)
#4 C:\xampp\htdocs\co\app\Controllers\meeshoController.php(68): view('admin/add_categ...', Array)
#5 C:\xampp\htdocs\co\system\CodeIgniter.php(832): App\Controllers\MeeshoController->meeshoadd_cat()
#6 C:\xampp\htdocs\co\system\CodeIgniter.php(419): CodeIgniter\CodeIgniter->runController(Object(App\Controllers\MeeshoController))
#7 C:\xampp\htdocs\co\system\CodeIgniter.php(326): CodeIgniter\CodeIgniter->handleRequest(NULL, Object(Config\Cache), false)
#8 C:\xampp\htdocs\co\public\index.php(37): CodeIgniter\CodeIgniter->run()
#9 {main}
CRITICAL - 2022-05-24 01:31:48 --> Undefined variable $cat
#0 C:\xampp\htdocs\co\app\Views\admin\add_categoury.php(68): CodeIgniter\Debug\Exceptions->errorHandler(2, 'Undefined varia...', 'C:\\xampp\\htdocs...', 68)
#1 C:\xampp\htdocs\co\system\View\View.php(210): include('C:\\xampp\\htdocs...')
#2 C:\xampp\htdocs\co\system\View\View.php(213): CodeIgniter\View\View->CodeIgniter\View\{closure}()
#3 C:\xampp\htdocs\co\system\Common.php(1089): CodeIgniter\View\View->render('admin/add_categ...', Array, true)
#4 C:\xampp\htdocs\co\app\Controllers\meeshoController.php(68): view('admin/add_categ...', Array)
#5 C:\xampp\htdocs\co\system\CodeIgniter.php(832): App\Controllers\MeeshoController->meeshoadd_cat()
#6 C:\xampp\htdocs\co\system\CodeIgniter.php(419): CodeIgniter\CodeIgniter->runController(Object(App\Controllers\MeeshoController))
#7 C:\xampp\htdocs\co\system\CodeIgniter.php(326): CodeIgniter\CodeIgniter->handleRequest(NULL, Object(Config\Cache), false)
#8 C:\xampp\htdocs\co\public\index.php(37): CodeIgniter\CodeIgniter->run()
#9 {main}
CRITICAL - 2022-05-24 01:32:01 --> Undefined variable $cat
#0 C:\xampp\htdocs\co\app\Views\admin\add_categoury.php(68): CodeIgniter\Debug\Exceptions->errorHandler(2, 'Undefined varia...', 'C:\\xampp\\htdocs...', 68)
#1 C:\xampp\htdocs\co\system\View\View.php(210): include('C:\\xampp\\htdocs...')
#2 C:\xampp\htdocs\co\system\View\View.php(213): CodeIgniter\View\View->CodeIgniter\View\{closure}()
#3 C:\xampp\htdocs\co\system\Common.php(1089): CodeIgniter\View\View->render('admin/add_categ...', Array, true)
#4 C:\xampp\htdocs\co\app\Controllers\meeshoController.php(68): view('admin/add_categ...', Array)
#5 C:\xampp\htdocs\co\system\CodeIgniter.php(832): App\Controllers\MeeshoController->meeshoadd_cat()
#6 C:\xampp\htdocs\co\system\CodeIgniter.php(419): CodeIgniter\CodeIgniter->runController(Object(App\Controllers\MeeshoController))
#7 C:\xampp\htdocs\co\system\CodeIgniter.php(326): CodeIgniter\CodeIgniter->handleRequest(NULL, Object(Config\Cache), false)
#8 C:\xampp\htdocs\co\public\index.php(37): CodeIgniter\CodeIgniter->run()
#9 {main}
CRITICAL - 2022-05-24 01:39:06 --> syntax error, unexpected token ";"
#0 C:\xampp\htdocs\co\system\View\View.php(213): CodeIgniter\View\View->CodeIgniter\View\{closure}()
#1 C:\xampp\htdocs\co\system\Common.php(1089): CodeIgniter\View\View->render('admin/add_categ...', Array, true)
#2 C:\xampp\htdocs\co\app\Controllers\meeshoController.php(68): view('admin/add_categ...', Array)
#3 C:\xampp\htdocs\co\system\CodeIgniter.php(832): App\Controllers\MeeshoController->meeshoadd_cat()
#4 C:\xampp\htdocs\co\system\CodeIgniter.php(419): CodeIgniter\CodeIgniter->runController(Object(App\Controllers\MeeshoController))
#5 C:\xampp\htdocs\co\system\CodeIgniter.php(326): CodeIgniter\CodeIgniter->handleRequest(NULL, Object(Config\Cache), false)
#6 C:\xampp\htdocs\co\public\index.php(37): CodeIgniter\CodeIgniter->run()
#7 {main}
CRITICAL - 2022-05-24 01:39:21 --> syntax error, unexpected token ";"
#0 C:\xampp\htdocs\co\system\View\View.php(213): CodeIgniter\View\View->CodeIgniter\View\{closure}()
#1 C:\xampp\htdocs\co\system\Common.php(1089): CodeIgniter\View\View->render('admin/add_categ...', Array, true)
#2 C:\xampp\htdocs\co\app\Controllers\meeshoController.php(68): view('admin/add_categ...', Array)
#3 C:\xampp\htdocs\co\system\CodeIgniter.php(832): App\Controllers\MeeshoController->meeshoadd_cat()
#4 C:\xampp\htdocs\co\system\CodeIgniter.php(419): CodeIgniter\CodeIgniter->runController(Object(App\Controllers\MeeshoController))
#5 C:\xampp\htdocs\co\system\CodeIgniter.php(326): CodeIgniter\CodeIgniter->handleRequest(NULL, Object(Config\Cache), false)
#6 C:\xampp\htdocs\co\public\index.php(37): CodeIgniter\CodeIgniter->run()
#7 {main}
CRITICAL - 2022-05-24 01:39:22 --> syntax error, unexpected token ";"
#0 C:\xampp\htdocs\co\system\View\View.php(213): CodeIgniter\View\View->CodeIgniter\View\{closure}()
#1 C:\xampp\htdocs\co\system\Common.php(1089): CodeIgniter\View\View->render('admin/add_categ...', Array, true)
#2 C:\xampp\htdocs\co\app\Controllers\meeshoController.php(68): view('admin/add_categ...', Array)
#3 C:\xampp\htdocs\co\system\CodeIgniter.php(832): App\Controllers\MeeshoController->meeshoadd_cat()
#4 C:\xampp\htdocs\co\system\CodeIgniter.php(419): CodeIgniter\CodeIgniter->runController(Object(App\Controllers\MeeshoController))
#5 C:\xampp\htdocs\co\system\CodeIgniter.php(326): CodeIgniter\CodeIgniter->handleRequest(NULL, Object(Config\Cache), false)
#6 C:\xampp\htdocs\co\public\index.php(37): CodeIgniter\CodeIgniter->run()
#7 {main}
CRITICAL - 2022-05-24 01:39:22 --> syntax error, unexpected token ";"
#0 C:\xampp\htdocs\co\system\View\View.php(213): CodeIgniter\View\View->CodeIgniter\View\{closure}()
#1 C:\xampp\htdocs\co\system\Common.php(1089): CodeIgniter\View\View->render('admin/add_categ...', Array, true)
#2 C:\xampp\htdocs\co\app\Controllers\meeshoController.php(68): view('admin/add_categ...', Array)
#3 C:\xampp\htdocs\co\system\CodeIgniter.php(832): App\Controllers\MeeshoController->meeshoadd_cat()
#4 C:\xampp\htdocs\co\system\CodeIgniter.php(419): CodeIgniter\CodeIgniter->runController(Object(App\Controllers\MeeshoController))
#5 C:\xampp\htdocs\co\system\CodeIgniter.php(326): CodeIgniter\CodeIgniter->handleRequest(NULL, Object(Config\Cache), false)
#6 C:\xampp\htdocs\co\public\index.php(37): CodeIgniter\CodeIgniter->run()
#7 {main}
CRITICAL - 2022-05-24 01:39:22 --> syntax error, unexpected token ";"
#0 C:\xampp\htdocs\co\system\View\View.php(213): CodeIgniter\View\View->CodeIgniter\View\{closure}()
#1 C:\xampp\htdocs\co\system\Common.php(1089): CodeIgniter\View\View->render('admin/add_categ...', Array, true)
#2 C:\xampp\htdocs\co\app\Controllers\meeshoController.php(68): view('admin/add_categ...', Array)
#3 C:\xampp\htdocs\co\system\CodeIgniter.php(832): App\Controllers\MeeshoController->meeshoadd_cat()
#4 C:\xampp\htdocs\co\system\CodeIgniter.php(419): CodeIgniter\CodeIgniter->runController(Object(App\Controllers\MeeshoController))
#5 C:\xampp\htdocs\co\system\CodeIgniter.php(326): CodeIgniter\CodeIgniter->handleRequest(NULL, Object(Config\Cache), false)
#6 C:\xampp\htdocs\co\public\index.php(37): CodeIgniter\CodeIgniter->run()
#7 {main}
CRITICAL - 2022-05-24 02:51:28 --> Undefined variable $up
#0 C:\xampp\htdocs\co\app\Views\admin\add_product.php(182): CodeIgniter\Debug\Exceptions->errorHandler(2, 'Undefined varia...', 'C:\\xampp\\htdocs...', 182)
#1 C:\xampp\htdocs\co\system\View\View.php(210): include('C:\\xampp\\htdocs...')
#2 C:\xampp\htdocs\co\system\View\View.php(213): CodeIgniter\View\View->CodeIgniter\View\{closure}()
#3 C:\xampp\htdocs\co\system\Common.php(1089): CodeIgniter\View\View->render('admin/add_produ...', Array, true)
#4 C:\xampp\htdocs\co\app\Controllers\meeshoController.php(45): view('admin/add_produ...', Array)
#5 C:\xampp\htdocs\co\system\CodeIgniter.php(832): App\Controllers\MeeshoController->meeshoadd_product()
#6 C:\xampp\htdocs\co\system\CodeIgniter.php(419): CodeIgniter\CodeIgniter->runController(Object(App\Controllers\MeeshoController))
#7 C:\xampp\htdocs\co\system\CodeIgniter.php(326): CodeIgniter\CodeIgniter->handleRequest(NULL, Object(Config\Cache), false)
#8 C:\xampp\htdocs\co\public\index.php(37): CodeIgniter\CodeIgniter->run()
#9 {main}
CRITICAL - 2022-05-24 02:51:28 --> Undefined variable $up
#0 C:\xampp\htdocs\co\app\Views\admin\add_product.php(182): CodeIgniter\Debug\Exceptions->errorHandler(2, 'Undefined varia...', 'C:\\xampp\\htdocs...', 182)
#1 C:\xampp\htdocs\co\system\View\View.php(210): include('C:\\xampp\\htdocs...')
#2 C:\xampp\htdocs\co\system\View\View.php(213): CodeIgniter\View\View->CodeIgniter\View\{closure}()
#3 C:\xampp\htdocs\co\system\Common.php(1089): CodeIgniter\View\View->render('admin/add_produ...', Array, true)
#4 C:\xampp\htdocs\co\app\Controllers\meeshoController.php(45): view('admin/add_produ...', Array)
#5 C:\xampp\htdocs\co\system\CodeIgniter.php(832): App\Controllers\MeeshoController->meeshoadd_product()
#6 C:\xampp\htdocs\co\system\CodeIgniter.php(419): CodeIgniter\CodeIgniter->runController(Object(App\Controllers\MeeshoController))
#7 C:\xampp\htdocs\co\system\CodeIgniter.php(326): CodeIgniter\CodeIgniter->handleRequest(NULL, Object(Config\Cache), false)
#8 C:\xampp\htdocs\co\public\index.php(37): CodeIgniter\CodeIgniter->run()
#9 {main}
CRITICAL - 2022-05-24 07:21:30 --> syntax error, unexpected double-quote mark, expecting "," or ";"
#0 C:\xampp\htdocs\co\system\View\View.php(213): CodeIgniter\View\View->CodeIgniter\View\{closure}()
#1 C:\xampp\htdocs\co\system\Common.php(1089): CodeIgniter\View\View->render('admin/add_categ...', Array, true)
#2 C:\xampp\htdocs\co\app\Controllers\meeshoController.php(68): view('admin/add_categ...', Array)
#3 C:\xampp\htdocs\co\system\CodeIgniter.php(832): App\Controllers\MeeshoController->meeshoadd_cat()
#4 C:\xampp\htdocs\co\system\CodeIgniter.php(419): CodeIgniter\CodeIgniter->runController(Object(App\Controllers\MeeshoController))
#5 C:\xampp\htdocs\co\system\CodeIgniter.php(326): CodeIgniter\CodeIgniter->handleRequest(NULL, Object(Config\Cache), false)
#6 C:\xampp\htdocs\co\public\index.php(37): CodeIgniter\CodeIgniter->run()
#7 {main}
CRITICAL - 2022-05-24 07:29:22 --> syntax error, unexpected token ";", expecting ")"
#0 C:\xampp\htdocs\co\system\Autoloader\Autoloader.php(241): CodeIgniter\Autoloader\Autoloader->includeFile('C:\\xampp\\htdocs...')
#1 C:\xampp\htdocs\co\system\Autoloader\Autoloader.php(219): CodeIgniter\Autoloader\Autoloader->loadInNamespace('App\\Controllers...')
#2 [internal function]: CodeIgniter\Autoloader\Autoloader->loadClass('App\\Controllers...')
#3 C:\xampp\htdocs\co\system\CodeIgniter.php(797): class_exists('\\App\\Controller...', true)
#4 C:\xampp\htdocs\co\system\CodeIgniter.php(406): CodeIgniter\CodeIgniter->startController()
#5 C:\xampp\htdocs\co\system\CodeIgniter.php(326): CodeIgniter\CodeIgniter->handleRequest(NULL, Object(Config\Cache), false)
#6 C:\xampp\htdocs\co\public\index.php(37): CodeIgniter\CodeIgniter->run()
#7 {main}
CRITICAL - 2022-05-24 07:34:10 --> CodeIgniter\Database\BaseBuilder::update(): Argument #1 ($set) must be of type ?array, CodeIgniter\Database\MySQLi\Builder given, called in C:\xampp\htdocs\co\app\Controllers\meeshoController.php on line 214
#0 C:\xampp\htdocs\co\app\Controllers\meeshoController.php(214): CodeIgniter\Database\BaseBuilder->update(Object(CodeIgniter\Database\MySQLi\Builder))
#1 C:\xampp\htdocs\co\system\CodeIgniter.php(832): App\Controllers\MeeshoController->update_category()
#2 C:\xampp\htdocs\co\system\CodeIgniter.php(419): CodeIgniter\CodeIgniter->runController(Object(App\Controllers\MeeshoController))
#3 C:\xampp\htdocs\co\system\CodeIgniter.php(326): CodeIgniter\CodeIgniter->handleRequest(NULL, Object(Config\Cache), false)
#4 C:\xampp\htdocs\co\public\index.php(37): CodeIgniter\CodeIgniter->run()
#5 {main}
CRITICAL - 2022-05-24 07:34:22 --> CodeIgniter\Database\BaseBuilder::update(): Argument #1 ($set) must be of type ?array, CodeIgniter\Database\MySQLi\Builder given, called in C:\xampp\htdocs\co\app\Controllers\meeshoController.php on line 214
#0 C:\xampp\htdocs\co\app\Controllers\meeshoController.php(214): CodeIgniter\Database\BaseBuilder->update(Object(CodeIgniter\Database\MySQLi\Builder))
#1 C:\xampp\htdocs\co\system\CodeIgniter.php(832): App\Controllers\MeeshoController->update_category()
#2 C:\xampp\htdocs\co\system\CodeIgniter.php(419): CodeIgniter\CodeIgniter->runController(Object(App\Controllers\MeeshoController))
#3 C:\xampp\htdocs\co\system\CodeIgniter.php(326): CodeIgniter\CodeIgniter->handleRequest(NULL, Object(Config\Cache), false)
#4 C:\xampp\htdocs\co\public\index.php(37): CodeIgniter\CodeIgniter->run()
#5 {main}
CRITICAL - 2022-05-24 08:02:32 --> syntax error, unexpected token ";"
#0 C:\xampp\htdocs\co\system\View\View.php(213): CodeIgniter\View\View->CodeIgniter\View\{closure}()
#1 C:\xampp\htdocs\co\system\Common.php(1089): CodeIgniter\View\View->render('admin/add_produ...', Array, true)
#2 C:\xampp\htdocs\co\app\Controllers\meeshoController.php(45): view('admin/add_produ...', Array)
#3 C:\xampp\htdocs\co\system\CodeIgniter.php(832): App\Controllers\MeeshoController->meeshoadd_product()
#4 C:\xampp\htdocs\co\system\CodeIgniter.php(419): CodeIgniter\CodeIgniter->runController(Object(App\Controllers\MeeshoController))
#5 C:\xampp\htdocs\co\system\CodeIgniter.php(326): CodeIgniter\CodeIgniter->handleRequest(NULL, Object(Config\Cache), false)
#6 C:\xampp\htdocs\co\public\index.php(37): CodeIgniter\CodeIgniter->run()
#7 {main}
CRITICAL - 2022-05-24 08:03:45 --> syntax error, unexpected token ";"
#0 C:\xampp\htdocs\co\system\View\View.php(213): CodeIgniter\View\View->CodeIgniter\View\{closure}()
#1 C:\xampp\htdocs\co\system\Common.php(1089): CodeIgniter\View\View->render('admin/add_produ...', Array, true)
#2 C:\xampp\htdocs\co\app\Controllers\meeshoController.php(45): view('admin/add_produ...', Array)
#3 C:\xampp\htdocs\co\system\CodeIgniter.php(832): App\Controllers\MeeshoController->meeshoadd_product()
#4 C:\xampp\htdocs\co\system\CodeIgniter.php(419): CodeIgniter\CodeIgniter->runController(Object(App\Controllers\MeeshoController))
#5 C:\xampp\htdocs\co\system\CodeIgniter.php(326): CodeIgniter\CodeIgniter->handleRequest(NULL, Object(Config\Cache), false)
#6 C:\xampp\htdocs\co\public\index.php(37): CodeIgniter\CodeIgniter->run()
#7 {main}
CRITICAL - 2022-05-24 08:04:02 --> syntax error, unexpected token ";"
#0 C:\xampp\htdocs\co\system\View\View.php(213): CodeIgniter\View\View->CodeIgniter\View\{closure}()
#1 C:\xampp\htdocs\co\system\Common.php(1089): CodeIgniter\View\View->render('admin/add_produ...', Array, true)
#2 C:\xampp\htdocs\co\app\Controllers\meeshoController.php(45): view('admin/add_produ...', Array)
#3 C:\xampp\htdocs\co\system\CodeIgniter.php(832): App\Controllers\MeeshoController->meeshoadd_product()
#4 C:\xampp\htdocs\co\system\CodeIgniter.php(419): CodeIgniter\CodeIgniter->runController(Object(App\Controllers\MeeshoController))
#5 C:\xampp\htdocs\co\system\CodeIgniter.php(326): CodeIgniter\CodeIgniter->handleRequest(NULL, Object(Config\Cache), false)
#6 C:\xampp\htdocs\co\public\index.php(37): CodeIgniter\CodeIgniter->run()
#7 {main}
CRITICAL - 2022-05-24 08:13:15 --> syntax error, unexpected token "if"
#0 C:\xampp\htdocs\co\system\View\View.php(213): CodeIgniter\View\View->CodeIgniter\View\{closure}()
#1 C:\xampp\htdocs\co\system\Common.php(1089): CodeIgniter\View\View->render('admin/admin_use...', Array, true)
#2 C:\xampp\htdocs\co\app\Controllers\meeshoController.php(90): view('admin/admin_use...')
#3 C:\xampp\htdocs\co\system\CodeIgniter.php(832): App\Controllers\MeeshoController->meeshoadmin_user()
#4 C:\xampp\htdocs\co\system\CodeIgniter.php(419): CodeIgniter\CodeIgniter->runController(Object(App\Controllers\MeeshoController))
#5 C:\xampp\htdocs\co\system\CodeIgniter.php(326): CodeIgniter\CodeIgniter->handleRequest(NULL, Object(Config\Cache), false)
#6 C:\xampp\htdocs\co\public\index.php(37): CodeIgniter\CodeIgniter->run()
#7 {main}
CRITICAL - 2022-05-24 08:13:49 --> Unmatched '}'
#0 C:\xampp\htdocs\co\system\View\View.php(213): CodeIgniter\View\View->CodeIgniter\View\{closure}()
#1 C:\xampp\htdocs\co\system\Common.php(1089): CodeIgniter\View\View->render('admin/admin_use...', Array, true)
#2 C:\xampp\htdocs\co\app\Controllers\meeshoController.php(90): view('admin/admin_use...')
#3 C:\xampp\htdocs\co\system\CodeIgniter.php(832): App\Controllers\MeeshoController->meeshoadmin_user()
#4 C:\xampp\htdocs\co\system\CodeIgniter.php(419): CodeIgniter\CodeIgniter->runController(Object(App\Controllers\MeeshoController))
#5 C:\xampp\htdocs\co\system\CodeIgniter.php(326): CodeIgniter\CodeIgniter->handleRequest(NULL, Object(Config\Cache), false)
#6 C:\xampp\htdocs\co\public\index.php(37): CodeIgniter\CodeIgniter->run()
#7 {main}
CRITICAL - 2022-05-24 08:14:03 --> Unmatched '}'
#0 C:\xampp\htdocs\co\system\View\View.php(213): CodeIgniter\View\View->CodeIgniter\View\{closure}()
#1 C:\xampp\htdocs\co\system\Common.php(1089): CodeIgniter\View\View->render('admin/admin_use...', Array, true)
#2 C:\xampp\htdocs\co\app\Controllers\meeshoController.php(90): view('admin/admin_use...')
#3 C:\xampp\htdocs\co\system\CodeIgniter.php(832): App\Controllers\MeeshoController->meeshoadmin_user()
#4 C:\xampp\htdocs\co\system\CodeIgniter.php(419): CodeIgniter\CodeIgniter->runController(Object(App\Controllers\MeeshoController))
#5 C:\xampp\htdocs\co\system\CodeIgniter.php(326): CodeIgniter\CodeIgniter->handleRequest(NULL, Object(Config\Cache), false)
#6 C:\xampp\htdocs\co\public\index.php(37): CodeIgniter\CodeIgniter->run()
#7 {main}
CRITICAL - 2022-05-24 08:14:16 --> Unmatched '}'
#0 C:\xampp\htdocs\co\system\View\View.php(213): CodeIgniter\View\View->CodeIgniter\View\{closure}()
#1 C:\xampp\htdocs\co\system\Common.php(1089): CodeIgniter\View\View->render('admin/admin_use...', Array, true)
#2 C:\xampp\htdocs\co\app\Controllers\meeshoController.php(90): view('admin/admin_use...')
#3 C:\xampp\htdocs\co\system\CodeIgniter.php(832): App\Controllers\MeeshoController->meeshoadmin_user()
#4 C:\xampp\htdocs\co\system\CodeIgniter.php(419): CodeIgniter\CodeIgniter->runController(Object(App\Controllers\MeeshoController))
#5 C:\xampp\htdocs\co\system\CodeIgniter.php(326): CodeIgniter\CodeIgniter->handleRequest(NULL, Object(Config\Cache), false)
#6 C:\xampp\htdocs\co\public\index.php(37): CodeIgniter\CodeIgniter->run()
#7 {main}
CRITICAL - 2022-05-24 08:14:36 --> Unmatched '}'
#0 C:\xampp\htdocs\co\system\View\View.php(213): CodeIgniter\View\View->CodeIgniter\View\{closure}()
#1 C:\xampp\htdocs\co\system\Common.php(1089): CodeIgniter\View\View->render('admin/admin_use...', Array, true)
#2 C:\xampp\htdocs\co\app\Controllers\meeshoController.php(90): view('admin/admin_use...')
#3 C:\xampp\htdocs\co\system\CodeIgniter.php(832): App\Controllers\MeeshoController->meeshoadmin_user()
#4 C:\xampp\htdocs\co\system\CodeIgniter.php(419): CodeIgniter\CodeIgniter->runController(Object(App\Controllers\MeeshoController))
#5 C:\xampp\htdocs\co\system\CodeIgniter.php(326): CodeIgniter\CodeIgniter->handleRequest(NULL, Object(Config\Cache), false)
#6 C:\xampp\htdocs\co\public\index.php(37): CodeIgniter\CodeIgniter->run()
#7 {main}
CRITICAL - 2022-05-24 08:19:59 --> Undefined variable $mydata
#0 C:\xampp\htdocs\co\app\Views\admin\admin_user.php(17): CodeIgniter\Debug\Exceptions->errorHandler(2, 'Undefined varia...', 'C:\\xampp\\htdocs...', 17)
#1 C:\xampp\htdocs\co\system\View\View.php(210): include('C:\\xampp\\htdocs...')
#2 C:\xampp\htdocs\co\system\View\View.php(213): CodeIgniter\View\View->CodeIgniter\View\{closure}()
#3 C:\xampp\htdocs\co\system\Common.php(1089): CodeIgniter\View\View->render('admin/admin_use...', Array, true)
#4 C:\xampp\htdocs\co\app\Controllers\meeshoController.php(90): view('admin/admin_use...')
#5 C:\xampp\htdocs\co\system\CodeIgniter.php(832): App\Controllers\MeeshoController->meeshoadmin_user()
#6 C:\xampp\htdocs\co\system\CodeIgniter.php(419): CodeIgniter\CodeIgniter->runController(Object(App\Controllers\MeeshoController))
#7 C:\xampp\htdocs\co\system\CodeIgniter.php(326): CodeIgniter\CodeIgniter->handleRequest(NULL, Object(Config\Cache), false)
#8 C:\xampp\htdocs\co\public\index.php(37): CodeIgniter\CodeIgniter->run()
#9 {main}
CRITICAL - 2022-05-24 08:20:21 --> Undefined variable $mydata
#0 C:\xampp\htdocs\co\app\Views\admin\admin_user.php(17): CodeIgniter\Debug\Exceptions->errorHandler(2, 'Undefined varia...', 'C:\\xampp\\htdocs...', 17)
#1 C:\xampp\htdocs\co\system\View\View.php(210): include('C:\\xampp\\htdocs...')
#2 C:\xampp\htdocs\co\system\View\View.php(213): CodeIgniter\View\View->CodeIgniter\View\{closure}()
#3 C:\xampp\htdocs\co\system\Common.php(1089): CodeIgniter\View\View->render('admin/admin_use...', Array, true)
#4 C:\xampp\htdocs\co\app\Controllers\meeshoController.php(90): view('admin/admin_use...')
#5 C:\xampp\htdocs\co\system\CodeIgniter.php(832): App\Controllers\MeeshoController->meeshoadmin_user()
#6 C:\xampp\htdocs\co\system\CodeIgniter.php(419): CodeIgniter\CodeIgniter->runController(Object(App\Controllers\MeeshoController))
#7 C:\xampp\htdocs\co\system\CodeIgniter.php(326): CodeIgniter\CodeIgniter->handleRequest(NULL, Object(Config\Cache), false)
#8 C:\xampp\htdocs\co\public\index.php(37): CodeIgniter\CodeIgniter->run()
#9 {main}
CRITICAL - 2022-05-24 08:21:02 --> Undefined variable $mydata
#0 C:\xampp\htdocs\co\app\Views\admin\admin_user.php(82): CodeIgniter\Debug\Exceptions->errorHandler(2, 'Undefined varia...', 'C:\\xampp\\htdocs...', 82)
#1 C:\xampp\htdocs\co\system\View\View.php(210): include('C:\\xampp\\htdocs...')
#2 C:\xampp\htdocs\co\system\View\View.php(213): CodeIgniter\View\View->CodeIgniter\View\{closure}()
#3 C:\xampp\htdocs\co\system\Common.php(1089): CodeIgniter\View\View->render('admin/admin_use...', Array, true)
#4 C:\xampp\htdocs\co\app\Controllers\meeshoController.php(90): view('admin/admin_use...')
#5 C:\xampp\htdocs\co\system\CodeIgniter.php(832): App\Controllers\MeeshoController->meeshoadmin_user()
#6 C:\xampp\htdocs\co\system\CodeIgniter.php(419): CodeIgniter\CodeIgniter->runController(Object(App\Controllers\MeeshoController))
#7 C:\xampp\htdocs\co\system\CodeIgniter.php(326): CodeIgniter\CodeIgniter->handleRequest(NULL, Object(Config\Cache), false)
#8 C:\xampp\htdocs\co\public\index.php(37): CodeIgniter\CodeIgniter->run()
#9 {main}
CRITICAL - 2022-05-24 08:34:00 --> Undefined variable $mydata
#0 C:\xampp\htdocs\co\app\Views\admin\admin_user.php(18): CodeIgniter\Debug\Exceptions->errorHandler(2, 'Undefined varia...', 'C:\\xampp\\htdocs...', 18)
#1 C:\xampp\htdocs\co\system\View\View.php(210): include('C:\\xampp\\htdocs...')
#2 C:\xampp\htdocs\co\system\View\View.php(213): CodeIgniter\View\View->CodeIgniter\View\{closure}()
#3 C:\xampp\htdocs\co\system\Common.php(1089): CodeIgniter\View\View->render('admin/admin_use...', Array, true)
#4 C:\xampp\htdocs\co\app\Controllers\meeshoController.php(90): view('admin/admin_use...')
#5 C:\xampp\htdocs\co\system\CodeIgniter.php(832): App\Controllers\MeeshoController->meeshoadmin_user()
#6 C:\xampp\htdocs\co\system\CodeIgniter.php(419): CodeIgniter\CodeIgniter->runController(Object(App\Controllers\MeeshoController))
#7 C:\xampp\htdocs\co\system\CodeIgniter.php(326): CodeIgniter\CodeIgniter->handleRequest(NULL, Object(Config\Cache), false)
#8 C:\xampp\htdocs\co\public\index.php(37): CodeIgniter\CodeIgniter->run()
#9 {main}
CRITICAL - 2022-05-24 08:34:24 --> Undefined variable $mydata
#0 C:\xampp\htdocs\co\app\Views\admin\admin_user.php(18): CodeIgniter\Debug\Exceptions->errorHandler(2, 'Undefined varia...', 'C:\\xampp\\htdocs...', 18)
#1 C:\xampp\htdocs\co\system\View\View.php(210): include('C:\\xampp\\htdocs...')
#2 C:\xampp\htdocs\co\system\View\View.php(213): CodeIgniter\View\View->CodeIgniter\View\{closure}()
#3 C:\xampp\htdocs\co\system\Common.php(1089): CodeIgniter\View\View->render('admin/admin_use...', Array, true)
#4 C:\xampp\htdocs\co\app\Controllers\meeshoController.php(90): view('admin/admin_use...')
#5 C:\xampp\htdocs\co\system\CodeIgniter.php(832): App\Controllers\MeeshoController->meeshoadmin_user()
#6 C:\xampp\htdocs\co\system\CodeIgniter.php(419): CodeIgniter\CodeIgniter->runController(Object(App\Controllers\MeeshoController))
#7 C:\xampp\htdocs\co\system\CodeIgniter.php(326): CodeIgniter\CodeIgniter->handleRequest(NULL, Object(Config\Cache), false)
#8 C:\xampp\htdocs\co\public\index.php(37): CodeIgniter\CodeIgniter->run()
#9 {main}
CRITICAL - 2022-05-24 10:40:24 --> Cannot use [] for reading
#0 [internal function]: CodeIgniter\Debug\Exceptions->shutdownHandler()
#1 {main}
CRITICAL - 2022-05-24 10:40:35 --> Undefined variable $data
#0 C:\xampp\htdocs\co\app\Views\admin\add_product.php(19): CodeIgniter\Debug\Exceptions->errorHandler(2, 'Undefined varia...', 'C:\\xampp\\htdocs...', 19)
#1 C:\xampp\htdocs\co\system\View\View.php(210): include('C:\\xampp\\htdocs...')
#2 C:\xampp\htdocs\co\system\View\View.php(213): CodeIgniter\View\View->CodeIgniter\View\{closure}()
#3 C:\xampp\htdocs\co\system\Common.php(1089): CodeIgniter\View\View->render('admin/add_produ...', Array, true)
#4 C:\xampp\htdocs\co\app\Controllers\meeshoController.php(45): view('admin/add_produ...', Array)
#5 C:\xampp\htdocs\co\system\CodeIgniter.php(832): App\Controllers\MeeshoController->meeshoadd_product()
#6 C:\xampp\htdocs\co\system\CodeIgniter.php(419): CodeIgniter\CodeIgniter->runController(Object(App\Controllers\MeeshoController))
#7 C:\xampp\htdocs\co\system\CodeIgniter.php(326): CodeIgniter\CodeIgniter->handleRequest(NULL, Object(Config\Cache), false)
#8 C:\xampp\htdocs\co\public\index.php(37): CodeIgniter\CodeIgniter->run()
#9 {main}
CRITICAL - 2022-05-24 10:49:50 --> syntax error, unexpected token ")", expecting variable
#0 C:\xampp\htdocs\co\system\Autoloader\Autoloader.php(241): CodeIgniter\Autoloader\Autoloader->includeFile('C:\\xampp\\htdocs...')
#1 C:\xampp\htdocs\co\system\Autoloader\Autoloader.php(219): CodeIgniter\Autoloader\Autoloader->loadInNamespace('App\\Controllers...')
#2 [internal function]: CodeIgniter\Autoloader\Autoloader->loadClass('App\\Controllers...')
#3 C:\xampp\htdocs\co\system\CodeIgniter.php(797): class_exists('\\App\\Controller...', true)
#4 C:\xampp\htdocs\co\system\CodeIgniter.php(406): CodeIgniter\CodeIgniter->startController()
#5 C:\xampp\htdocs\co\system\CodeIgniter.php(326): CodeIgniter\CodeIgniter->handleRequest(NULL, Object(Config\Cache), false)
#6 C:\xampp\htdocs\co\public\index.php(37): CodeIgniter\CodeIgniter->run()
#7 {main}
CRITICAL - 2022-05-24 10:50:12 --> syntax error, unexpected token ")", expecting variable
#0 C:\xampp\htdocs\co\system\Autoloader\Autoloader.php(241): CodeIgniter\Autoloader\Autoloader->includeFile('C:\\xampp\\htdocs...')
#1 C:\xampp\htdocs\co\system\Autoloader\Autoloader.php(219): CodeIgniter\Autoloader\Autoloader->loadInNamespace('App\\Controllers...')
#2 [internal function]: CodeIgniter\Autoloader\Autoloader->loadClass('App\\Controllers...')
#3 C:\xampp\htdocs\co\system\CodeIgniter.php(797): class_exists('\\App\\Controller...', true)
#4 C:\xampp\htdocs\co\system\CodeIgniter.php(406): CodeIgniter\CodeIgniter->startController()
#5 C:\xampp\htdocs\co\system\CodeIgniter.php(326): CodeIgniter\CodeIgniter->handleRequest(NULL, Object(Config\Cache), false)
#6 C:\xampp\htdocs\co\public\index.php(37): CodeIgniter\CodeIgniter->run()
#7 {main}
CRITICAL - 2022-05-24 10:50:54 --> syntax error, unexpected token "=>", expecting ")"
#0 C:\xampp\htdocs\co\system\Autoloader\Autoloader.php(241): CodeIgniter\Autoloader\Autoloader->includeFile('C:\\xampp\\htdocs...')
#1 C:\xampp\htdocs\co\system\Autoloader\Autoloader.php(219): CodeIgniter\Autoloader\Autoloader->loadInNamespace('App\\Controllers...')
#2 [internal function]: CodeIgniter\Autoloader\Autoloader->loadClass('App\\Controllers...')
#3 C:\xampp\htdocs\co\system\CodeIgniter.php(797): class_exists('\\App\\Controller...', true)
#4 C:\xampp\htdocs\co\system\CodeIgniter.php(406): CodeIgniter\CodeIgniter->startController()
#5 C:\xampp\htdocs\co\system\CodeIgniter.php(326): CodeIgniter\CodeIgniter->handleRequest(NULL, Object(Config\Cache), false)
#6 C:\xampp\htdocs\co\public\index.php(37): CodeIgniter\CodeIgniter->run()
#7 {main}
CRITICAL - 2022-05-24 10:51:06 --> syntax error, unexpected integer "2", expecting identifier or variable or "{" or "$"
#0 C:\xampp\htdocs\co\system\Autoloader\Autoloader.php(241): CodeIgniter\Autoloader\Autoloader->includeFile('C:\\xampp\\htdocs...')
#1 C:\xampp\htdocs\co\system\Autoloader\Autoloader.php(219): CodeIgniter\Autoloader\Autoloader->loadInNamespace('App\\Controllers...')
#2 [internal function]: CodeIgniter\Autoloader\Autoloader->loadClass('App\\Controllers...')
#3 C:\xampp\htdocs\co\system\CodeIgniter.php(797): class_exists('\\App\\Controller...', true)
#4 C:\xampp\htdocs\co\system\CodeIgniter.php(406): CodeIgniter\CodeIgniter->startController()
#5 C:\xampp\htdocs\co\system\CodeIgniter.php(326): CodeIgniter\CodeIgniter->handleRequest(NULL, Object(Config\Cache), false)
#6 C:\xampp\htdocs\co\public\index.php(37): CodeIgniter\CodeIgniter->run()
#7 {main}
CRITICAL - 2022-05-24 10:51:41 --> syntax error, unexpected token ")", expecting variable
#0 C:\xampp\htdocs\co\system\Autoloader\Autoloader.php(241): CodeIgniter\Autoloader\Autoloader->includeFile('C:\\xampp\\htdocs...')
#1 C:\xampp\htdocs\co\system\Autoloader\Autoloader.php(219): CodeIgniter\Autoloader\Autoloader->loadInNamespace('App\\Controllers...')
#2 [internal function]: CodeIgniter\Autoloader\Autoloader->loadClass('App\\Controllers...')
#3 C:\xampp\htdocs\co\system\CodeIgniter.php(797): class_exists('\\App\\Controller...', true)
#4 C:\xampp\htdocs\co\system\CodeIgniter.php(406): CodeIgniter\CodeIgniter->startController()
#5 C:\xampp\htdocs\co\system\CodeIgniter.php(326): CodeIgniter\CodeIgniter->handleRequest(NULL, Object(Config\Cache), false)
#6 C:\xampp\htdocs\co\public\index.php(37): CodeIgniter\CodeIgniter->run()
#7 {main}
CRITICAL - 2022-05-24 10:51:46 --> syntax error, unexpected token ")", expecting variable
#0 C:\xampp\htdocs\co\system\Autoloader\Autoloader.php(241): CodeIgniter\Autoloader\Autoloader->includeFile('C:\\xampp\\htdocs...')
#1 C:\xampp\htdocs\co\system\Autoloader\Autoloader.php(219): CodeIgniter\Autoloader\Autoloader->loadInNamespace('App\\Controllers...')
#2 [internal function]: CodeIgniter\Autoloader\Autoloader->loadClass('App\\Controllers...')
#3 C:\xampp\htdocs\co\system\CodeIgniter.php(797): class_exists('\\App\\Controller...', true)
#4 C:\xampp\htdocs\co\system\CodeIgniter.php(406): CodeIgniter\CodeIgniter->startController()
#5 C:\xampp\htdocs\co\system\CodeIgniter.php(326): CodeIgniter\CodeIgniter->handleRequest(NULL, Object(Config\Cache), false)
#6 C:\xampp\htdocs\co\public\index.php(37): CodeIgniter\CodeIgniter->run()
#7 {main}
CRITICAL - 2022-05-24 10:56:06 --> syntax error, unexpected token ")", expecting variable
#0 C:\xampp\htdocs\co\system\Autoloader\Autoloader.php(241): CodeIgniter\Autoloader\Autoloader->includeFile('C:\\xampp\\htdocs...')
#1 C:\xampp\htdocs\co\system\Autoloader\Autoloader.php(219): CodeIgniter\Autoloader\Autoloader->loadInNamespace('App\\Controllers...')
#2 [internal function]: CodeIgniter\Autoloader\Autoloader->loadClass('App\\Controllers...')
#3 C:\xampp\htdocs\co\system\CodeIgniter.php(797): class_exists('\\App\\Controller...', true)
#4 C:\xampp\htdocs\co\system\CodeIgniter.php(406): CodeIgniter\CodeIgniter->startController()
#5 C:\xampp\htdocs\co\system\CodeIgniter.php(326): CodeIgniter\CodeIgniter->handleRequest(NULL, Object(Config\Cache), false)
#6 C:\xampp\htdocs\co\public\index.php(37): CodeIgniter\CodeIgniter->run()
#7 {main}
CRITICAL - 2022-05-24 10:56:18 --> Too few arguments to function CodeIgniter\Database\BaseBuilder::where(), 0 passed in C:\xampp\htdocs\co\app\Controllers\meeshoController.php on line 41 and at least 1 expected
#0 C:\xampp\htdocs\co\app\Controllers\meeshoController.php(41): CodeIgniter\Database\BaseBuilder->where()
#1 C:\xampp\htdocs\co\system\CodeIgniter.php(832): App\Controllers\MeeshoController->meeshoadd_product('1')
#2 C:\xampp\htdocs\co\system\CodeIgniter.php(419): CodeIgniter\CodeIgniter->runController(Object(App\Controllers\MeeshoController))
#3 C:\xampp\htdocs\co\system\CodeIgniter.php(326): CodeIgniter\CodeIgniter->handleRequest(NULL, Object(Config\Cache), false)
#4 C:\xampp\htdocs\co\public\index.php(37): CodeIgniter\CodeIgniter->run()
#5 {main}
CRITICAL - 2022-05-24 10:56:42 --> syntax error, unexpected identifier "id", expecting variable
#0 C:\xampp\htdocs\co\system\Autoloader\Autoloader.php(241): CodeIgniter\Autoloader\Autoloader->includeFile('C:\\xampp\\htdocs...')
#1 C:\xampp\htdocs\co\system\Autoloader\Autoloader.php(219): CodeIgniter\Autoloader\Autoloader->loadInNamespace('App\\Controllers...')
#2 [internal function]: CodeIgniter\Autoloader\Autoloader->loadClass('App\\Controllers...')
#3 C:\xampp\htdocs\co\system\CodeIgniter.php(797): class_exists('\\App\\Controller...', true)
#4 C:\xampp\htdocs\co\system\CodeIgniter.php(406): CodeIgniter\CodeIgniter->startController()
#5 C:\xampp\htdocs\co\system\CodeIgniter.php(326): CodeIgniter\CodeIgniter->handleRequest(NULL, Object(Config\Cache), false)
#6 C:\xampp\htdocs\co\public\index.php(37): CodeIgniter\CodeIgniter->run()
#7 {main}
CRITICAL - 2022-05-24 10:57:03 --> Too few arguments to function CodeIgniter\Database\BaseBuilder::where(), 0 passed in C:\xampp\htdocs\co\app\Controllers\meeshoController.php on line 41 and at least 1 expected
#0 C:\xampp\htdocs\co\app\Controllers\meeshoController.php(41): CodeIgniter\Database\BaseBuilder->where()
#1 C:\xampp\htdocs\co\system\CodeIgniter.php(832): App\Controllers\MeeshoController->meeshoadd_product('1')
#2 C:\xampp\htdocs\co\system\CodeIgniter.php(419): CodeIgniter\CodeIgniter->runController(Object(App\Controllers\MeeshoController))
#3 C:\xampp\htdocs\co\system\CodeIgniter.php(326): CodeIgniter\CodeIgniter->handleRequest(NULL, Object(Config\Cache), false)
#4 C:\xampp\htdocs\co\public\index.php(37): CodeIgniter\CodeIgniter->run()
#5 {main}
CRITICAL - 2022-05-24 10:57:41 --> Too few arguments to function CodeIgniter\Database\BaseBuilder::where(), 0 passed in C:\xampp\htdocs\co\app\Controllers\meeshoController.php on line 41 and at least 1 expected
#0 C:\xampp\htdocs\co\app\Controllers\meeshoController.php(41): CodeIgniter\Database\BaseBuilder->where()
#1 C:\xampp\htdocs\co\system\CodeIgniter.php(832): App\Controllers\MeeshoController->meeshoadd_product('1')
#2 C:\xampp\htdocs\co\system\CodeIgniter.php(419): CodeIgniter\CodeIgniter->runController(Object(App\Controllers\MeeshoController))
#3 C:\xampp\htdocs\co\system\CodeIgniter.php(326): CodeIgniter\CodeIgniter->handleRequest(NULL, Object(Config\Cache), false)
#4 C:\xampp\htdocs\co\public\index.php(37): CodeIgniter\CodeIgniter->run()
#5 {main}
CRITICAL - 2022-05-24 10:58:56 --> Too few arguments to function CodeIgniter\Database\BaseBuilder::where(), 0 passed in C:\xampp\htdocs\co\app\Controllers\meeshoController.php on line 41 and at least 1 expected
#0 C:\xampp\htdocs\co\app\Controllers\meeshoController.php(41): CodeIgniter\Database\BaseBuilder->where()
#1 C:\xampp\htdocs\co\system\CodeIgniter.php(832): App\Controllers\MeeshoController->meeshoadd_product('1')
#2 C:\xampp\htdocs\co\system\CodeIgniter.php(419): CodeIgniter\CodeIgniter->runController(Object(App\Controllers\MeeshoController))
#3 C:\xampp\htdocs\co\system\CodeIgniter.php(326): CodeIgniter\CodeIgniter->handleRequest(NULL, Object(Config\Cache), false)
#4 C:\xampp\htdocs\co\public\index.php(37): CodeIgniter\CodeIgniter->run()
#5 {main}
CRITICAL - 2022-05-24 10:59:12 --> Too few arguments to function CodeIgniter\Database\BaseBuilder::where(), 0 passed in C:\xampp\htdocs\co\app\Controllers\meeshoController.php on line 41 and at least 1 expected
#0 C:\xampp\htdocs\co\app\Controllers\meeshoController.php(41): CodeIgniter\Database\BaseBuilder->where()
#1 C:\xampp\htdocs\co\system\CodeIgniter.php(832): App\Controllers\MeeshoController->meeshoadd_product(1)
#2 C:\xampp\htdocs\co\system\CodeIgniter.php(419): CodeIgniter\CodeIgniter->runController(Object(App\Controllers\MeeshoController))
#3 C:\xampp\htdocs\co\system\CodeIgniter.php(326): CodeIgniter\CodeIgniter->handleRequest(NULL, Object(Config\Cache), false)
#4 C:\xampp\htdocs\co\public\index.php(37): CodeIgniter\CodeIgniter->run()
#5 {main}
CRITICAL - 2022-05-24 10:59:22 --> syntax error, unexpected token "?", expecting variable
#0 C:\xampp\htdocs\co\system\Autoloader\Autoloader.php(241): CodeIgniter\Autoloader\Autoloader->includeFile('C:\\xampp\\htdocs...')
#1 C:\xampp\htdocs\co\system\Autoloader\Autoloader.php(219): CodeIgniter\Autoloader\Autoloader->loadInNamespace('App\\Controllers...')
#2 [internal function]: CodeIgniter\Autoloader\Autoloader->loadClass('App\\Controllers...')
#3 C:\xampp\htdocs\co\system\CodeIgniter.php(797): class_exists('\\App\\Controller...', true)
#4 C:\xampp\htdocs\co\system\CodeIgniter.php(406): CodeIgniter\CodeIgniter->startController()
#5 C:\xampp\htdocs\co\system\CodeIgniter.php(326): CodeIgniter\CodeIgniter->handleRequest(NULL, Object(Config\Cache), false)
#6 C:\xampp\htdocs\co\public\index.php(37): CodeIgniter\CodeIgniter->run()
#7 {main}
CRITICAL - 2022-05-24 10:59:52 --> Too few arguments to function view(), 0 passed in C:\xampp\htdocs\co\app\Controllers\meeshoController.php on line 44 and at least 1 expected
#0 C:\xampp\htdocs\co\app\Controllers\meeshoController.php(44): view()
#1 C:\xampp\htdocs\co\system\CodeIgniter.php(832): App\Controllers\MeeshoController->meeshoadd_product(1)
#2 C:\xampp\htdocs\co\system\CodeIgniter.php(419): CodeIgniter\CodeIgniter->runController(Object(App\Controllers\MeeshoController))
#3 C:\xampp\htdocs\co\system\CodeIgniter.php(326): CodeIgniter\CodeIgniter->handleRequest(NULL, Object(Config\Cache), false)
#4 C:\xampp\htdocs\co\public\index.php(37): CodeIgniter\CodeIgniter->run()
#5 {main}
CRITICAL - 2022-05-24 11:00:10 --> Undefined variable $mydata
#0 C:\xampp\htdocs\co\app\Views\admin\add_product.php(19): CodeIgniter\Debug\Exceptions->errorHandler(2, 'Undefined varia...', 'C:\\xampp\\htdocs...', 19)
#1 C:\xampp\htdocs\co\system\View\View.php(210): include('C:\\xampp\\htdocs...')
#2 C:\xampp\htdocs\co\system\View\View.php(213): CodeIgniter\View\View->CodeIgniter\View\{closure}()
#3 C:\xampp\htdocs\co\system\Common.php(1089): CodeIgniter\View\View->render('admin/add_produ...', Array, true)
#4 C:\xampp\htdocs\co\app\Controllers\meeshoController.php(44): view('admin/add_produ...')
#5 C:\xampp\htdocs\co\system\CodeIgniter.php(832): App\Controllers\MeeshoController->meeshoadd_product(1)
#6 C:\xampp\htdocs\co\system\CodeIgniter.php(419): CodeIgniter\CodeIgniter->runController(Object(App\Controllers\MeeshoController))
#7 C:\xampp\htdocs\co\system\CodeIgniter.php(326): CodeIgniter\CodeIgniter->handleRequest(NULL, Object(Config\Cache), false)
#8 C:\xampp\htdocs\co\public\index.php(37): CodeIgniter\CodeIgniter->run()
#9 {main}
CRITICAL - 2022-05-24 11:00:39 --> Too few arguments to function CodeIgniter\Database\BaseBuilder::where(), 0 passed in C:\xampp\htdocs\co\app\Controllers\meeshoController.php on line 41 and at least 1 expected
#0 C:\xampp\htdocs\co\app\Controllers\meeshoController.php(41): CodeIgniter\Database\BaseBuilder->where()
#1 C:\xampp\htdocs\co\system\CodeIgniter.php(832): App\Controllers\MeeshoController->meeshoadd_product(1)
#2 C:\xampp\htdocs\co\system\CodeIgniter.php(419): CodeIgniter\CodeIgniter->runController(Object(App\Controllers\MeeshoController))
#3 C:\xampp\htdocs\co\system\CodeIgniter.php(326): CodeIgniter\CodeIgniter->handleRequest(NULL, Object(Config\Cache), false)
#4 C:\xampp\htdocs\co\public\index.php(37): CodeIgniter\CodeIgniter->run()
#5 {main}
CRITICAL - 2022-05-24 11:01:03 --> Too few arguments to function CodeIgniter\Database\BaseBuilder::where(), 0 passed in C:\xampp\htdocs\co\app\Controllers\meeshoController.php on line 41 and at least 1 expected
#0 C:\xampp\htdocs\co\app\Controllers\meeshoController.php(41): CodeIgniter\Database\BaseBuilder->where()
#1 C:\xampp\htdocs\co\system\CodeIgniter.php(832): App\Controllers\MeeshoController->meeshoadd_product(1)
#2 C:\xampp\htdocs\co\system\CodeIgniter.php(419): CodeIgniter\CodeIgniter->runController(Object(App\Controllers\MeeshoController))
#3 C:\xampp\htdocs\co\system\CodeIgniter.php(326): CodeIgniter\CodeIgniter->handleRequest(NULL, Object(Config\Cache), false)
#4 C:\xampp\htdocs\co\public\index.php(37): CodeIgniter\CodeIgniter->run()
#5 {main}
CRITICAL - 2022-05-24 11:01:05 --> Too few arguments to function CodeIgniter\Database\BaseBuilder::where(), 0 passed in C:\xampp\htdocs\co\app\Controllers\meeshoController.php on line 41 and at least 1 expected
#0 C:\xampp\htdocs\co\app\Controllers\meeshoController.php(41): CodeIgniter\Database\BaseBuilder->where()
#1 C:\xampp\htdocs\co\system\CodeIgniter.php(832): App\Controllers\MeeshoController->meeshoadd_product(1)
#2 C:\xampp\htdocs\co\system\CodeIgniter.php(419): CodeIgniter\CodeIgniter->runController(Object(App\Controllers\MeeshoController))
#3 C:\xampp\htdocs\co\system\CodeIgniter.php(326): CodeIgniter\CodeIgniter->handleRequest(NULL, Object(Config\Cache), false)
#4 C:\xampp\htdocs\co\public\index.php(37): CodeIgniter\CodeIgniter->run()
#5 {main}
CRITICAL - 2022-05-24 11:01:25 --> Call to undefined method CodeIgniter\Database\MySQLi\Builder::getResultArray()
#0 C:\xampp\htdocs\co\system\CodeIgniter.php(832): App\Controllers\MeeshoController->meeshoadd_product(1)
#1 C:\xampp\htdocs\co\system\CodeIgniter.php(419): CodeIgniter\CodeIgniter->runController(Object(App\Controllers\MeeshoController))
#2 C:\xampp\htdocs\co\system\CodeIgniter.php(326): CodeIgniter\CodeIgniter->handleRequest(NULL, Object(Config\Cache), false)
#3 C:\xampp\htdocs\co\public\index.php(37): CodeIgniter\CodeIgniter->run()
#4 {main}
CRITICAL - 2022-05-24 11:04:19 --> Undefined variable $mydata
#0 C:\xampp\htdocs\co\app\Views\admin\add_product.php(19): CodeIgniter\Debug\Exceptions->errorHandler(2, 'Undefined varia...', 'C:\\xampp\\htdocs...', 19)
#1 C:\xampp\htdocs\co\system\View\View.php(210): include('C:\\xampp\\htdocs...')
#2 C:\xampp\htdocs\co\system\View\View.php(213): CodeIgniter\View\View->CodeIgniter\View\{closure}()
#3 C:\xampp\htdocs\co\system\Common.php(1089): CodeIgniter\View\View->render('admin/add_produ...', Array, true)
#4 C:\xampp\htdocs\co\app\Controllers\meeshoController.php(48): view('admin/add_produ...')
#5 C:\xampp\htdocs\co\system\CodeIgniter.php(832): App\Controllers\MeeshoController->pr()
#6 C:\xampp\htdocs\co\system\CodeIgniter.php(419): CodeIgniter\CodeIgniter->runController(Object(App\Controllers\MeeshoController))
#7 C:\xampp\htdocs\co\system\CodeIgniter.php(326): CodeIgniter\CodeIgniter->handleRequest(NULL, Object(Config\Cache), false)
#8 C:\xampp\htdocs\co\public\index.php(37): CodeIgniter\CodeIgniter->run()
#9 {main}
CRITICAL - 2022-05-24 11:05:02 --> Undefined variable $mydata
#0 C:\xampp\htdocs\co\app\Views\admin\add_product.php(19): CodeIgniter\Debug\Exceptions->errorHandler(2, 'Undefined varia...', 'C:\\xampp\\htdocs...', 19)
#1 C:\xampp\htdocs\co\system\View\View.php(210): include('C:\\xampp\\htdocs...')
#2 C:\xampp\htdocs\co\system\View\View.php(213): CodeIgniter\View\View->CodeIgniter\View\{closure}()
#3 C:\xampp\htdocs\co\system\Common.php(1089): CodeIgniter\View\View->render('admin/add_produ...', Array, true)
#4 C:\xampp\htdocs\co\app\Controllers\meeshoController.php(48): view('admin/add_produ...')
#5 C:\xampp\htdocs\co\system\CodeIgniter.php(832): App\Controllers\MeeshoController->pr()
#6 C:\xampp\htdocs\co\system\CodeIgniter.php(419): CodeIgniter\CodeIgniter->runController(Object(App\Controllers\MeeshoController))
#7 C:\xampp\htdocs\co\system\CodeIgniter.php(326): CodeIgniter\CodeIgniter->handleRequest(NULL, Object(Config\Cache), false)
#8 C:\xampp\htdocs\co\public\index.php(37): CodeIgniter\CodeIgniter->run()
#9 {main}
CRITICAL - 2022-05-24 11:06:58 --> Undefined variable $mydata
#0 C:\xampp\htdocs\co\app\Views\admin\add_product.php(19): CodeIgniter\Debug\Exceptions->errorHandler(2, 'Undefined varia...', 'C:\\xampp\\htdocs...', 19)
#1 C:\xampp\htdocs\co\system\View\View.php(210): include('C:\\xampp\\htdocs...')
#2 C:\xampp\htdocs\co\system\View\View.php(213): CodeIgniter\View\View->CodeIgniter\View\{closure}()
#3 C:\xampp\htdocs\co\system\Common.php(1089): CodeIgniter\View\View->render('admin/add_produ...', Array, true)
#4 C:\xampp\htdocs\co\app\Controllers\meeshoController.php(48): view('admin/add_produ...')
#5 C:\xampp\htdocs\co\system\CodeIgniter.php(832): App\Controllers\MeeshoController->pr()
#6 C:\xampp\htdocs\co\system\CodeIgniter.php(419): CodeIgniter\CodeIgniter->runController(Object(App\Controllers\MeeshoController))
#7 C:\xampp\htdocs\co\system\CodeIgniter.php(326): CodeIgniter\CodeIgniter->handleRequest(NULL, Object(Config\Cache), false)
#8 C:\xampp\htdocs\co\public\index.php(37): CodeIgniter\CodeIgniter->run()
#9 {main}
