CRITICAL - 2022-05-19 06:21:20 --> syntax error, unexpected 'while' (T_WHILE)
#0 C:\xampp\htdocs\co\system\View\View.php(213): CodeIgniter\View\View->CodeIgniter\View\{closure}()
#1 C:\xampp\htdocs\co\system\Common.php(1089): CodeIgniter\View\View->render('admin/product_l...', Array, true)
#2 C:\xampp\htdocs\co\app\Controllers\meeshoController.php(49): view('admin/product_l...', Array)
#3 C:\xampp\htdocs\co\system\CodeIgniter.php(832): App\Controllers\MeeshoController->product_list()
#4 C:\xampp\htdocs\co\system\CodeIgniter.php(419): CodeIgniter\CodeIgniter->runController(Object(App\Controllers\MeeshoController))
#5 C:\xampp\htdocs\co\system\CodeIgniter.php(326): CodeIgniter\CodeIgniter->handleRequest(NULL, Object(Config\Cache), false)
#6 C:\xampp\htdocs\co\public\index.php(37): CodeIgniter\CodeIgniter->run()
#7 {main}
CRITICAL - 2022-05-19 06:21:56 --> syntax error, unexpected 'while' (T_WHILE)
#0 C:\xampp\htdocs\co\system\View\View.php(213): CodeIgniter\View\View->CodeIgniter\View\{closure}()
#1 C:\xampp\htdocs\co\system\Common.php(1089): CodeIgniter\View\View->render('admin/product_l...', Array, true)
#2 C:\xampp\htdocs\co\app\Controllers\meeshoController.php(49): view('admin/product_l...', Array)
#3 C:\xampp\htdocs\co\system\CodeIgniter.php(832): App\Controllers\MeeshoController->product_list()
#4 C:\xampp\htdocs\co\system\CodeIgniter.php(419): CodeIgniter\CodeIgniter->runController(Object(App\Controllers\MeeshoController))
#5 C:\xampp\htdocs\co\system\CodeIgniter.php(326): CodeIgniter\CodeIgniter->handleRequest(NULL, Object(Config\Cache), false)
#6 C:\xampp\htdocs\co\public\index.php(37): CodeIgniter\CodeIgniter->run()
#7 {main}
CRITICAL - 2022-05-19 06:25:35 --> Illegal string offset 'Id'
#0 C:\xampp\htdocs\co\app\Views\admin\product_list.php(71): CodeIgniter\Debug\Exceptions->errorHandler(2, 'Illegal string ...', 'C:\\xampp\\htdocs...', 71, Array)
#1 C:\xampp\htdocs\co\system\View\View.php(210): include('C:\\xampp\\htdocs...')
#2 C:\xampp\htdocs\co\system\View\View.php(213): CodeIgniter\View\View->CodeIgniter\View\{closure}()
#3 C:\xampp\htdocs\co\system\Common.php(1089): CodeIgniter\View\View->render('admin/product_l...', Array, true)
#4 C:\xampp\htdocs\co\app\Controllers\meeshoController.php(49): view('admin/product_l...', Array)
#5 C:\xampp\htdocs\co\system\CodeIgniter.php(832): App\Controllers\MeeshoController->product_list()
#6 C:\xampp\htdocs\co\system\CodeIgniter.php(419): CodeIgniter\CodeIgniter->runController(Object(App\Controllers\MeeshoController))
#7 C:\xampp\htdocs\co\system\CodeIgniter.php(326): CodeIgniter\CodeIgniter->handleRequest(NULL, Object(Config\Cache), false)
#8 C:\xampp\htdocs\co\public\index.php(37): CodeIgniter\CodeIgniter->run()
#9 {main}
CRITICAL - 2022-05-19 06:26:01 --> Illegal string offset 'Title'
#0 C:\xampp\htdocs\co\app\Views\admin\product_list.php(71): CodeIgniter\Debug\Exceptions->errorHandler(2, 'Illegal string ...', 'C:\\xampp\\htdocs...', 71, Array)
#1 C:\xampp\htdocs\co\system\View\View.php(210): include('C:\\xampp\\htdocs...')
#2 C:\xampp\htdocs\co\system\View\View.php(213): CodeIgniter\View\View->CodeIgniter\View\{closure}()
#3 C:\xampp\htdocs\co\system\Common.php(1089): CodeIgniter\View\View->render('admin/product_l...', Array, true)
#4 C:\xampp\htdocs\co\app\Controllers\meeshoController.php(49): view('admin/product_l...', Array)
#5 C:\xampp\htdocs\co\system\CodeIgniter.php(832): App\Controllers\MeeshoController->product_list()
#6 C:\xampp\htdocs\co\system\CodeIgniter.php(419): CodeIgniter\CodeIgniter->runController(Object(App\Controllers\MeeshoController))
#7 C:\xampp\htdocs\co\system\CodeIgniter.php(326): CodeIgniter\CodeIgniter->handleRequest(NULL, Object(Config\Cache), false)
#8 C:\xampp\htdocs\co\public\index.php(37): CodeIgniter\CodeIgniter->run()
#9 {main}
CRITICAL - 2022-05-19 06:27:55 --> Illegal string offset 'Title'
#0 C:\xampp\htdocs\co\app\Views\admin\product_list.php(72): CodeIgniter\Debug\Exceptions->errorHandler(2, 'Illegal string ...', 'C:\\xampp\\htdocs...', 72, Array)
#1 C:\xampp\htdocs\co\system\View\View.php(210): include('C:\\xampp\\htdocs...')
#2 C:\xampp\htdocs\co\system\View\View.php(213): CodeIgniter\View\View->CodeIgniter\View\{closure}()
#3 C:\xampp\htdocs\co\system\Common.php(1089): CodeIgniter\View\View->render('admin/product_l...', Array, true)
#4 C:\xampp\htdocs\co\app\Controllers\meeshoController.php(49): view('admin/product_l...', Array)
#5 C:\xampp\htdocs\co\system\CodeIgniter.php(832): App\Controllers\MeeshoController->product_list()
#6 C:\xampp\htdocs\co\system\CodeIgniter.php(419): CodeIgniter\CodeIgniter->runController(Object(App\Controllers\MeeshoController))
#7 C:\xampp\htdocs\co\system\CodeIgniter.php(326): CodeIgniter\CodeIgniter->handleRequest(NULL, Object(Config\Cache), false)
#8 C:\xampp\htdocs\co\public\index.php(37): CodeIgniter\CodeIgniter->run()
#9 {main}
CRITICAL - 2022-05-19 06:28:15 --> syntax error, unexpected '[', expecting identifier (T_STRING) or variable (T_VARIABLE) or '{' or '$'
#0 C:\xampp\htdocs\co\system\View\View.php(213): CodeIgniter\View\View->CodeIgniter\View\{closure}()
#1 C:\xampp\htdocs\co\system\Common.php(1089): CodeIgniter\View\View->render('admin/product_l...', Array, true)
#2 C:\xampp\htdocs\co\app\Controllers\meeshoController.php(49): view('admin/product_l...', Array)
#3 C:\xampp\htdocs\co\system\CodeIgniter.php(832): App\Controllers\MeeshoController->product_list()
#4 C:\xampp\htdocs\co\system\CodeIgniter.php(419): CodeIgniter\CodeIgniter->runController(Object(App\Controllers\MeeshoController))
#5 C:\xampp\htdocs\co\system\CodeIgniter.php(326): CodeIgniter\CodeIgniter->handleRequest(NULL, Object(Config\Cache), false)
#6 C:\xampp\htdocs\co\public\index.php(37): CodeIgniter\CodeIgniter->run()
#7 {main}
CRITICAL - 2022-05-19 06:30:31 --> Illegal string offset 'Id'
#0 C:\xampp\htdocs\co\app\Views\admin\product_list.php(72): CodeIgniter\Debug\Exceptions->errorHandler(2, 'Illegal string ...', 'C:\\xampp\\htdocs...', 72, Array)
#1 C:\xampp\htdocs\co\system\View\View.php(210): include('C:\\xampp\\htdocs...')
#2 C:\xampp\htdocs\co\system\View\View.php(213): CodeIgniter\View\View->CodeIgniter\View\{closure}()
#3 C:\xampp\htdocs\co\system\Common.php(1089): CodeIgniter\View\View->render('admin/product_l...', Array, true)
#4 C:\xampp\htdocs\co\app\Controllers\meeshoController.php(49): view('admin/product_l...', Array)
#5 C:\xampp\htdocs\co\system\CodeIgniter.php(832): App\Controllers\MeeshoController->product_list()
#6 C:\xampp\htdocs\co\system\CodeIgniter.php(419): CodeIgniter\CodeIgniter->runController(Object(App\Controllers\MeeshoController))
#7 C:\xampp\htdocs\co\system\CodeIgniter.php(326): CodeIgniter\CodeIgniter->handleRequest(NULL, Object(Config\Cache), false)
#8 C:\xampp\htdocs\co\public\index.php(37): CodeIgniter\CodeIgniter->run()
#9 {main}
CRITICAL - 2022-05-19 06:31:17 --> Illegal string offset 'Id'
#0 C:\xampp\htdocs\co\app\Views\admin\product_list.php(72): CodeIgniter\Debug\Exceptions->errorHandler(2, 'Illegal string ...', 'C:\\xampp\\htdocs...', 72, Array)
#1 C:\xampp\htdocs\co\system\View\View.php(210): include('C:\\xampp\\htdocs...')
#2 C:\xampp\htdocs\co\system\View\View.php(213): CodeIgniter\View\View->CodeIgniter\View\{closure}()
#3 C:\xampp\htdocs\co\system\Common.php(1089): CodeIgniter\View\View->render('admin/product_l...', Array, true)
#4 C:\xampp\htdocs\co\app\Controllers\meeshoController.php(49): view('admin/product_l...', Array)
#5 C:\xampp\htdocs\co\system\CodeIgniter.php(832): App\Controllers\MeeshoController->product_list()
#6 C:\xampp\htdocs\co\system\CodeIgniter.php(419): CodeIgniter\CodeIgniter->runController(Object(App\Controllers\MeeshoController))
#7 C:\xampp\htdocs\co\system\CodeIgniter.php(326): CodeIgniter\CodeIgniter->handleRequest(NULL, Object(Config\Cache), false)
#8 C:\xampp\htdocs\co\public\index.php(37): CodeIgniter\CodeIgniter->run()
#9 {main}
CRITICAL - 2022-05-19 06:34:12 --> syntax error, unexpected ';'
#0 C:\xampp\htdocs\co\system\View\View.php(213): CodeIgniter\View\View->CodeIgniter\View\{closure}()
#1 C:\xampp\htdocs\co\system\Common.php(1089): CodeIgniter\View\View->render('admin/product_l...', Array, true)
#2 C:\xampp\htdocs\co\app\Controllers\meeshoController.php(49): view('admin/product_l...', Array)
#3 C:\xampp\htdocs\co\system\CodeIgniter.php(832): App\Controllers\MeeshoController->product_list()
#4 C:\xampp\htdocs\co\system\CodeIgniter.php(419): CodeIgniter\CodeIgniter->runController(Object(App\Controllers\MeeshoController))
#5 C:\xampp\htdocs\co\system\CodeIgniter.php(326): CodeIgniter\CodeIgniter->handleRequest(NULL, Object(Config\Cache), false)
#6 C:\xampp\htdocs\co\public\index.php(37): CodeIgniter\CodeIgniter->run()
#7 {main}
CRITICAL - 2022-05-19 06:34:22 --> syntax error, unexpected ';'
#0 C:\xampp\htdocs\co\system\View\View.php(213): CodeIgniter\View\View->CodeIgniter\View\{closure}()
#1 C:\xampp\htdocs\co\system\Common.php(1089): CodeIgniter\View\View->render('admin/product_l...', Array, true)
#2 C:\xampp\htdocs\co\app\Controllers\meeshoController.php(49): view('admin/product_l...', Array)
#3 C:\xampp\htdocs\co\system\CodeIgniter.php(832): App\Controllers\MeeshoController->product_list()
#4 C:\xampp\htdocs\co\system\CodeIgniter.php(419): CodeIgniter\CodeIgniter->runController(Object(App\Controllers\MeeshoController))
#5 C:\xampp\htdocs\co\system\CodeIgniter.php(326): CodeIgniter\CodeIgniter->handleRequest(NULL, Object(Config\Cache), false)
#6 C:\xampp\htdocs\co\public\index.php(37): CodeIgniter\CodeIgniter->run()
#7 {main}
CRITICAL - 2022-05-19 06:35:31 --> syntax error, unexpected '?>'
#0 C:\xampp\htdocs\co\system\View\View.php(213): CodeIgniter\View\View->CodeIgniter\View\{closure}()
#1 C:\xampp\htdocs\co\system\Common.php(1089): CodeIgniter\View\View->render('admin/product_l...', Array, true)
#2 C:\xampp\htdocs\co\app\Controllers\meeshoController.php(49): view('admin/product_l...', Array)
#3 C:\xampp\htdocs\co\system\CodeIgniter.php(832): App\Controllers\MeeshoController->product_list()
#4 C:\xampp\htdocs\co\system\CodeIgniter.php(419): CodeIgniter\CodeIgniter->runController(Object(App\Controllers\MeeshoController))
#5 C:\xampp\htdocs\co\system\CodeIgniter.php(326): CodeIgniter\CodeIgniter->handleRequest(NULL, Object(Config\Cache), false)
#6 C:\xampp\htdocs\co\public\index.php(37): CodeIgniter\CodeIgniter->run()
#7 {main}
CRITICAL - 2022-05-19 06:35:32 --> syntax error, unexpected '?>'
#0 C:\xampp\htdocs\co\system\View\View.php(213): CodeIgniter\View\View->CodeIgniter\View\{closure}()
#1 C:\xampp\htdocs\co\system\Common.php(1089): CodeIgniter\View\View->render('admin/product_l...', Array, true)
#2 C:\xampp\htdocs\co\app\Controllers\meeshoController.php(49): view('admin/product_l...', Array)
#3 C:\xampp\htdocs\co\system\CodeIgniter.php(832): App\Controllers\MeeshoController->product_list()
#4 C:\xampp\htdocs\co\system\CodeIgniter.php(419): CodeIgniter\CodeIgniter->runController(Object(App\Controllers\MeeshoController))
#5 C:\xampp\htdocs\co\system\CodeIgniter.php(326): CodeIgniter\CodeIgniter->handleRequest(NULL, Object(Config\Cache), false)
#6 C:\xampp\htdocs\co\public\index.php(37): CodeIgniter\CodeIgniter->run()
#7 {main}
CRITICAL - 2022-05-19 06:35:33 --> syntax error, unexpected '?>'
#0 C:\xampp\htdocs\co\system\View\View.php(213): CodeIgniter\View\View->CodeIgniter\View\{closure}()
#1 C:\xampp\htdocs\co\system\Common.php(1089): CodeIgniter\View\View->render('admin/product_l...', Array, true)
#2 C:\xampp\htdocs\co\app\Controllers\meeshoController.php(49): view('admin/product_l...', Array)
#3 C:\xampp\htdocs\co\system\CodeIgniter.php(832): App\Controllers\MeeshoController->product_list()
#4 C:\xampp\htdocs\co\system\CodeIgniter.php(419): CodeIgniter\CodeIgniter->runController(Object(App\Controllers\MeeshoController))
#5 C:\xampp\htdocs\co\system\CodeIgniter.php(326): CodeIgniter\CodeIgniter->handleRequest(NULL, Object(Config\Cache), false)
#6 C:\xampp\htdocs\co\public\index.php(37): CodeIgniter\CodeIgniter->run()
#7 {main}
CRITICAL - 2022-05-19 06:35:44 --> syntax error, unexpected '?>'
#0 C:\xampp\htdocs\co\system\View\View.php(213): CodeIgniter\View\View->CodeIgniter\View\{closure}()
#1 C:\xampp\htdocs\co\system\Common.php(1089): CodeIgniter\View\View->render('admin/product_l...', Array, true)
#2 C:\xampp\htdocs\co\app\Controllers\meeshoController.php(49): view('admin/product_l...', Array)
#3 C:\xampp\htdocs\co\system\CodeIgniter.php(832): App\Controllers\MeeshoController->product_list()
#4 C:\xampp\htdocs\co\system\CodeIgniter.php(419): CodeIgniter\CodeIgniter->runController(Object(App\Controllers\MeeshoController))
#5 C:\xampp\htdocs\co\system\CodeIgniter.php(326): CodeIgniter\CodeIgniter->handleRequest(NULL, Object(Config\Cache), false)
#6 C:\xampp\htdocs\co\public\index.php(37): CodeIgniter\CodeIgniter->run()
#7 {main}
CRITICAL - 2022-05-19 06:36:02 --> syntax error, unexpected '?>'
#0 C:\xampp\htdocs\co\system\View\View.php(213): CodeIgniter\View\View->CodeIgniter\View\{closure}()
#1 C:\xampp\htdocs\co\system\Common.php(1089): CodeIgniter\View\View->render('admin/product_l...', Array, true)
#2 C:\xampp\htdocs\co\app\Controllers\meeshoController.php(49): view('admin/product_l...', Array)
#3 C:\xampp\htdocs\co\system\CodeIgniter.php(832): App\Controllers\MeeshoController->product_list()
#4 C:\xampp\htdocs\co\system\CodeIgniter.php(419): CodeIgniter\CodeIgniter->runController(Object(App\Controllers\MeeshoController))
#5 C:\xampp\htdocs\co\system\CodeIgniter.php(326): CodeIgniter\CodeIgniter->handleRequest(NULL, Object(Config\Cache), false)
#6 C:\xampp\htdocs\co\public\index.php(37): CodeIgniter\CodeIgniter->run()
#7 {main}
CRITICAL - 2022-05-19 06:36:04 --> syntax error, unexpected '?>'
#0 C:\xampp\htdocs\co\system\View\View.php(213): CodeIgniter\View\View->CodeIgniter\View\{closure}()
#1 C:\xampp\htdocs\co\system\Common.php(1089): CodeIgniter\View\View->render('admin/product_l...', Array, true)
#2 C:\xampp\htdocs\co\app\Controllers\meeshoController.php(49): view('admin/product_l...', Array)
#3 C:\xampp\htdocs\co\system\CodeIgniter.php(832): App\Controllers\MeeshoController->product_list()
#4 C:\xampp\htdocs\co\system\CodeIgniter.php(419): CodeIgniter\CodeIgniter->runController(Object(App\Controllers\MeeshoController))
#5 C:\xampp\htdocs\co\system\CodeIgniter.php(326): CodeIgniter\CodeIgniter->handleRequest(NULL, Object(Config\Cache), false)
#6 C:\xampp\htdocs\co\public\index.php(37): CodeIgniter\CodeIgniter->run()
#7 {main}
CRITICAL - 2022-05-19 06:36:04 --> syntax error, unexpected '?>'
#0 C:\xampp\htdocs\co\system\View\View.php(213): CodeIgniter\View\View->CodeIgniter\View\{closure}()
#1 C:\xampp\htdocs\co\system\Common.php(1089): CodeIgniter\View\View->render('admin/product_l...', Array, true)
#2 C:\xampp\htdocs\co\app\Controllers\meeshoController.php(49): view('admin/product_l...', Array)
#3 C:\xampp\htdocs\co\system\CodeIgniter.php(832): App\Controllers\MeeshoController->product_list()
#4 C:\xampp\htdocs\co\system\CodeIgniter.php(419): CodeIgniter\CodeIgniter->runController(Object(App\Controllers\MeeshoController))
#5 C:\xampp\htdocs\co\system\CodeIgniter.php(326): CodeIgniter\CodeIgniter->handleRequest(NULL, Object(Config\Cache), false)
#6 C:\xampp\htdocs\co\public\index.php(37): CodeIgniter\CodeIgniter->run()
#7 {main}
CRITICAL - 2022-05-19 06:36:04 --> syntax error, unexpected '?>'
#0 C:\xampp\htdocs\co\system\View\View.php(213): CodeIgniter\View\View->CodeIgniter\View\{closure}()
#1 C:\xampp\htdocs\co\system\Common.php(1089): CodeIgniter\View\View->render('admin/product_l...', Array, true)
#2 C:\xampp\htdocs\co\app\Controllers\meeshoController.php(49): view('admin/product_l...', Array)
#3 C:\xampp\htdocs\co\system\CodeIgniter.php(832): App\Controllers\MeeshoController->product_list()
#4 C:\xampp\htdocs\co\system\CodeIgniter.php(419): CodeIgniter\CodeIgniter->runController(Object(App\Controllers\MeeshoController))
#5 C:\xampp\htdocs\co\system\CodeIgniter.php(326): CodeIgniter\CodeIgniter->handleRequest(NULL, Object(Config\Cache), false)
#6 C:\xampp\htdocs\co\public\index.php(37): CodeIgniter\CodeIgniter->run()
#7 {main}
CRITICAL - 2022-05-19 06:36:04 --> syntax error, unexpected '?>'
#0 C:\xampp\htdocs\co\system\View\View.php(213): CodeIgniter\View\View->CodeIgniter\View\{closure}()
#1 C:\xampp\htdocs\co\system\Common.php(1089): CodeIgniter\View\View->render('admin/product_l...', Array, true)
#2 C:\xampp\htdocs\co\app\Controllers\meeshoController.php(49): view('admin/product_l...', Array)
#3 C:\xampp\htdocs\co\system\CodeIgniter.php(832): App\Controllers\MeeshoController->product_list()
#4 C:\xampp\htdocs\co\system\CodeIgniter.php(419): CodeIgniter\CodeIgniter->runController(Object(App\Controllers\MeeshoController))
#5 C:\xampp\htdocs\co\system\CodeIgniter.php(326): CodeIgniter\CodeIgniter->handleRequest(NULL, Object(Config\Cache), false)
#6 C:\xampp\htdocs\co\public\index.php(37): CodeIgniter\CodeIgniter->run()
#7 {main}
CRITICAL - 2022-05-19 06:36:05 --> syntax error, unexpected '?>'
#0 C:\xampp\htdocs\co\system\View\View.php(213): CodeIgniter\View\View->CodeIgniter\View\{closure}()
#1 C:\xampp\htdocs\co\system\Common.php(1089): CodeIgniter\View\View->render('admin/product_l...', Array, true)
#2 C:\xampp\htdocs\co\app\Controllers\meeshoController.php(49): view('admin/product_l...', Array)
#3 C:\xampp\htdocs\co\system\CodeIgniter.php(832): App\Controllers\MeeshoController->product_list()
#4 C:\xampp\htdocs\co\system\CodeIgniter.php(419): CodeIgniter\CodeIgniter->runController(Object(App\Controllers\MeeshoController))
#5 C:\xampp\htdocs\co\system\CodeIgniter.php(326): CodeIgniter\CodeIgniter->handleRequest(NULL, Object(Config\Cache), false)
#6 C:\xampp\htdocs\co\public\index.php(37): CodeIgniter\CodeIgniter->run()
#7 {main}
CRITICAL - 2022-05-19 06:36:05 --> syntax error, unexpected '?>'
#0 C:\xampp\htdocs\co\system\View\View.php(213): CodeIgniter\View\View->CodeIgniter\View\{closure}()
#1 C:\xampp\htdocs\co\system\Common.php(1089): CodeIgniter\View\View->render('admin/product_l...', Array, true)
#2 C:\xampp\htdocs\co\app\Controllers\meeshoController.php(49): view('admin/product_l...', Array)
#3 C:\xampp\htdocs\co\system\CodeIgniter.php(832): App\Controllers\MeeshoController->product_list()
#4 C:\xampp\htdocs\co\system\CodeIgniter.php(419): CodeIgniter\CodeIgniter->runController(Object(App\Controllers\MeeshoController))
#5 C:\xampp\htdocs\co\system\CodeIgniter.php(326): CodeIgniter\CodeIgniter->handleRequest(NULL, Object(Config\Cache), false)
#6 C:\xampp\htdocs\co\public\index.php(37): CodeIgniter\CodeIgniter->run()
#7 {main}
CRITICAL - 2022-05-19 06:36:05 --> syntax error, unexpected '?>'
#0 C:\xampp\htdocs\co\system\View\View.php(213): CodeIgniter\View\View->CodeIgniter\View\{closure}()
#1 C:\xampp\htdocs\co\system\Common.php(1089): CodeIgniter\View\View->render('admin/product_l...', Array, true)
#2 C:\xampp\htdocs\co\app\Controllers\meeshoController.php(49): view('admin/product_l...', Array)
#3 C:\xampp\htdocs\co\system\CodeIgniter.php(832): App\Controllers\MeeshoController->product_list()
#4 C:\xampp\htdocs\co\system\CodeIgniter.php(419): CodeIgniter\CodeIgniter->runController(Object(App\Controllers\MeeshoController))
#5 C:\xampp\htdocs\co\system\CodeIgniter.php(326): CodeIgniter\CodeIgniter->handleRequest(NULL, Object(Config\Cache), false)
#6 C:\xampp\htdocs\co\public\index.php(37): CodeIgniter\CodeIgniter->run()
#7 {main}
CRITICAL - 2022-05-19 06:36:05 --> syntax error, unexpected '?>'
#0 C:\xampp\htdocs\co\system\View\View.php(213): CodeIgniter\View\View->CodeIgniter\View\{closure}()
#1 C:\xampp\htdocs\co\system\Common.php(1089): CodeIgniter\View\View->render('admin/product_l...', Array, true)
#2 C:\xampp\htdocs\co\app\Controllers\meeshoController.php(49): view('admin/product_l...', Array)
#3 C:\xampp\htdocs\co\system\CodeIgniter.php(832): App\Controllers\MeeshoController->product_list()
#4 C:\xampp\htdocs\co\system\CodeIgniter.php(419): CodeIgniter\CodeIgniter->runController(Object(App\Controllers\MeeshoController))
#5 C:\xampp\htdocs\co\system\CodeIgniter.php(326): CodeIgniter\CodeIgniter->handleRequest(NULL, Object(Config\Cache), false)
#6 C:\xampp\htdocs\co\public\index.php(37): CodeIgniter\CodeIgniter->run()
#7 {main}
CRITICAL - 2022-05-19 06:36:05 --> syntax error, unexpected '?>'
#0 C:\xampp\htdocs\co\system\View\View.php(213): CodeIgniter\View\View->CodeIgniter\View\{closure}()
#1 C:\xampp\htdocs\co\system\Common.php(1089): CodeIgniter\View\View->render('admin/product_l...', Array, true)
#2 C:\xampp\htdocs\co\app\Controllers\meeshoController.php(49): view('admin/product_l...', Array)
#3 C:\xampp\htdocs\co\system\CodeIgniter.php(832): App\Controllers\MeeshoController->product_list()
#4 C:\xampp\htdocs\co\system\CodeIgniter.php(419): CodeIgniter\CodeIgniter->runController(Object(App\Controllers\MeeshoController))
#5 C:\xampp\htdocs\co\system\CodeIgniter.php(326): CodeIgniter\CodeIgniter->handleRequest(NULL, Object(Config\Cache), false)
#6 C:\xampp\htdocs\co\public\index.php(37): CodeIgniter\CodeIgniter->run()
#7 {main}
CRITICAL - 2022-05-19 06:36:29 --> Allowed memory size of 536870912 bytes exhausted (tried to allocate 266354688 bytes)
#0 [internal function]: CodeIgniter\Debug\Exceptions->shutdownHandler()
#1 {main}
CRITICAL - 2022-05-19 06:37:10 --> mysqli_fetch_array() expects parameter 1 to be mysqli_result, array given
#0 [internal function]: CodeIgniter\Debug\Exceptions->errorHandler(2, 'mysqli_fetch_ar...', 'C:\\xampp\\htdocs...', 68, Array)
#1 C:\xampp\htdocs\co\app\Views\admin\product_list.php(68): mysqli_fetch_array(Array)
#2 C:\xampp\htdocs\co\system\View\View.php(210): include('C:\\xampp\\htdocs...')
#3 C:\xampp\htdocs\co\system\View\View.php(213): CodeIgniter\View\View->CodeIgniter\View\{closure}()
#4 C:\xampp\htdocs\co\system\Common.php(1089): CodeIgniter\View\View->render('admin/product_l...', Array, true)
#5 C:\xampp\htdocs\co\app\Controllers\meeshoController.php(49): view('admin/product_l...', Array)
#6 C:\xampp\htdocs\co\system\CodeIgniter.php(832): App\Controllers\MeeshoController->product_list()
#7 C:\xampp\htdocs\co\system\CodeIgniter.php(419): CodeIgniter\CodeIgniter->runController(Object(App\Controllers\MeeshoController))
#8 C:\xampp\htdocs\co\system\CodeIgniter.php(326): CodeIgniter\CodeIgniter->handleRequest(NULL, Object(Config\Cache), false)
#9 C:\xampp\htdocs\co\public\index.php(37): CodeIgniter\CodeIgniter->run()
#10 {main}
CRITICAL - 2022-05-19 06:37:45 --> Allowed memory size of 536870912 bytes exhausted (tried to allocate 266354688 bytes)
#0 [internal function]: CodeIgniter\Debug\Exceptions->shutdownHandler()
#1 {main}
CRITICAL - 2022-05-19 06:38:15 --> Allowed memory size of 536870912 bytes exhausted (tried to allocate 266354688 bytes)
#0 [internal function]: CodeIgniter\Debug\Exceptions->shutdownHandler()
#1 {main}
CRITICAL - 2022-05-19 06:39:04 --> Illegal string offset 'Id'
#0 C:\xampp\htdocs\co\app\Views\admin\product_list.php(72): CodeIgniter\Debug\Exceptions->errorHandler(2, 'Illegal string ...', 'C:\\xampp\\htdocs...', 72, Array)
#1 C:\xampp\htdocs\co\system\View\View.php(210): include('C:\\xampp\\htdocs...')
#2 C:\xampp\htdocs\co\system\View\View.php(213): CodeIgniter\View\View->CodeIgniter\View\{closure}()
#3 C:\xampp\htdocs\co\system\Common.php(1089): CodeIgniter\View\View->render('admin/product_l...', Array, true)
#4 C:\xampp\htdocs\co\app\Controllers\meeshoController.php(49): view('admin/product_l...', Array)
#5 C:\xampp\htdocs\co\system\CodeIgniter.php(832): App\Controllers\MeeshoController->product_list()
#6 C:\xampp\htdocs\co\system\CodeIgniter.php(419): CodeIgniter\CodeIgniter->runController(Object(App\Controllers\MeeshoController))
#7 C:\xampp\htdocs\co\system\CodeIgniter.php(326): CodeIgniter\CodeIgniter->handleRequest(NULL, Object(Config\Cache), false)
#8 C:\xampp\htdocs\co\public\index.php(37): CodeIgniter\CodeIgniter->run()
#9 {main}
CRITICAL - 2022-05-19 10:46:57 --> Illegal string offset 'Id'
#0 C:\xampp\htdocs\co\app\Views\admin\product_list.php(72): CodeIgniter\Debug\Exceptions->errorHandler(2, 'Illegal string ...', 'C:\\xampp\\htdocs...', 72, Array)
#1 C:\xampp\htdocs\co\system\View\View.php(210): include('C:\\xampp\\htdocs...')
#2 C:\xampp\htdocs\co\system\View\View.php(213): CodeIgniter\View\View->CodeIgniter\View\{closure}()
#3 C:\xampp\htdocs\co\system\Common.php(1089): CodeIgniter\View\View->render('admin/product_l...', Array, true)
#4 C:\xampp\htdocs\co\app\Controllers\meeshoController.php(49): view('admin/product_l...', Array)
#5 C:\xampp\htdocs\co\system\CodeIgniter.php(832): App\Controllers\MeeshoController->product_list()
#6 C:\xampp\htdocs\co\system\CodeIgniter.php(419): CodeIgniter\CodeIgniter->runController(Object(App\Controllers\MeeshoController))
#7 C:\xampp\htdocs\co\system\CodeIgniter.php(326): CodeIgniter\CodeIgniter->handleRequest(NULL, Object(Config\Cache), false)
#8 C:\xampp\htdocs\co\public\index.php(37): CodeIgniter\CodeIgniter->run()
#9 {main}
CRITICAL - 2022-05-19 11:01:44 --> Illegal string offset 'Id'
#0 C:\xampp\htdocs\co\app\Views\admin\product_list.php(73): CodeIgniter\Debug\Exceptions->errorHandler(2, 'Illegal string ...', 'C:\\xampp\\htdocs...', 73, Array)
#1 C:\xampp\htdocs\co\system\View\View.php(210): include('C:\\xampp\\htdocs...')
#2 C:\xampp\htdocs\co\system\View\View.php(213): CodeIgniter\View\View->CodeIgniter\View\{closure}()
#3 C:\xampp\htdocs\co\system\Common.php(1089): CodeIgniter\View\View->render('admin/product_l...', Array, true)
#4 C:\xampp\htdocs\co\app\Controllers\meeshoController.php(49): view('admin/product_l...', Array)
#5 C:\xampp\htdocs\co\system\CodeIgniter.php(832): App\Controllers\MeeshoController->product_list()
#6 C:\xampp\htdocs\co\system\CodeIgniter.php(419): CodeIgniter\CodeIgniter->runController(Object(App\Controllers\MeeshoController))
#7 C:\xampp\htdocs\co\system\CodeIgniter.php(326): CodeIgniter\CodeIgniter->handleRequest(NULL, Object(Config\Cache), false)
#8 C:\xampp\htdocs\co\public\index.php(37): CodeIgniter\CodeIgniter->run()
#9 {main}
CRITICAL - 2022-05-19 11:02:40 --> Illegal string offset 'Title'
#0 C:\xampp\htdocs\co\app\Views\admin\product_list.php(74): CodeIgniter\Debug\Exceptions->errorHandler(2, 'Illegal string ...', 'C:\\xampp\\htdocs...', 74, Array)
#1 C:\xampp\htdocs\co\system\View\View.php(210): include('C:\\xampp\\htdocs...')
#2 C:\xampp\htdocs\co\system\View\View.php(213): CodeIgniter\View\View->CodeIgniter\View\{closure}()
#3 C:\xampp\htdocs\co\system\Common.php(1089): CodeIgniter\View\View->render('admin/product_l...', Array, true)
#4 C:\xampp\htdocs\co\app\Controllers\meeshoController.php(49): view('admin/product_l...', Array)
#5 C:\xampp\htdocs\co\system\CodeIgniter.php(832): App\Controllers\MeeshoController->product_list()
#6 C:\xampp\htdocs\co\system\CodeIgniter.php(419): CodeIgniter\CodeIgniter->runController(Object(App\Controllers\MeeshoController))
#7 C:\xampp\htdocs\co\system\CodeIgniter.php(326): CodeIgniter\CodeIgniter->handleRequest(NULL, Object(Config\Cache), false)
#8 C:\xampp\htdocs\co\public\index.php(37): CodeIgniter\CodeIgniter->run()
#9 {main}
CRITICAL - 2022-05-19 11:04:32 --> Illegal string offset 'Id'
#0 C:\xampp\htdocs\co\app\Views\admin\product_list.php(75): CodeIgniter\Debug\Exceptions->errorHandler(2, 'Illegal string ...', 'C:\\xampp\\htdocs...', 75, Array)
#1 C:\xampp\htdocs\co\system\View\View.php(210): include('C:\\xampp\\htdocs...')
#2 C:\xampp\htdocs\co\system\View\View.php(213): CodeIgniter\View\View->CodeIgniter\View\{closure}()
#3 C:\xampp\htdocs\co\system\Common.php(1089): CodeIgniter\View\View->render('admin/product_l...', Array, true)
#4 C:\xampp\htdocs\co\app\Controllers\meeshoController.php(49): view('admin/product_l...', Array)
#5 C:\xampp\htdocs\co\system\CodeIgniter.php(832): App\Controllers\MeeshoController->product_list()
#6 C:\xampp\htdocs\co\system\CodeIgniter.php(419): CodeIgniter\CodeIgniter->runController(Object(App\Controllers\MeeshoController))
#7 C:\xampp\htdocs\co\system\CodeIgniter.php(326): CodeIgniter\CodeIgniter->handleRequest(NULL, Object(Config\Cache), false)
#8 C:\xampp\htdocs\co\public\index.php(37): CodeIgniter\CodeIgniter->run()
#9 {main}
CRITICAL - 2022-05-19 11:04:41 --> Illegal string offset 'Id'
#0 C:\xampp\htdocs\co\app\Views\admin\product_list.php(75): CodeIgniter\Debug\Exceptions->errorHandler(2, 'Illegal string ...', 'C:\\xampp\\htdocs...', 75, Array)
#1 C:\xampp\htdocs\co\system\View\View.php(210): include('C:\\xampp\\htdocs...')
#2 C:\xampp\htdocs\co\system\View\View.php(213): CodeIgniter\View\View->CodeIgniter\View\{closure}()
#3 C:\xampp\htdocs\co\system\Common.php(1089): CodeIgniter\View\View->render('admin/product_l...', Array, true)
#4 C:\xampp\htdocs\co\app\Controllers\meeshoController.php(49): view('admin/product_l...', Array)
#5 C:\xampp\htdocs\co\system\CodeIgniter.php(832): App\Controllers\MeeshoController->product_list()
#6 C:\xampp\htdocs\co\system\CodeIgniter.php(419): CodeIgniter\CodeIgniter->runController(Object(App\Controllers\MeeshoController))
#7 C:\xampp\htdocs\co\system\CodeIgniter.php(326): CodeIgniter\CodeIgniter->handleRequest(NULL, Object(Config\Cache), false)
#8 C:\xampp\htdocs\co\public\index.php(37): CodeIgniter\CodeIgniter->run()
#9 {main}
CRITICAL - 2022-05-19 11:05:11 --> Illegal string offset 'Id'
#0 C:\xampp\htdocs\co\app\Views\admin\product_list.php(75): CodeIgniter\Debug\Exceptions->errorHandler(2, 'Illegal string ...', 'C:\\xampp\\htdocs...', 75, Array)
#1 C:\xampp\htdocs\co\system\View\View.php(210): include('C:\\xampp\\htdocs...')
#2 C:\xampp\htdocs\co\system\View\View.php(213): CodeIgniter\View\View->CodeIgniter\View\{closure}()
#3 C:\xampp\htdocs\co\system\Common.php(1089): CodeIgniter\View\View->render('admin/product_l...', Array, true)
#4 C:\xampp\htdocs\co\app\Controllers\meeshoController.php(49): view('admin/product_l...', Array)
#5 C:\xampp\htdocs\co\system\CodeIgniter.php(832): App\Controllers\MeeshoController->product_list()
#6 C:\xampp\htdocs\co\system\CodeIgniter.php(419): CodeIgniter\CodeIgniter->runController(Object(App\Controllers\MeeshoController))
#7 C:\xampp\htdocs\co\system\CodeIgniter.php(326): CodeIgniter\CodeIgniter->handleRequest(NULL, Object(Config\Cache), false)
#8 C:\xampp\htdocs\co\public\index.php(37): CodeIgniter\CodeIgniter->run()
#9 {main}
CRITICAL - 2022-05-19 11:06:57 --> Illegal string offset 'Id'
#0 C:\xampp\htdocs\co\app\Views\admin\product_list.php(75): CodeIgniter\Debug\Exceptions->errorHandler(2, 'Illegal string ...', 'C:\\xampp\\htdocs...', 75, Array)
#1 C:\xampp\htdocs\co\system\View\View.php(210): include('C:\\xampp\\htdocs...')
#2 C:\xampp\htdocs\co\system\View\View.php(213): CodeIgniter\View\View->CodeIgniter\View\{closure}()
#3 C:\xampp\htdocs\co\system\Common.php(1089): CodeIgniter\View\View->render('admin/product_l...', Array, true)
#4 C:\xampp\htdocs\co\app\Controllers\meeshoController.php(49): view('admin/product_l...', Array)
#5 C:\xampp\htdocs\co\system\CodeIgniter.php(832): App\Controllers\MeeshoController->product_list()
#6 C:\xampp\htdocs\co\system\CodeIgniter.php(419): CodeIgniter\CodeIgniter->runController(Object(App\Controllers\MeeshoController))
#7 C:\xampp\htdocs\co\system\CodeIgniter.php(326): CodeIgniter\CodeIgniter->handleRequest(NULL, Object(Config\Cache), false)
#8 C:\xampp\htdocs\co\public\index.php(37): CodeIgniter\CodeIgniter->run()
#9 {main}
CRITICAL - 2022-05-19 11:07:29 --> Illegal string offset 'Id'
#0 C:\xampp\htdocs\co\app\Views\admin\product_list.php(75): CodeIgniter\Debug\Exceptions->errorHandler(2, 'Illegal string ...', 'C:\\xampp\\htdocs...', 75, Array)
#1 C:\xampp\htdocs\co\system\View\View.php(210): include('C:\\xampp\\htdocs...')
#2 C:\xampp\htdocs\co\system\View\View.php(213): CodeIgniter\View\View->CodeIgniter\View\{closure}()
#3 C:\xampp\htdocs\co\system\Common.php(1089): CodeIgniter\View\View->render('admin/product_l...', Array, true)
#4 C:\xampp\htdocs\co\app\Controllers\meeshoController.php(49): view('admin/product_l...', Array)
#5 C:\xampp\htdocs\co\system\CodeIgniter.php(832): App\Controllers\MeeshoController->product_list()
#6 C:\xampp\htdocs\co\system\CodeIgniter.php(419): CodeIgniter\CodeIgniter->runController(Object(App\Controllers\MeeshoController))
#7 C:\xampp\htdocs\co\system\CodeIgniter.php(326): CodeIgniter\CodeIgniter->handleRequest(NULL, Object(Config\Cache), false)
#8 C:\xampp\htdocs\co\public\index.php(37): CodeIgniter\CodeIgniter->run()
#9 {main}
CRITICAL - 2022-05-19 11:08:08 --> syntax error, unexpected 'while' (T_WHILE)
#0 C:\xampp\htdocs\co\system\View\View.php(213): CodeIgniter\View\View->CodeIgniter\View\{closure}()
#1 C:\xampp\htdocs\co\system\Common.php(1089): CodeIgniter\View\View->render('admin/product_l...', Array, true)
#2 C:\xampp\htdocs\co\app\Controllers\meeshoController.php(49): view('admin/product_l...', Array)
#3 C:\xampp\htdocs\co\system\CodeIgniter.php(832): App\Controllers\MeeshoController->product_list()
#4 C:\xampp\htdocs\co\system\CodeIgniter.php(419): CodeIgniter\CodeIgniter->runController(Object(App\Controllers\MeeshoController))
#5 C:\xampp\htdocs\co\system\CodeIgniter.php(326): CodeIgniter\CodeIgniter->handleRequest(NULL, Object(Config\Cache), false)
#6 C:\xampp\htdocs\co\public\index.php(37): CodeIgniter\CodeIgniter->run()
#7 {main}
CRITICAL - 2022-05-19 11:09:25 --> syntax error, unexpected 'while' (T_WHILE)
#0 C:\xampp\htdocs\co\system\View\View.php(213): CodeIgniter\View\View->CodeIgniter\View\{closure}()
#1 C:\xampp\htdocs\co\system\Common.php(1089): CodeIgniter\View\View->render('admin/product_l...', Array, true)
#2 C:\xampp\htdocs\co\app\Controllers\meeshoController.php(49): view('admin/product_l...', Array)
#3 C:\xampp\htdocs\co\system\CodeIgniter.php(832): App\Controllers\MeeshoController->product_list()
#4 C:\xampp\htdocs\co\system\CodeIgniter.php(419): CodeIgniter\CodeIgniter->runController(Object(App\Controllers\MeeshoController))
#5 C:\xampp\htdocs\co\system\CodeIgniter.php(326): CodeIgniter\CodeIgniter->handleRequest(NULL, Object(Config\Cache), false)
#6 C:\xampp\htdocs\co\public\index.php(37): CodeIgniter\CodeIgniter->run()
#7 {main}
CRITICAL - 2022-05-19 11:12:24 --> Allowed memory size of 536870912 bytes exhausted (tried to allocate 266354688 bytes)
#0 [internal function]: CodeIgniter\Debug\Exceptions->shutdownHandler()
#1 {main}
CRITICAL - 2022-05-19 11:13:24 --> Allowed memory size of 536870912 bytes exhausted (tried to allocate 266354688 bytes)
#0 [internal function]: CodeIgniter\Debug\Exceptions->shutdownHandler()
#1 {main}
CRITICAL - 2022-05-19 11:16:28 --> Allowed memory size of 536870912 bytes exhausted (tried to allocate 266354688 bytes)
#0 [internal function]: CodeIgniter\Debug\Exceptions->shutdownHandler()
#1 {main}
CRITICAL - 2022-05-19 11:22:22 --> Allowed memory size of 536870912 bytes exhausted (tried to allocate 266354688 bytes)
#0 [internal function]: CodeIgniter\Debug\Exceptions->shutdownHandler()
#1 {main}
CRITICAL - 2022-05-19 11:22:49 --> Allowed memory size of 536870912 bytes exhausted (tried to allocate 266354688 bytes)
#0 [internal function]: CodeIgniter\Debug\Exceptions->shutdownHandler()
#1 {main}
CRITICAL - 2022-05-19 11:23:11 --> syntax error, unexpected 'as' (T_AS)
#0 C:\xampp\htdocs\co\system\View\View.php(213): CodeIgniter\View\View->CodeIgniter\View\{closure}()
#1 C:\xampp\htdocs\co\system\Common.php(1089): CodeIgniter\View\View->render('admin/product_l...', Array, true)
#2 C:\xampp\htdocs\co\app\Controllers\meeshoController.php(49): view('admin/product_l...', Array)
#3 C:\xampp\htdocs\co\system\CodeIgniter.php(832): App\Controllers\MeeshoController->product_list()
#4 C:\xampp\htdocs\co\system\CodeIgniter.php(419): CodeIgniter\CodeIgniter->runController(Object(App\Controllers\MeeshoController))
#5 C:\xampp\htdocs\co\system\CodeIgniter.php(326): CodeIgniter\CodeIgniter->handleRequest(NULL, Object(Config\Cache), false)
#6 C:\xampp\htdocs\co\public\index.php(37): CodeIgniter\CodeIgniter->run()
#7 {main}
CRITICAL - 2022-05-19 11:26:10 --> count() expects at least 1 parameter, 0 given
#0 [internal function]: CodeIgniter\Debug\Exceptions->errorHandler(2, 'count() expects...', 'C:\\xampp\\htdocs...', 69, Array)
#1 C:\xampp\htdocs\co\app\Views\admin\product_list.php(69): count()
#2 C:\xampp\htdocs\co\system\View\View.php(210): include('C:\\xampp\\htdocs...')
#3 C:\xampp\htdocs\co\system\View\View.php(213): CodeIgniter\View\View->CodeIgniter\View\{closure}()
#4 C:\xampp\htdocs\co\system\Common.php(1089): CodeIgniter\View\View->render('admin/product_l...', Array, true)
#5 C:\xampp\htdocs\co\app\Controllers\meeshoController.php(49): view('admin/product_l...', Array)
#6 C:\xampp\htdocs\co\system\CodeIgniter.php(832): App\Controllers\MeeshoController->product_list()
#7 C:\xampp\htdocs\co\system\CodeIgniter.php(419): CodeIgniter\CodeIgniter->runController(Object(App\Controllers\MeeshoController))
#8 C:\xampp\htdocs\co\system\CodeIgniter.php(326): CodeIgniter\CodeIgniter->handleRequest(NULL, Object(Config\Cache), false)
#9 C:\xampp\htdocs\co\public\index.php(37): CodeIgniter\CodeIgniter->run()
#10 {main}
CRITICAL - 2022-05-19 11:26:38 --> count() expects at least 1 parameter, 0 given
#0 [internal function]: CodeIgniter\Debug\Exceptions->errorHandler(2, 'count() expects...', 'C:\\xampp\\htdocs...', 70, Array)
#1 C:\xampp\htdocs\co\app\Views\admin\product_list.php(70): count()
#2 C:\xampp\htdocs\co\system\View\View.php(210): include('C:\\xampp\\htdocs...')
#3 C:\xampp\htdocs\co\system\View\View.php(213): CodeIgniter\View\View->CodeIgniter\View\{closure}()
#4 C:\xampp\htdocs\co\system\Common.php(1089): CodeIgniter\View\View->render('admin/product_l...', Array, true)
#5 C:\xampp\htdocs\co\app\Controllers\meeshoController.php(49): view('admin/product_l...', Array)
#6 C:\xampp\htdocs\co\system\CodeIgniter.php(832): App\Controllers\MeeshoController->product_list()
#7 C:\xampp\htdocs\co\system\CodeIgniter.php(419): CodeIgniter\CodeIgniter->runController(Object(App\Controllers\MeeshoController))
#8 C:\xampp\htdocs\co\system\CodeIgniter.php(326): CodeIgniter\CodeIgniter->handleRequest(NULL, Object(Config\Cache), false)
#9 C:\xampp\htdocs\co\public\index.php(37): CodeIgniter\CodeIgniter->run()
#10 {main}
CRITICAL - 2022-05-19 11:29:00 --> count() expects at least 1 parameter, 0 given
#0 [internal function]: CodeIgniter\Debug\Exceptions->errorHandler(2, 'count() expects...', 'C:\\xampp\\htdocs...', 69, Array)
#1 C:\xampp\htdocs\co\app\Views\admin\product_list.php(69): count()
#2 C:\xampp\htdocs\co\system\View\View.php(210): include('C:\\xampp\\htdocs...')
#3 C:\xampp\htdocs\co\system\View\View.php(213): CodeIgniter\View\View->CodeIgniter\View\{closure}()
#4 C:\xampp\htdocs\co\system\Common.php(1089): CodeIgniter\View\View->render('admin/product_l...', Array, true)
#5 C:\xampp\htdocs\co\app\Controllers\meeshoController.php(49): view('admin/product_l...', Array)
#6 C:\xampp\htdocs\co\system\CodeIgniter.php(832): App\Controllers\MeeshoController->product_list()
#7 C:\xampp\htdocs\co\system\CodeIgniter.php(419): CodeIgniter\CodeIgniter->runController(Object(App\Controllers\MeeshoController))
#8 C:\xampp\htdocs\co\system\CodeIgniter.php(326): CodeIgniter\CodeIgniter->handleRequest(NULL, Object(Config\Cache), false)
#9 C:\xampp\htdocs\co\public\index.php(37): CodeIgniter\CodeIgniter->run()
#10 {main}
CRITICAL - 2022-05-19 11:30:28 --> count() expects at least 1 parameter, 0 given
#0 [internal function]: CodeIgniter\Debug\Exceptions->errorHandler(2, 'count() expects...', 'C:\\xampp\\htdocs...', 68, Array)
#1 C:\xampp\htdocs\co\app\Views\admin\product_list.php(68): count()
#2 C:\xampp\htdocs\co\system\View\View.php(210): include('C:\\xampp\\htdocs...')
#3 C:\xampp\htdocs\co\system\View\View.php(213): CodeIgniter\View\View->CodeIgniter\View\{closure}()
#4 C:\xampp\htdocs\co\system\Common.php(1089): CodeIgniter\View\View->render('admin/product_l...', Array, true)
#5 C:\xampp\htdocs\co\app\Controllers\meeshoController.php(49): view('admin/product_l...', Array)
#6 C:\xampp\htdocs\co\system\CodeIgniter.php(832): App\Controllers\MeeshoController->product_list()
#7 C:\xampp\htdocs\co\system\CodeIgniter.php(419): CodeIgniter\CodeIgniter->runController(Object(App\Controllers\MeeshoController))
#8 C:\xampp\htdocs\co\system\CodeIgniter.php(326): CodeIgniter\CodeIgniter->handleRequest(NULL, Object(Config\Cache), false)
#9 C:\xampp\htdocs\co\public\index.php(37): CodeIgniter\CodeIgniter->run()
#10 {main}
CRITICAL - 2022-05-19 11:33:42 --> Invalid argument supplied for foreach()
#0 C:\xampp\htdocs\co\app\Views\admin\product_list.php(68): CodeIgniter\Debug\Exceptions->errorHandler(2, 'Invalid argumen...', 'C:\\xampp\\htdocs...', 68, Array)
#1 C:\xampp\htdocs\co\system\View\View.php(210): include('C:\\xampp\\htdocs...')
#2 C:\xampp\htdocs\co\system\View\View.php(213): CodeIgniter\View\View->CodeIgniter\View\{closure}()
#3 C:\xampp\htdocs\co\system\Common.php(1089): CodeIgniter\View\View->render('admin/product_l...', Array, true)
#4 C:\xampp\htdocs\co\app\Controllers\meeshoController.php(49): view('admin/product_l...', Array)
#5 C:\xampp\htdocs\co\system\CodeIgniter.php(832): App\Controllers\MeeshoController->product_list()
#6 C:\xampp\htdocs\co\system\CodeIgniter.php(419): CodeIgniter\CodeIgniter->runController(Object(App\Controllers\MeeshoController))
#7 C:\xampp\htdocs\co\system\CodeIgniter.php(326): CodeIgniter\CodeIgniter->handleRequest(NULL, Object(Config\Cache), false)
#8 C:\xampp\htdocs\co\public\index.php(37): CodeIgniter\CodeIgniter->run()
#9 {main}
