CRITICAL - 2022-04-14 07:41:48 --> Invalid file: dropdownfooter.php
#0 C:\xampp\htdocs\co\system\View\View.php(198): CodeIgniter\Exceptions\FrameworkException::forInvalidFile('dropdownfooter....')
#1 C:\xampp\htdocs\co\system\Common.php(1089): CodeIgniter\View\View->render('dropdownfooter', Array, true)
#2 C:\xampp\htdocs\co\app\Views\Common\footer.php(52): view('dropdownfooter')
#3 C:\xampp\htdocs\co\system\View\View.php(210): include('C:\\xampp\\htdocs...')
#4 C:\xampp\htdocs\co\system\View\View.php(213): CodeIgniter\View\View->CodeIgniter\View\{closure}()
#5 C:\xampp\htdocs\co\system\Common.php(1089): CodeIgniter\View\View->render('common/footer', Array, true)
#6 C:\xampp\htdocs\co\app\Views\meesho_view.php(141): view('common/footer')
#7 C:\xampp\htdocs\co\system\View\View.php(210): include('C:\\xampp\\htdocs...')
#8 C:\xampp\htdocs\co\system\View\View.php(213): CodeIgniter\View\View->CodeIgniter\View\{closure}()
#9 C:\xampp\htdocs\co\system\Common.php(1089): CodeIgniter\View\View->render('meesho_view', Array, true)
#10 C:\xampp\htdocs\co\app\Controllers\meeshoController.php(16): view('meesho_view')
#11 C:\xampp\htdocs\co\system\CodeIgniter.php(832): App\Controllers\meeshoController->meeshof()
#12 C:\xampp\htdocs\co\system\CodeIgniter.php(419): CodeIgniter\CodeIgniter->runController(Object(App\Controllers\meeshoController))
#13 C:\xampp\htdocs\co\system\CodeIgniter.php(326): CodeIgniter\CodeIgniter->handleRequest(NULL, Object(Config\Cache), false)
#14 C:\xampp\htdocs\co\public\index.php(37): CodeIgniter\CodeIgniter->run()
#15 {main}
CRITICAL - 2022-04-14 07:42:05 --> Invalid file: dropdownfooter.php
#0 C:\xampp\htdocs\co\system\View\View.php(198): CodeIgniter\Exceptions\FrameworkException::forInvalidFile('dropdownfooter....')
#1 C:\xampp\htdocs\co\system\Common.php(1089): CodeIgniter\View\View->render('dropdownfooter', Array, true)
#2 C:\xampp\htdocs\co\app\Views\Common\footer.php(52): view('dropdownfooter')
#3 C:\xampp\htdocs\co\system\View\View.php(210): include('C:\\xampp\\htdocs...')
#4 C:\xampp\htdocs\co\system\View\View.php(213): CodeIgniter\View\View->CodeIgniter\View\{closure}()
#5 C:\xampp\htdocs\co\system\Common.php(1089): CodeIgniter\View\View->render('common/footer', Array, true)
#6 C:\xampp\htdocs\co\app\Views\meesho_view.php(141): view('common/footer')
#7 C:\xampp\htdocs\co\system\View\View.php(210): include('C:\\xampp\\htdocs...')
#8 C:\xampp\htdocs\co\system\View\View.php(213): CodeIgniter\View\View->CodeIgniter\View\{closure}()
#9 C:\xampp\htdocs\co\system\Common.php(1089): CodeIgniter\View\View->render('meesho_view', Array, true)
#10 C:\xampp\htdocs\co\app\Controllers\meeshoController.php(16): view('meesho_view')
#11 C:\xampp\htdocs\co\system\CodeIgniter.php(832): App\Controllers\meeshoController->meeshof()
#12 C:\xampp\htdocs\co\system\CodeIgniter.php(419): CodeIgniter\CodeIgniter->runController(Object(App\Controllers\meeshoController))
#13 C:\xampp\htdocs\co\system\CodeIgniter.php(326): CodeIgniter\CodeIgniter->handleRequest(NULL, Object(Config\Cache), false)
#14 C:\xampp\htdocs\co\public\index.php(37): CodeIgniter\CodeIgniter->run()
#15 {main}
