CRITICAL - 2022-04-21 00:03:11 --> Invalid file: common/sidenavebar.php
#0 C:\xampp\htdocs\co\system\View\View.php(198): CodeIgniter\Exceptions\FrameworkException::forInvalidFile('common/sidenave...')
#1 C:\xampp\htdocs\co\system\Common.php(1089): CodeIgniter\View\View->render('common/sidenave...', Array, true)
#2 C:\xampp\htdocs\co\app\Views\admin\desboard.php(25): view('common/sidenave...')
#3 C:\xampp\htdocs\co\system\View\View.php(210): include('C:\\xampp\\htdocs...')
#4 C:\xampp\htdocs\co\system\View\View.php(213): CodeIgniter\View\View->CodeIgniter\View\{closure}()
#5 C:\xampp\htdocs\co\system\Common.php(1089): CodeIgniter\View\View->render('admin/desboard', Array, true)
#6 C:\xampp\htdocs\co\app\Controllers\meeshoController.php(22): view('admin/desboard')
#7 C:\xampp\htdocs\co\system\CodeIgniter.php(832): App\Controllers\meeshoController->meeshoadmin()
#8 C:\xampp\htdocs\co\system\CodeIgniter.php(419): CodeIgniter\CodeIgniter->runController(Object(App\Controllers\meeshoController))
#9 C:\xampp\htdocs\co\system\CodeIgniter.php(326): CodeIgniter\CodeIgniter->handleRequest(NULL, Object(Config\Cache), false)
#10 C:\xampp\htdocs\co\public\index.php(37): CodeIgniter\CodeIgniter->run()
#11 {main}
CRITICAL - 2022-04-21 00:38:50 --> Invalid file: public/admin/header.php
#0 C:\xampp\htdocs\co\system\View\View.php(198): CodeIgniter\Exceptions\FrameworkException::forInvalidFile('public/admin/he...')
#1 C:\xampp\htdocs\co\system\Common.php(1089): CodeIgniter\View\View->render('public/admin/he...', Array, true)
#2 C:\xampp\htdocs\co\app\Views\admin\add_product.php(239): view('public/admin/he...')
#3 C:\xampp\htdocs\co\system\View\View.php(210): include('C:\\xampp\\htdocs...')
#4 C:\xampp\htdocs\co\system\View\View.php(213): CodeIgniter\View\View->CodeIgniter\View\{closure}()
#5 C:\xampp\htdocs\co\system\Common.php(1089): CodeIgniter\View\View->render('admin/add_produ...', Array, true)
#6 C:\xampp\htdocs\co\app\Controllers\meeshoController.php(25): view('admin/add_produ...')
#7 C:\xampp\htdocs\co\system\CodeIgniter.php(832): App\Controllers\meeshoController->meeshoadd_product()
#8 C:\xampp\htdocs\co\system\CodeIgniter.php(419): CodeIgniter\CodeIgniter->runController(Object(App\Controllers\meeshoController))
#9 C:\xampp\htdocs\co\system\CodeIgniter.php(326): CodeIgniter\CodeIgniter->handleRequest(NULL, Object(Config\Cache), false)
#10 C:\xampp\htdocs\co\public\index.php(37): CodeIgniter\CodeIgniter->run()
#11 {main}
CRITICAL - 2022-04-21 00:39:09 --> Invalid file: public/admin/common/header.php
#0 C:\xampp\htdocs\co\system\View\View.php(198): CodeIgniter\Exceptions\FrameworkException::forInvalidFile('public/admin/co...')
#1 C:\xampp\htdocs\co\system\Common.php(1089): CodeIgniter\View\View->render('public/admin/co...', Array, true)
#2 C:\xampp\htdocs\co\app\Views\admin\add_product.php(239): view('public/admin/co...')
#3 C:\xampp\htdocs\co\system\View\View.php(210): include('C:\\xampp\\htdocs...')
#4 C:\xampp\htdocs\co\system\View\View.php(213): CodeIgniter\View\View->CodeIgniter\View\{closure}()
#5 C:\xampp\htdocs\co\system\Common.php(1089): CodeIgniter\View\View->render('admin/add_produ...', Array, true)
#6 C:\xampp\htdocs\co\app\Controllers\meeshoController.php(25): view('admin/add_produ...')
#7 C:\xampp\htdocs\co\system\CodeIgniter.php(832): App\Controllers\meeshoController->meeshoadd_product()
#8 C:\xampp\htdocs\co\system\CodeIgniter.php(419): CodeIgniter\CodeIgniter->runController(Object(App\Controllers\meeshoController))
#9 C:\xampp\htdocs\co\system\CodeIgniter.php(326): CodeIgniter\CodeIgniter->handleRequest(NULL, Object(Config\Cache), false)
#10 C:\xampp\htdocs\co\public\index.php(37): CodeIgniter\CodeIgniter->run()
#11 {main}
CRITICAL - 2022-04-21 01:19:29 --> Invalid file: public/meesho/admin/add_cateogory.php
#0 C:\xampp\htdocs\co\system\View\View.php(198): CodeIgniter\Exceptions\FrameworkException::forInvalidFile('public/meesho/a...')
#1 C:\xampp\htdocs\co\system\Common.php(1089): CodeIgniter\View\View->render('public/meesho/a...', Array, true)
#2 C:\xampp\htdocs\co\app\Views\admin\common\sidenavebar.php(15): view('public/meesho/a...')
#3 C:\xampp\htdocs\co\system\View\View.php(210): include('C:\\xampp\\htdocs...')
#4 C:\xampp\htdocs\co\system\View\View.php(213): CodeIgniter\View\View->CodeIgniter\View\{closure}()
#5 C:\xampp\htdocs\co\system\Common.php(1089): CodeIgniter\View\View->render('admin/common/si...', Array, true)
#6 C:\xampp\htdocs\co\app\Views\admin\add_product.php(25): view('admin/common/si...')
#7 C:\xampp\htdocs\co\system\View\View.php(210): include('C:\\xampp\\htdocs...')
#8 C:\xampp\htdocs\co\system\View\View.php(213): CodeIgniter\View\View->CodeIgniter\View\{closure}()
#9 C:\xampp\htdocs\co\system\Common.php(1089): CodeIgniter\View\View->render('admin/add_produ...', Array, true)
#10 C:\xampp\htdocs\co\app\Controllers\meeshoController.php(25): view('admin/add_produ...')
#11 C:\xampp\htdocs\co\system\CodeIgniter.php(832): App\Controllers\meeshoController->meeshoadd_product()
#12 C:\xampp\htdocs\co\system\CodeIgniter.php(419): CodeIgniter\CodeIgniter->runController(Object(App\Controllers\meeshoController))
#13 C:\xampp\htdocs\co\system\CodeIgniter.php(326): CodeIgniter\CodeIgniter->handleRequest(NULL, Object(Config\Cache), false)
#14 C:\xampp\htdocs\co\public\index.php(37): CodeIgniter\CodeIgniter->run()
#15 {main}
CRITICAL - 2022-04-21 01:19:30 --> Invalid file: public/meesho/admin/add_cateogory.php
#0 C:\xampp\htdocs\co\system\View\View.php(198): CodeIgniter\Exceptions\FrameworkException::forInvalidFile('public/meesho/a...')
#1 C:\xampp\htdocs\co\system\Common.php(1089): CodeIgniter\View\View->render('public/meesho/a...', Array, true)
#2 C:\xampp\htdocs\co\app\Views\admin\common\sidenavebar.php(15): view('public/meesho/a...')
#3 C:\xampp\htdocs\co\system\View\View.php(210): include('C:\\xampp\\htdocs...')
#4 C:\xampp\htdocs\co\system\View\View.php(213): CodeIgniter\View\View->CodeIgniter\View\{closure}()
#5 C:\xampp\htdocs\co\system\Common.php(1089): CodeIgniter\View\View->render('admin/common/si...', Array, true)
#6 C:\xampp\htdocs\co\app\Views\admin\add_product.php(25): view('admin/common/si...')
#7 C:\xampp\htdocs\co\system\View\View.php(210): include('C:\\xampp\\htdocs...')
#8 C:\xampp\htdocs\co\system\View\View.php(213): CodeIgniter\View\View->CodeIgniter\View\{closure}()
#9 C:\xampp\htdocs\co\system\Common.php(1089): CodeIgniter\View\View->render('admin/add_produ...', Array, true)
#10 C:\xampp\htdocs\co\app\Controllers\meeshoController.php(25): view('admin/add_produ...')
#11 C:\xampp\htdocs\co\system\CodeIgniter.php(832): App\Controllers\meeshoController->meeshoadd_product()
#12 C:\xampp\htdocs\co\system\CodeIgniter.php(419): CodeIgniter\CodeIgniter->runController(Object(App\Controllers\meeshoController))
#13 C:\xampp\htdocs\co\system\CodeIgniter.php(326): CodeIgniter\CodeIgniter->handleRequest(NULL, Object(Config\Cache), false)
#14 C:\xampp\htdocs\co\public\index.php(37): CodeIgniter\CodeIgniter->run()
#15 {main}
CRITICAL - 2022-04-21 01:19:47 --> Invalid file: public/meesho/admin/add_category.php
#0 C:\xampp\htdocs\co\system\View\View.php(198): CodeIgniter\Exceptions\FrameworkException::forInvalidFile('public/meesho/a...')
#1 C:\xampp\htdocs\co\system\Common.php(1089): CodeIgniter\View\View->render('public/meesho/a...', Array, true)
#2 C:\xampp\htdocs\co\app\Views\admin\common\sidenavebar.php(15): view('public/meesho/a...')
#3 C:\xampp\htdocs\co\system\View\View.php(210): include('C:\\xampp\\htdocs...')
#4 C:\xampp\htdocs\co\system\View\View.php(213): CodeIgniter\View\View->CodeIgniter\View\{closure}()
#5 C:\xampp\htdocs\co\system\Common.php(1089): CodeIgniter\View\View->render('admin/common/si...', Array, true)
#6 C:\xampp\htdocs\co\app\Views\admin\add_product.php(25): view('admin/common/si...')
#7 C:\xampp\htdocs\co\system\View\View.php(210): include('C:\\xampp\\htdocs...')
#8 C:\xampp\htdocs\co\system\View\View.php(213): CodeIgniter\View\View->CodeIgniter\View\{closure}()
#9 C:\xampp\htdocs\co\system\Common.php(1089): CodeIgniter\View\View->render('admin/add_produ...', Array, true)
#10 C:\xampp\htdocs\co\app\Controllers\meeshoController.php(25): view('admin/add_produ...')
#11 C:\xampp\htdocs\co\system\CodeIgniter.php(832): App\Controllers\meeshoController->meeshoadd_product()
#12 C:\xampp\htdocs\co\system\CodeIgniter.php(419): CodeIgniter\CodeIgniter->runController(Object(App\Controllers\meeshoController))
#13 C:\xampp\htdocs\co\system\CodeIgniter.php(326): CodeIgniter\CodeIgniter->handleRequest(NULL, Object(Config\Cache), false)
#14 C:\xampp\htdocs\co\public\index.php(37): CodeIgniter\CodeIgniter->run()
#15 {main}
CRITICAL - 2022-04-21 01:19:48 --> Invalid file: public/meesho/admin/add_category.php
#0 C:\xampp\htdocs\co\system\View\View.php(198): CodeIgniter\Exceptions\FrameworkException::forInvalidFile('public/meesho/a...')
#1 C:\xampp\htdocs\co\system\Common.php(1089): CodeIgniter\View\View->render('public/meesho/a...', Array, true)
#2 C:\xampp\htdocs\co\app\Views\admin\common\sidenavebar.php(15): view('public/meesho/a...')
#3 C:\xampp\htdocs\co\system\View\View.php(210): include('C:\\xampp\\htdocs...')
#4 C:\xampp\htdocs\co\system\View\View.php(213): CodeIgniter\View\View->CodeIgniter\View\{closure}()
#5 C:\xampp\htdocs\co\system\Common.php(1089): CodeIgniter\View\View->render('admin/common/si...', Array, true)
#6 C:\xampp\htdocs\co\app\Views\admin\add_product.php(25): view('admin/common/si...')
#7 C:\xampp\htdocs\co\system\View\View.php(210): include('C:\\xampp\\htdocs...')
#8 C:\xampp\htdocs\co\system\View\View.php(213): CodeIgniter\View\View->CodeIgniter\View\{closure}()
#9 C:\xampp\htdocs\co\system\Common.php(1089): CodeIgniter\View\View->render('admin/add_produ...', Array, true)
#10 C:\xampp\htdocs\co\app\Controllers\meeshoController.php(25): view('admin/add_produ...')
#11 C:\xampp\htdocs\co\system\CodeIgniter.php(832): App\Controllers\meeshoController->meeshoadd_product()
#12 C:\xampp\htdocs\co\system\CodeIgniter.php(419): CodeIgniter\CodeIgniter->runController(Object(App\Controllers\meeshoController))
#13 C:\xampp\htdocs\co\system\CodeIgniter.php(326): CodeIgniter\CodeIgniter->handleRequest(NULL, Object(Config\Cache), false)
#14 C:\xampp\htdocs\co\public\index.php(37): CodeIgniter\CodeIgniter->run()
#15 {main}
