CRITICAL - 2022-04-20 23:40:51 --> Invalid file: admin/deshboard.php
#0 C:\xampp\htdocs\co\system\View\View.php(198): CodeIgniter\Exceptions\FrameworkException::forInvalidFile('admin/deshboard...')
#1 C:\xampp\htdocs\co\system\Common.php(1089): CodeIgniter\View\View->render('admin/deshboard', Array, true)
#2 C:\xampp\htdocs\co\app\Controllers\meeshoController.php(22): view('admin/deshboard')
#3 C:\xampp\htdocs\co\system\CodeIgniter.php(832): App\Controllers\meeshoController->meeshoadmin()
#4 C:\xampp\htdocs\co\system\CodeIgniter.php(419): CodeIgniter\CodeIgniter->runController(Object(App\Controllers\meeshoController))
#5 C:\xampp\htdocs\co\system\CodeIgniter.php(326): CodeIgniter\CodeIgniter->handleRequest(NULL, Object(Config\Cache), false)
#6 C:\xampp\htdocs\co\public\index.php(37): CodeIgniter\CodeIgniter->run()
#7 {main}
CRITICAL - 2022-04-20 23:41:30 --> Invalid file: admin/deshboard.php
#0 C:\xampp\htdocs\co\system\View\View.php(198): CodeIgniter\Exceptions\FrameworkException::forInvalidFile('admin/deshboard...')
#1 C:\xampp\htdocs\co\system\Common.php(1089): CodeIgniter\View\View->render('admin/deshboard', Array, true)
#2 C:\xampp\htdocs\co\app\Controllers\meeshoController.php(22): view('admin/deshboard')
#3 C:\xampp\htdocs\co\system\CodeIgniter.php(832): App\Controllers\meeshoController->meeshoadmin()
#4 C:\xampp\htdocs\co\system\CodeIgniter.php(419): CodeIgniter\CodeIgniter->runController(Object(App\Controllers\meeshoController))
#5 C:\xampp\htdocs\co\system\CodeIgniter.php(326): CodeIgniter\CodeIgniter->handleRequest(NULL, Object(Config\Cache), false)
#6 C:\xampp\htdocs\co\public\index.php(37): CodeIgniter\CodeIgniter->run()
#7 {main}
CRITICAL - 2022-04-20 23:41:50 --> Invalid file: admin/deshboard.php
#0 C:\xampp\htdocs\co\system\View\View.php(198): CodeIgniter\Exceptions\FrameworkException::forInvalidFile('admin/deshboard...')
#1 C:\xampp\htdocs\co\system\Common.php(1089): CodeIgniter\View\View->render('admin/deshboard', Array, true)
#2 C:\xampp\htdocs\co\app\Controllers\meeshoController.php(22): view('admin/deshboard')
#3 C:\xampp\htdocs\co\system\CodeIgniter.php(832): App\Controllers\meeshoController->meeshoadmin()
#4 C:\xampp\htdocs\co\system\CodeIgniter.php(419): CodeIgniter\CodeIgniter->runController(Object(App\Controllers\meeshoController))
#5 C:\xampp\htdocs\co\system\CodeIgniter.php(326): CodeIgniter\CodeIgniter->handleRequest(NULL, Object(Config\Cache), false)
#6 C:\xampp\htdocs\co\public\index.php(37): CodeIgniter\CodeIgniter->run()
#7 {main}
CRITICAL - 2022-04-20 23:42:07 --> Invalid file: admin/deshboard.php
#0 C:\xampp\htdocs\co\system\View\View.php(198): CodeIgniter\Exceptions\FrameworkException::forInvalidFile('admin/deshboard...')
#1 C:\xampp\htdocs\co\system\Common.php(1089): CodeIgniter\View\View->render('admin/deshboard', Array, true)
#2 C:\xampp\htdocs\co\app\Controllers\meeshoController.php(22): view('admin/deshboard')
#3 C:\xampp\htdocs\co\system\CodeIgniter.php(832): App\Controllers\meeshoController->meeshoadmin()
#4 C:\xampp\htdocs\co\system\CodeIgniter.php(419): CodeIgniter\CodeIgniter->runController(Object(App\Controllers\meeshoController))
#5 C:\xampp\htdocs\co\system\CodeIgniter.php(326): CodeIgniter\CodeIgniter->handleRequest(NULL, Object(Config\Cache), false)
#6 C:\xampp\htdocs\co\public\index.php(37): CodeIgniter\CodeIgniter->run()
#7 {main}
CRITICAL - 2022-04-20 23:43:14 --> Invalid file: admin/deshboard.php
#0 C:\xampp\htdocs\co\system\View\View.php(198): CodeIgniter\Exceptions\FrameworkException::forInvalidFile('admin/deshboard...')
#1 C:\xampp\htdocs\co\system\Common.php(1089): CodeIgniter\View\View->render('admin/deshboard', Array, true)
#2 C:\xampp\htdocs\co\app\Controllers\meeshoController.php(22): view('admin/deshboard')
#3 C:\xampp\htdocs\co\system\CodeIgniter.php(832): App\Controllers\meeshoController->meeshoadmin()
#4 C:\xampp\htdocs\co\system\CodeIgniter.php(419): CodeIgniter\CodeIgniter->runController(Object(App\Controllers\meeshoController))
#5 C:\xampp\htdocs\co\system\CodeIgniter.php(326): CodeIgniter\CodeIgniter->handleRequest(NULL, Object(Config\Cache), false)
#6 C:\xampp\htdocs\co\public\index.php(37): CodeIgniter\CodeIgniter->run()
#7 {main}
CRITICAL - 2022-04-20 23:43:47 --> Invalid file: common/head.php
#0 C:\xampp\htdocs\co\system\View\View.php(198): CodeIgniter\Exceptions\FrameworkException::forInvalidFile('common/head.php')
#1 C:\xampp\htdocs\co\system\Common.php(1089): CodeIgniter\View\View->render('common/head', Array, true)
#2 C:\xampp\htdocs\co\app\Views\admin\desboard.php(20): view('common/head')
#3 C:\xampp\htdocs\co\system\View\View.php(210): include('C:\\xampp\\htdocs...')
#4 C:\xampp\htdocs\co\system\View\View.php(213): CodeIgniter\View\View->CodeIgniter\View\{closure}()
#5 C:\xampp\htdocs\co\system\Common.php(1089): CodeIgniter\View\View->render('admin/desboard', Array, true)
#6 C:\xampp\htdocs\co\app\Controllers\meeshoController.php(22): view('admin/desboard')
#7 C:\xampp\htdocs\co\system\CodeIgniter.php(832): App\Controllers\meeshoController->meeshoadmin()
#8 C:\xampp\htdocs\co\system\CodeIgniter.php(419): CodeIgniter\CodeIgniter->runController(Object(App\Controllers\meeshoController))
#9 C:\xampp\htdocs\co\system\CodeIgniter.php(326): CodeIgniter\CodeIgniter->handleRequest(NULL, Object(Config\Cache), false)
#10 C:\xampp\htdocs\co\public\index.php(37): CodeIgniter\CodeIgniter->run()
#11 {main}
CRITICAL - 2022-04-20 23:43:50 --> Invalid file: common/head.php
#0 C:\xampp\htdocs\co\system\View\View.php(198): CodeIgniter\Exceptions\FrameworkException::forInvalidFile('common/head.php')
#1 C:\xampp\htdocs\co\system\Common.php(1089): CodeIgniter\View\View->render('common/head', Array, true)
#2 C:\xampp\htdocs\co\app\Views\admin\desboard.php(20): view('common/head')
#3 C:\xampp\htdocs\co\system\View\View.php(210): include('C:\\xampp\\htdocs...')
#4 C:\xampp\htdocs\co\system\View\View.php(213): CodeIgniter\View\View->CodeIgniter\View\{closure}()
#5 C:\xampp\htdocs\co\system\Common.php(1089): CodeIgniter\View\View->render('admin/desboard', Array, true)
#6 C:\xampp\htdocs\co\app\Controllers\meeshoController.php(22): view('admin/desboard')
#7 C:\xampp\htdocs\co\system\CodeIgniter.php(832): App\Controllers\meeshoController->meeshoadmin()
#8 C:\xampp\htdocs\co\system\CodeIgniter.php(419): CodeIgniter\CodeIgniter->runController(Object(App\Controllers\meeshoController))
#9 C:\xampp\htdocs\co\system\CodeIgniter.php(326): CodeIgniter\CodeIgniter->handleRequest(NULL, Object(Config\Cache), false)
#10 C:\xampp\htdocs\co\public\index.php(37): CodeIgniter\CodeIgniter->run()
#11 {main}
CRITICAL - 2022-04-20 23:43:50 --> Invalid file: common/head.php
#0 C:\xampp\htdocs\co\system\View\View.php(198): CodeIgniter\Exceptions\FrameworkException::forInvalidFile('common/head.php')
#1 C:\xampp\htdocs\co\system\Common.php(1089): CodeIgniter\View\View->render('common/head', Array, true)
#2 C:\xampp\htdocs\co\app\Views\admin\desboard.php(20): view('common/head')
#3 C:\xampp\htdocs\co\system\View\View.php(210): include('C:\\xampp\\htdocs...')
#4 C:\xampp\htdocs\co\system\View\View.php(213): CodeIgniter\View\View->CodeIgniter\View\{closure}()
#5 C:\xampp\htdocs\co\system\Common.php(1089): CodeIgniter\View\View->render('admin/desboard', Array, true)
#6 C:\xampp\htdocs\co\app\Controllers\meeshoController.php(22): view('admin/desboard')
#7 C:\xampp\htdocs\co\system\CodeIgniter.php(832): App\Controllers\meeshoController->meeshoadmin()
#8 C:\xampp\htdocs\co\system\CodeIgniter.php(419): CodeIgniter\CodeIgniter->runController(Object(App\Controllers\meeshoController))
#9 C:\xampp\htdocs\co\system\CodeIgniter.php(326): CodeIgniter\CodeIgniter->handleRequest(NULL, Object(Config\Cache), false)
#10 C:\xampp\htdocs\co\public\index.php(37): CodeIgniter\CodeIgniter->run()
#11 {main}
CRITICAL - 2022-04-20 23:43:50 --> Invalid file: common/head.php
#0 C:\xampp\htdocs\co\system\View\View.php(198): CodeIgniter\Exceptions\FrameworkException::forInvalidFile('common/head.php')
#1 C:\xampp\htdocs\co\system\Common.php(1089): CodeIgniter\View\View->render('common/head', Array, true)
#2 C:\xampp\htdocs\co\app\Views\admin\desboard.php(20): view('common/head')
#3 C:\xampp\htdocs\co\system\View\View.php(210): include('C:\\xampp\\htdocs...')
#4 C:\xampp\htdocs\co\system\View\View.php(213): CodeIgniter\View\View->CodeIgniter\View\{closure}()
#5 C:\xampp\htdocs\co\system\Common.php(1089): CodeIgniter\View\View->render('admin/desboard', Array, true)
#6 C:\xampp\htdocs\co\app\Controllers\meeshoController.php(22): view('admin/desboard')
#7 C:\xampp\htdocs\co\system\CodeIgniter.php(832): App\Controllers\meeshoController->meeshoadmin()
#8 C:\xampp\htdocs\co\system\CodeIgniter.php(419): CodeIgniter\CodeIgniter->runController(Object(App\Controllers\meeshoController))
#9 C:\xampp\htdocs\co\system\CodeIgniter.php(326): CodeIgniter\CodeIgniter->handleRequest(NULL, Object(Config\Cache), false)
#10 C:\xampp\htdocs\co\public\index.php(37): CodeIgniter\CodeIgniter->run()
#11 {main}
CRITICAL - 2022-04-20 23:43:51 --> Invalid file: common/head.php
#0 C:\xampp\htdocs\co\system\View\View.php(198): CodeIgniter\Exceptions\FrameworkException::forInvalidFile('common/head.php')
#1 C:\xampp\htdocs\co\system\Common.php(1089): CodeIgniter\View\View->render('common/head', Array, true)
#2 C:\xampp\htdocs\co\app\Views\admin\desboard.php(20): view('common/head')
#3 C:\xampp\htdocs\co\system\View\View.php(210): include('C:\\xampp\\htdocs...')
#4 C:\xampp\htdocs\co\system\View\View.php(213): CodeIgniter\View\View->CodeIgniter\View\{closure}()
#5 C:\xampp\htdocs\co\system\Common.php(1089): CodeIgniter\View\View->render('admin/desboard', Array, true)
#6 C:\xampp\htdocs\co\app\Controllers\meeshoController.php(22): view('admin/desboard')
#7 C:\xampp\htdocs\co\system\CodeIgniter.php(832): App\Controllers\meeshoController->meeshoadmin()
#8 C:\xampp\htdocs\co\system\CodeIgniter.php(419): CodeIgniter\CodeIgniter->runController(Object(App\Controllers\meeshoController))
#9 C:\xampp\htdocs\co\system\CodeIgniter.php(326): CodeIgniter\CodeIgniter->handleRequest(NULL, Object(Config\Cache), false)
#10 C:\xampp\htdocs\co\public\index.php(37): CodeIgniter\CodeIgniter->run()
#11 {main}
CRITICAL - 2022-04-20 23:43:51 --> Invalid file: common/head.php
#0 C:\xampp\htdocs\co\system\View\View.php(198): CodeIgniter\Exceptions\FrameworkException::forInvalidFile('common/head.php')
#1 C:\xampp\htdocs\co\system\Common.php(1089): CodeIgniter\View\View->render('common/head', Array, true)
#2 C:\xampp\htdocs\co\app\Views\admin\desboard.php(20): view('common/head')
#3 C:\xampp\htdocs\co\system\View\View.php(210): include('C:\\xampp\\htdocs...')
#4 C:\xampp\htdocs\co\system\View\View.php(213): CodeIgniter\View\View->CodeIgniter\View\{closure}()
#5 C:\xampp\htdocs\co\system\Common.php(1089): CodeIgniter\View\View->render('admin/desboard', Array, true)
#6 C:\xampp\htdocs\co\app\Controllers\meeshoController.php(22): view('admin/desboard')
#7 C:\xampp\htdocs\co\system\CodeIgniter.php(832): App\Controllers\meeshoController->meeshoadmin()
#8 C:\xampp\htdocs\co\system\CodeIgniter.php(419): CodeIgniter\CodeIgniter->runController(Object(App\Controllers\meeshoController))
#9 C:\xampp\htdocs\co\system\CodeIgniter.php(326): CodeIgniter\CodeIgniter->handleRequest(NULL, Object(Config\Cache), false)
#10 C:\xampp\htdocs\co\public\index.php(37): CodeIgniter\CodeIgniter->run()
#11 {main}
CRITICAL - 2022-04-20 23:43:51 --> Invalid file: common/head.php
#0 C:\xampp\htdocs\co\system\View\View.php(198): CodeIgniter\Exceptions\FrameworkException::forInvalidFile('common/head.php')
#1 C:\xampp\htdocs\co\system\Common.php(1089): CodeIgniter\View\View->render('common/head', Array, true)
#2 C:\xampp\htdocs\co\app\Views\admin\desboard.php(20): view('common/head')
#3 C:\xampp\htdocs\co\system\View\View.php(210): include('C:\\xampp\\htdocs...')
#4 C:\xampp\htdocs\co\system\View\View.php(213): CodeIgniter\View\View->CodeIgniter\View\{closure}()
#5 C:\xampp\htdocs\co\system\Common.php(1089): CodeIgniter\View\View->render('admin/desboard', Array, true)
#6 C:\xampp\htdocs\co\app\Controllers\meeshoController.php(22): view('admin/desboard')
#7 C:\xampp\htdocs\co\system\CodeIgniter.php(832): App\Controllers\meeshoController->meeshoadmin()
#8 C:\xampp\htdocs\co\system\CodeIgniter.php(419): CodeIgniter\CodeIgniter->runController(Object(App\Controllers\meeshoController))
#9 C:\xampp\htdocs\co\system\CodeIgniter.php(326): CodeIgniter\CodeIgniter->handleRequest(NULL, Object(Config\Cache), false)
#10 C:\xampp\htdocs\co\public\index.php(37): CodeIgniter\CodeIgniter->run()
#11 {main}
CRITICAL - 2022-04-20 23:43:51 --> Invalid file: common/head.php
#0 C:\xampp\htdocs\co\system\View\View.php(198): CodeIgniter\Exceptions\FrameworkException::forInvalidFile('common/head.php')
#1 C:\xampp\htdocs\co\system\Common.php(1089): CodeIgniter\View\View->render('common/head', Array, true)
#2 C:\xampp\htdocs\co\app\Views\admin\desboard.php(20): view('common/head')
#3 C:\xampp\htdocs\co\system\View\View.php(210): include('C:\\xampp\\htdocs...')
#4 C:\xampp\htdocs\co\system\View\View.php(213): CodeIgniter\View\View->CodeIgniter\View\{closure}()
#5 C:\xampp\htdocs\co\system\Common.php(1089): CodeIgniter\View\View->render('admin/desboard', Array, true)
#6 C:\xampp\htdocs\co\app\Controllers\meeshoController.php(22): view('admin/desboard')
#7 C:\xampp\htdocs\co\system\CodeIgniter.php(832): App\Controllers\meeshoController->meeshoadmin()
#8 C:\xampp\htdocs\co\system\CodeIgniter.php(419): CodeIgniter\CodeIgniter->runController(Object(App\Controllers\meeshoController))
#9 C:\xampp\htdocs\co\system\CodeIgniter.php(326): CodeIgniter\CodeIgniter->handleRequest(NULL, Object(Config\Cache), false)
#10 C:\xampp\htdocs\co\public\index.php(37): CodeIgniter\CodeIgniter->run()
#11 {main}
CRITICAL - 2022-04-20 23:44:30 --> Invalid file: common/head.php
#0 C:\xampp\htdocs\co\system\View\View.php(198): CodeIgniter\Exceptions\FrameworkException::forInvalidFile('common/head.php')
#1 C:\xampp\htdocs\co\system\Common.php(1089): CodeIgniter\View\View->render('common/head', Array, true)
#2 C:\xampp\htdocs\co\app\Views\admin\desboard.php(20): view('common/head')
#3 C:\xampp\htdocs\co\system\View\View.php(210): include('C:\\xampp\\htdocs...')
#4 C:\xampp\htdocs\co\system\View\View.php(213): CodeIgniter\View\View->CodeIgniter\View\{closure}()
#5 C:\xampp\htdocs\co\system\Common.php(1089): CodeIgniter\View\View->render('admin/desboard', Array, true)
#6 C:\xampp\htdocs\co\app\Controllers\meeshoController.php(22): view('admin/desboard')
#7 C:\xampp\htdocs\co\system\CodeIgniter.php(832): App\Controllers\meeshoController->meeshoadmin()
#8 C:\xampp\htdocs\co\system\CodeIgniter.php(419): CodeIgniter\CodeIgniter->runController(Object(App\Controllers\meeshoController))
#9 C:\xampp\htdocs\co\system\CodeIgniter.php(326): CodeIgniter\CodeIgniter->handleRequest(NULL, Object(Config\Cache), false)
#10 C:\xampp\htdocs\co\public\index.php(37): CodeIgniter\CodeIgniter->run()
#11 {main}
CRITICAL - 2022-04-20 23:44:31 --> Invalid file: common/head.php
#0 C:\xampp\htdocs\co\system\View\View.php(198): CodeIgniter\Exceptions\FrameworkException::forInvalidFile('common/head.php')
#1 C:\xampp\htdocs\co\system\Common.php(1089): CodeIgniter\View\View->render('common/head', Array, true)
#2 C:\xampp\htdocs\co\app\Views\admin\desboard.php(20): view('common/head')
#3 C:\xampp\htdocs\co\system\View\View.php(210): include('C:\\xampp\\htdocs...')
#4 C:\xampp\htdocs\co\system\View\View.php(213): CodeIgniter\View\View->CodeIgniter\View\{closure}()
#5 C:\xampp\htdocs\co\system\Common.php(1089): CodeIgniter\View\View->render('admin/desboard', Array, true)
#6 C:\xampp\htdocs\co\app\Controllers\meeshoController.php(22): view('admin/desboard')
#7 C:\xampp\htdocs\co\system\CodeIgniter.php(832): App\Controllers\meeshoController->meeshoadmin()
#8 C:\xampp\htdocs\co\system\CodeIgniter.php(419): CodeIgniter\CodeIgniter->runController(Object(App\Controllers\meeshoController))
#9 C:\xampp\htdocs\co\system\CodeIgniter.php(326): CodeIgniter\CodeIgniter->handleRequest(NULL, Object(Config\Cache), false)
#10 C:\xampp\htdocs\co\public\index.php(37): CodeIgniter\CodeIgniter->run()
#11 {main}
CRITICAL - 2022-04-20 23:44:48 --> Invalid file: common/head.php
#0 C:\xampp\htdocs\co\system\View\View.php(198): CodeIgniter\Exceptions\FrameworkException::forInvalidFile('common/head.php')
#1 C:\xampp\htdocs\co\system\Common.php(1089): CodeIgniter\View\View->render('common/head', Array, true)
#2 C:\xampp\htdocs\co\app\Views\admin\desboard.php(20): view('common/head')
#3 C:\xampp\htdocs\co\system\View\View.php(210): include('C:\\xampp\\htdocs...')
#4 C:\xampp\htdocs\co\system\View\View.php(213): CodeIgniter\View\View->CodeIgniter\View\{closure}()
#5 C:\xampp\htdocs\co\system\Common.php(1089): CodeIgniter\View\View->render('admin/desboard', Array, true)
#6 C:\xampp\htdocs\co\app\Controllers\meeshoController.php(22): view('admin/desboard')
#7 C:\xampp\htdocs\co\system\CodeIgniter.php(832): App\Controllers\meeshoController->meeshoadmin()
#8 C:\xampp\htdocs\co\system\CodeIgniter.php(419): CodeIgniter\CodeIgniter->runController(Object(App\Controllers\meeshoController))
#9 C:\xampp\htdocs\co\system\CodeIgniter.php(326): CodeIgniter\CodeIgniter->handleRequest(NULL, Object(Config\Cache), false)
#10 C:\xampp\htdocs\co\public\index.php(37): CodeIgniter\CodeIgniter->run()
#11 {main}
CRITICAL - 2022-04-20 23:45:30 --> Invalid file: common/head.php
#0 C:\xampp\htdocs\co\system\View\View.php(198): CodeIgniter\Exceptions\FrameworkException::forInvalidFile('common/head.php')
#1 C:\xampp\htdocs\co\system\Common.php(1089): CodeIgniter\View\View->render('common/head', Array, true)
#2 C:\xampp\htdocs\co\app\Views\admin\desboard.php(20): view('common/head')
#3 C:\xampp\htdocs\co\system\View\View.php(210): include('C:\\xampp\\htdocs...')
#4 C:\xampp\htdocs\co\system\View\View.php(213): CodeIgniter\View\View->CodeIgniter\View\{closure}()
#5 C:\xampp\htdocs\co\system\Common.php(1089): CodeIgniter\View\View->render('admin/desboard', Array, true)
#6 C:\xampp\htdocs\co\app\Controllers\meeshoController.php(22): view('admin/desboard')
#7 C:\xampp\htdocs\co\system\CodeIgniter.php(832): App\Controllers\meeshoController->meeshoadmin()
#8 C:\xampp\htdocs\co\system\CodeIgniter.php(419): CodeIgniter\CodeIgniter->runController(Object(App\Controllers\meeshoController))
#9 C:\xampp\htdocs\co\system\CodeIgniter.php(326): CodeIgniter\CodeIgniter->handleRequest(NULL, Object(Config\Cache), false)
#10 C:\xampp\htdocs\co\public\index.php(37): CodeIgniter\CodeIgniter->run()
#11 {main}
CRITICAL - 2022-04-20 23:47:03 --> Invalid file: common/head.php
#0 C:\xampp\htdocs\co\system\View\View.php(198): CodeIgniter\Exceptions\FrameworkException::forInvalidFile('common/head.php')
#1 C:\xampp\htdocs\co\system\Common.php(1089): CodeIgniter\View\View->render('common/head', Array, true)
#2 C:\xampp\htdocs\co\app\Views\admin\desboard.php(20): view('common/head')
#3 C:\xampp\htdocs\co\system\View\View.php(210): include('C:\\xampp\\htdocs...')
#4 C:\xampp\htdocs\co\system\View\View.php(213): CodeIgniter\View\View->CodeIgniter\View\{closure}()
#5 C:\xampp\htdocs\co\system\Common.php(1089): CodeIgniter\View\View->render('admin/desboard', Array, true)
#6 C:\xampp\htdocs\co\app\Controllers\meeshoController.php(22): view('admin/desboard')
#7 C:\xampp\htdocs\co\system\CodeIgniter.php(832): App\Controllers\meeshoController->meeshoadmin()
#8 C:\xampp\htdocs\co\system\CodeIgniter.php(419): CodeIgniter\CodeIgniter->runController(Object(App\Controllers\meeshoController))
#9 C:\xampp\htdocs\co\system\CodeIgniter.php(326): CodeIgniter\CodeIgniter->handleRequest(NULL, Object(Config\Cache), false)
#10 C:\xampp\htdocs\co\public\index.php(37): CodeIgniter\CodeIgniter->run()
#11 {main}
CRITICAL - 2022-04-20 23:47:38 --> Invalid file: common/head.php
#0 C:\xampp\htdocs\co\system\View\View.php(198): CodeIgniter\Exceptions\FrameworkException::forInvalidFile('common/head.php')
#1 C:\xampp\htdocs\co\system\Common.php(1089): CodeIgniter\View\View->render('common/head', Array, true)
#2 C:\xampp\htdocs\co\app\Views\admin\desboard.php(20): view('common/head')
#3 C:\xampp\htdocs\co\system\View\View.php(210): include('C:\\xampp\\htdocs...')
#4 C:\xampp\htdocs\co\system\View\View.php(213): CodeIgniter\View\View->CodeIgniter\View\{closure}()
#5 C:\xampp\htdocs\co\system\Common.php(1089): CodeIgniter\View\View->render('admin/desboard', Array, true)
#6 C:\xampp\htdocs\co\app\Controllers\meeshoController.php(22): view('admin/desboard')
#7 C:\xampp\htdocs\co\system\CodeIgniter.php(832): App\Controllers\meeshoController->meeshoadmin()
#8 C:\xampp\htdocs\co\system\CodeIgniter.php(419): CodeIgniter\CodeIgniter->runController(Object(App\Controllers\meeshoController))
#9 C:\xampp\htdocs\co\system\CodeIgniter.php(326): CodeIgniter\CodeIgniter->handleRequest(NULL, Object(Config\Cache), false)
#10 C:\xampp\htdocs\co\public\index.php(37): CodeIgniter\CodeIgniter->run()
#11 {main}
CRITICAL - 2022-04-20 23:47:44 --> Invalid file: common/head.php
#0 C:\xampp\htdocs\co\system\View\View.php(198): CodeIgniter\Exceptions\FrameworkException::forInvalidFile('common/head.php')
#1 C:\xampp\htdocs\co\system\Common.php(1089): CodeIgniter\View\View->render('common/head', Array, true)
#2 C:\xampp\htdocs\co\app\Views\admin\desboard.php(20): view('common/head')
#3 C:\xampp\htdocs\co\system\View\View.php(210): include('C:\\xampp\\htdocs...')
#4 C:\xampp\htdocs\co\system\View\View.php(213): CodeIgniter\View\View->CodeIgniter\View\{closure}()
#5 C:\xampp\htdocs\co\system\Common.php(1089): CodeIgniter\View\View->render('admin/desboard', Array, true)
#6 C:\xampp\htdocs\co\app\Controllers\meeshoController.php(22): view('admin/desboard')
#7 C:\xampp\htdocs\co\system\CodeIgniter.php(832): App\Controllers\meeshoController->meeshoadmin()
#8 C:\xampp\htdocs\co\system\CodeIgniter.php(419): CodeIgniter\CodeIgniter->runController(Object(App\Controllers\meeshoController))
#9 C:\xampp\htdocs\co\system\CodeIgniter.php(326): CodeIgniter\CodeIgniter->handleRequest(NULL, Object(Config\Cache), false)
#10 C:\xampp\htdocs\co\public\index.php(37): CodeIgniter\CodeIgniter->run()
#11 {main}
CRITICAL - 2022-04-20 23:47:46 --> Invalid file: common/head.php
#0 C:\xampp\htdocs\co\system\View\View.php(198): CodeIgniter\Exceptions\FrameworkException::forInvalidFile('common/head.php')
#1 C:\xampp\htdocs\co\system\Common.php(1089): CodeIgniter\View\View->render('common/head', Array, true)
#2 C:\xampp\htdocs\co\app\Views\admin\desboard.php(20): view('common/head')
#3 C:\xampp\htdocs\co\system\View\View.php(210): include('C:\\xampp\\htdocs...')
#4 C:\xampp\htdocs\co\system\View\View.php(213): CodeIgniter\View\View->CodeIgniter\View\{closure}()
#5 C:\xampp\htdocs\co\system\Common.php(1089): CodeIgniter\View\View->render('admin/desboard', Array, true)
#6 C:\xampp\htdocs\co\app\Controllers\meeshoController.php(22): view('admin/desboard')
#7 C:\xampp\htdocs\co\system\CodeIgniter.php(832): App\Controllers\meeshoController->meeshoadmin()
#8 C:\xampp\htdocs\co\system\CodeIgniter.php(419): CodeIgniter\CodeIgniter->runController(Object(App\Controllers\meeshoController))
#9 C:\xampp\htdocs\co\system\CodeIgniter.php(326): CodeIgniter\CodeIgniter->handleRequest(NULL, Object(Config\Cache), false)
#10 C:\xampp\htdocs\co\public\index.php(37): CodeIgniter\CodeIgniter->run()
#11 {main}
CRITICAL - 2022-04-20 23:49:28 --> Invalid file: common/head.php
#0 C:\xampp\htdocs\co\system\View\View.php(198): CodeIgniter\Exceptions\FrameworkException::forInvalidFile('common/head.php')
#1 C:\xampp\htdocs\co\system\Common.php(1089): CodeIgniter\View\View->render('common/head', Array, true)
#2 C:\xampp\htdocs\co\app\Views\admin\desboard.php(20): view('common/head')
#3 C:\xampp\htdocs\co\system\View\View.php(210): include('C:\\xampp\\htdocs...')
#4 C:\xampp\htdocs\co\system\View\View.php(213): CodeIgniter\View\View->CodeIgniter\View\{closure}()
#5 C:\xampp\htdocs\co\system\Common.php(1089): CodeIgniter\View\View->render('admin/desboard', Array, true)
#6 C:\xampp\htdocs\co\app\Controllers\meeshoController.php(22): view('admin/desboard')
#7 C:\xampp\htdocs\co\system\CodeIgniter.php(832): App\Controllers\meeshoController->meeshoadmin()
#8 C:\xampp\htdocs\co\system\CodeIgniter.php(419): CodeIgniter\CodeIgniter->runController(Object(App\Controllers\meeshoController))
#9 C:\xampp\htdocs\co\system\CodeIgniter.php(326): CodeIgniter\CodeIgniter->handleRequest(NULL, Object(Config\Cache), false)
#10 C:\xampp\htdocs\co\public\index.php(37): CodeIgniter\CodeIgniter->run()
#11 {main}
CRITICAL - 2022-04-20 23:49:36 --> Invalid file: common/head.php
#0 C:\xampp\htdocs\co\system\View\View.php(198): CodeIgniter\Exceptions\FrameworkException::forInvalidFile('common/head.php')
#1 C:\xampp\htdocs\co\system\Common.php(1089): CodeIgniter\View\View->render('common/head', Array, true)
#2 C:\xampp\htdocs\co\app\Views\admin\desboard.php(20): view('common/head')
#3 C:\xampp\htdocs\co\system\View\View.php(210): include('C:\\xampp\\htdocs...')
#4 C:\xampp\htdocs\co\system\View\View.php(213): CodeIgniter\View\View->CodeIgniter\View\{closure}()
#5 C:\xampp\htdocs\co\system\Common.php(1089): CodeIgniter\View\View->render('admin/desboard', Array, true)
#6 C:\xampp\htdocs\co\app\Controllers\meeshoController.php(22): view('admin/desboard')
#7 C:\xampp\htdocs\co\system\CodeIgniter.php(832): App\Controllers\meeshoController->meeshoadmin()
#8 C:\xampp\htdocs\co\system\CodeIgniter.php(419): CodeIgniter\CodeIgniter->runController(Object(App\Controllers\meeshoController))
#9 C:\xampp\htdocs\co\system\CodeIgniter.php(326): CodeIgniter\CodeIgniter->handleRequest(NULL, Object(Config\Cache), false)
#10 C:\xampp\htdocs\co\public\index.php(37): CodeIgniter\CodeIgniter->run()
#11 {main}
CRITICAL - 2022-04-20 23:52:42 --> Invalid file: common/head.php
#0 C:\xampp\htdocs\co\system\View\View.php(198): CodeIgniter\Exceptions\FrameworkException::forInvalidFile('common/head.php')
#1 C:\xampp\htdocs\co\system\Common.php(1089): CodeIgniter\View\View->render('common/head', Array, true)
#2 C:\xampp\htdocs\co\app\Views\admin\desboard.php(20): view('common/head')
#3 C:\xampp\htdocs\co\system\View\View.php(210): include('C:\\xampp\\htdocs...')
#4 C:\xampp\htdocs\co\system\View\View.php(213): CodeIgniter\View\View->CodeIgniter\View\{closure}()
#5 C:\xampp\htdocs\co\system\Common.php(1089): CodeIgniter\View\View->render('admin/desboard', Array, true)
#6 C:\xampp\htdocs\co\app\Controllers\meeshoController.php(22): view('admin/desboard')
#7 C:\xampp\htdocs\co\system\CodeIgniter.php(832): App\Controllers\meeshoController->meeshoadmin()
#8 C:\xampp\htdocs\co\system\CodeIgniter.php(419): CodeIgniter\CodeIgniter->runController(Object(App\Controllers\meeshoController))
#9 C:\xampp\htdocs\co\system\CodeIgniter.php(326): CodeIgniter\CodeIgniter->handleRequest(NULL, Object(Config\Cache), false)
#10 C:\xampp\htdocs\co\public\index.php(37): CodeIgniter\CodeIgniter->run()
#11 {main}
CRITICAL - 2022-04-20 23:53:10 --> Invalid file: common/head.php
#0 C:\xampp\htdocs\co\system\View\View.php(198): CodeIgniter\Exceptions\FrameworkException::forInvalidFile('common/head.php')
#1 C:\xampp\htdocs\co\system\Common.php(1089): CodeIgniter\View\View->render('common/head.php', Array, true)
#2 C:\xampp\htdocs\co\app\Views\admin\desboard.php(20): view('common/head.php')
#3 C:\xampp\htdocs\co\system\View\View.php(210): include('C:\\xampp\\htdocs...')
#4 C:\xampp\htdocs\co\system\View\View.php(213): CodeIgniter\View\View->CodeIgniter\View\{closure}()
#5 C:\xampp\htdocs\co\system\Common.php(1089): CodeIgniter\View\View->render('admin/desboard', Array, true)
#6 C:\xampp\htdocs\co\app\Controllers\meeshoController.php(22): view('admin/desboard')
#7 C:\xampp\htdocs\co\system\CodeIgniter.php(832): App\Controllers\meeshoController->meeshoadmin()
#8 C:\xampp\htdocs\co\system\CodeIgniter.php(419): CodeIgniter\CodeIgniter->runController(Object(App\Controllers\meeshoController))
#9 C:\xampp\htdocs\co\system\CodeIgniter.php(326): CodeIgniter\CodeIgniter->handleRequest(NULL, Object(Config\Cache), false)
#10 C:\xampp\htdocs\co\public\index.php(37): CodeIgniter\CodeIgniter->run()
#11 {main}
