CRITICAL - 2022-03-25 10:20:05 --> syntax error, unexpected 'return' (T_RETURN)
#0 C:\xampp\htdocs\co\system\Autoloader\Autoloader.php(241): CodeIgniter\Autoloader\Autoloader->includeFile('C:\\xampp\\htdocs...')
#1 C:\xampp\htdocs\co\system\Autoloader\Autoloader.php(219): CodeIgniter\Autoloader\Autoloader->loadInNamespace('App\\Controllers...')
#2 [internal function]: CodeIgniter\Autoloader\Autoloader->loadClass('App\\Controllers...')
#3 [internal function]: spl_autoload_call('App\\Controllers...')
#4 C:\xampp\htdocs\co\system\CodeIgniter.php(797): class_exists('\\App\\Controller...', true)
#5 C:\xampp\htdocs\co\system\CodeIgniter.php(406): CodeIgniter\CodeIgniter->startController()
#6 C:\xampp\htdocs\co\system\CodeIgniter.php(326): CodeIgniter\CodeIgniter->handleRequest(NULL, Object(Config\Cache), false)
#7 C:\xampp\htdocs\co\public\index.php(37): CodeIgniter\CodeIgniter->run()
#8 {main}
CRITICAL - 2022-03-25 10:51:32 --> Invalid file: head_view.php
#0 C:\xampp\htdocs\co\system\View\View.php(198): CodeIgniter\Exceptions\FrameworkException::forInvalidFile('head_view.php')
#1 C:\xampp\htdocs\co\system\Common.php(1089): CodeIgniter\View\View->render('head_view', Array, true)
#2 C:\xampp\htdocs\co\app\Views\About_view.php(4): view('head_view')
#3 C:\xampp\htdocs\co\system\View\View.php(210): include('C:\\xampp\\htdocs...')
#4 C:\xampp\htdocs\co\system\View\View.php(213): CodeIgniter\View\View->CodeIgniter\View\{closure}()
#5 C:\xampp\htdocs\co\system\Common.php(1089): CodeIgniter\View\View->render('About_view', Array, true)
#6 C:\xampp\htdocs\co\app\Controllers\About.php(9): view('About_view')
#7 C:\xampp\htdocs\co\system\CodeIgniter.php(832): App\Controllers\About->index()
#8 C:\xampp\htdocs\co\system\CodeIgniter.php(419): CodeIgniter\CodeIgniter->runController(Object(App\Controllers\About))
#9 C:\xampp\htdocs\co\system\CodeIgniter.php(326): CodeIgniter\CodeIgniter->handleRequest(NULL, Object(Config\Cache), false)
#10 C:\xampp\htdocs\co\public\index.php(37): CodeIgniter\CodeIgniter->run()
#11 {main}
CRITICAL - 2022-03-25 10:52:16 --> Call to a member function view() on null
#0 C:\xampp\htdocs\co\system\View\View.php(210): include()
#1 C:\xampp\htdocs\co\system\View\View.php(213): CodeIgniter\View\View->CodeIgniter\View\{closure}()
#2 C:\xampp\htdocs\co\system\Common.php(1089): CodeIgniter\View\View->render('About_view', Array, true)
#3 C:\xampp\htdocs\co\app\Controllers\About.php(9): view('About_view')
#4 C:\xampp\htdocs\co\system\CodeIgniter.php(832): App\Controllers\About->index()
#5 C:\xampp\htdocs\co\system\CodeIgniter.php(419): CodeIgniter\CodeIgniter->runController(Object(App\Controllers\About))
#6 C:\xampp\htdocs\co\system\CodeIgniter.php(326): CodeIgniter\CodeIgniter->handleRequest(NULL, Object(Config\Cache), false)
#7 C:\xampp\htdocs\co\public\index.php(37): CodeIgniter\CodeIgniter->run()
#8 {main}
CRITICAL - 2022-03-25 10:52:17 --> Call to a member function view() on null
#0 C:\xampp\htdocs\co\system\View\View.php(210): include()
#1 C:\xampp\htdocs\co\system\View\View.php(213): CodeIgniter\View\View->CodeIgniter\View\{closure}()
#2 C:\xampp\htdocs\co\system\Common.php(1089): CodeIgniter\View\View->render('About_view', Array, true)
#3 C:\xampp\htdocs\co\app\Controllers\About.php(9): view('About_view')
#4 C:\xampp\htdocs\co\system\CodeIgniter.php(832): App\Controllers\About->index()
#5 C:\xampp\htdocs\co\system\CodeIgniter.php(419): CodeIgniter\CodeIgniter->runController(Object(App\Controllers\About))
#6 C:\xampp\htdocs\co\system\CodeIgniter.php(326): CodeIgniter\CodeIgniter->handleRequest(NULL, Object(Config\Cache), false)
#7 C:\xampp\htdocs\co\public\index.php(37): CodeIgniter\CodeIgniter->run()
#8 {main}
CRITICAL - 2022-03-25 10:54:10 --> Unable to locate view cell class: head_view.
#0 C:\xampp\htdocs\co\system\View\Cell.php(201): CodeIgniter\View\Exceptions\ViewException::forInvalidCellClass('head_view')
#1 C:\xampp\htdocs\co\system\View\Cell.php(71): CodeIgniter\View\Cell->determineClass('head_view')
#2 C:\xampp\htdocs\co\system\Common.php(1105): CodeIgniter\View\Cell->render('head_view', NULL, 0, NULL)
#3 C:\xampp\htdocs\co\app\Views\About_view.php(4): view_cell('head_view')
#4 C:\xampp\htdocs\co\system\View\View.php(210): include('C:\\xampp\\htdocs...')
#5 C:\xampp\htdocs\co\system\View\View.php(213): CodeIgniter\View\View->CodeIgniter\View\{closure}()
#6 C:\xampp\htdocs\co\system\Common.php(1089): CodeIgniter\View\View->render('About_view', Array, true)
#7 C:\xampp\htdocs\co\app\Controllers\About.php(9): view('About_view')
#8 C:\xampp\htdocs\co\system\CodeIgniter.php(832): App\Controllers\About->index()
#9 C:\xampp\htdocs\co\system\CodeIgniter.php(419): CodeIgniter\CodeIgniter->runController(Object(App\Controllers\About))
#10 C:\xampp\htdocs\co\system\CodeIgniter.php(326): CodeIgniter\CodeIgniter->handleRequest(NULL, Object(Config\Cache), false)
#11 C:\xampp\htdocs\co\public\index.php(37): CodeIgniter\CodeIgniter->run()
#12 {main}
CRITICAL - 2022-03-25 10:54:12 --> Unable to locate view cell class: head_view.
#0 C:\xampp\htdocs\co\system\View\Cell.php(201): CodeIgniter\View\Exceptions\ViewException::forInvalidCellClass('head_view')
#1 C:\xampp\htdocs\co\system\View\Cell.php(71): CodeIgniter\View\Cell->determineClass('head_view')
#2 C:\xampp\htdocs\co\system\Common.php(1105): CodeIgniter\View\Cell->render('head_view', NULL, 0, NULL)
#3 C:\xampp\htdocs\co\app\Views\About_view.php(4): view_cell('head_view')
#4 C:\xampp\htdocs\co\system\View\View.php(210): include('C:\\xampp\\htdocs...')
#5 C:\xampp\htdocs\co\system\View\View.php(213): CodeIgniter\View\View->CodeIgniter\View\{closure}()
#6 C:\xampp\htdocs\co\system\Common.php(1089): CodeIgniter\View\View->render('About_view', Array, true)
#7 C:\xampp\htdocs\co\app\Controllers\About.php(9): view('About_view')
#8 C:\xampp\htdocs\co\system\CodeIgniter.php(832): App\Controllers\About->index()
#9 C:\xampp\htdocs\co\system\CodeIgniter.php(419): CodeIgniter\CodeIgniter->runController(Object(App\Controllers\About))
#10 C:\xampp\htdocs\co\system\CodeIgniter.php(326): CodeIgniter\CodeIgniter->handleRequest(NULL, Object(Config\Cache), false)
#11 C:\xampp\htdocs\co\public\index.php(37): CodeIgniter\CodeIgniter->run()
#12 {main}
CRITICAL - 2022-03-25 10:54:12 --> Unable to locate view cell class: head_view.
#0 C:\xampp\htdocs\co\system\View\Cell.php(201): CodeIgniter\View\Exceptions\ViewException::forInvalidCellClass('head_view')
#1 C:\xampp\htdocs\co\system\View\Cell.php(71): CodeIgniter\View\Cell->determineClass('head_view')
#2 C:\xampp\htdocs\co\system\Common.php(1105): CodeIgniter\View\Cell->render('head_view', NULL, 0, NULL)
#3 C:\xampp\htdocs\co\app\Views\About_view.php(4): view_cell('head_view')
#4 C:\xampp\htdocs\co\system\View\View.php(210): include('C:\\xampp\\htdocs...')
#5 C:\xampp\htdocs\co\system\View\View.php(213): CodeIgniter\View\View->CodeIgniter\View\{closure}()
#6 C:\xampp\htdocs\co\system\Common.php(1089): CodeIgniter\View\View->render('About_view', Array, true)
#7 C:\xampp\htdocs\co\app\Controllers\About.php(9): view('About_view')
#8 C:\xampp\htdocs\co\system\CodeIgniter.php(832): App\Controllers\About->index()
#9 C:\xampp\htdocs\co\system\CodeIgniter.php(419): CodeIgniter\CodeIgniter->runController(Object(App\Controllers\About))
#10 C:\xampp\htdocs\co\system\CodeIgniter.php(326): CodeIgniter\CodeIgniter->handleRequest(NULL, Object(Config\Cache), false)
#11 C:\xampp\htdocs\co\public\index.php(37): CodeIgniter\CodeIgniter->run()
#12 {main}
CRITICAL - 2022-03-25 10:55:38 --> Invalid file: head_view.php
#0 C:\xampp\htdocs\co\system\View\View.php(198): CodeIgniter\Exceptions\FrameworkException::forInvalidFile('head_view.php')
#1 C:\xampp\htdocs\co\system\Common.php(1089): CodeIgniter\View\View->render('head_view', Array, true)
#2 C:\xampp\htdocs\co\app\Controllers\About.php(9): view('head_view')
#3 C:\xampp\htdocs\co\system\CodeIgniter.php(832): App\Controllers\About->index()
#4 C:\xampp\htdocs\co\system\CodeIgniter.php(419): CodeIgniter\CodeIgniter->runController(Object(App\Controllers\About))
#5 C:\xampp\htdocs\co\system\CodeIgniter.php(326): CodeIgniter\CodeIgniter->handleRequest(NULL, Object(Config\Cache), false)
#6 C:\xampp\htdocs\co\public\index.php(37): CodeIgniter\CodeIgniter->run()
#7 {main}
CRITICAL - 2022-03-25 10:55:39 --> Invalid file: head_view.php
#0 C:\xampp\htdocs\co\system\View\View.php(198): CodeIgniter\Exceptions\FrameworkException::forInvalidFile('head_view.php')
#1 C:\xampp\htdocs\co\system\Common.php(1089): CodeIgniter\View\View->render('head_view', Array, true)
#2 C:\xampp\htdocs\co\app\Controllers\About.php(9): view('head_view')
#3 C:\xampp\htdocs\co\system\CodeIgniter.php(832): App\Controllers\About->index()
#4 C:\xampp\htdocs\co\system\CodeIgniter.php(419): CodeIgniter\CodeIgniter->runController(Object(App\Controllers\About))
#5 C:\xampp\htdocs\co\system\CodeIgniter.php(326): CodeIgniter\CodeIgniter->handleRequest(NULL, Object(Config\Cache), false)
#6 C:\xampp\htdocs\co\public\index.php(37): CodeIgniter\CodeIgniter->run()
#7 {main}
CRITICAL - 2022-03-25 10:56:23 --> Unable to locate view cell class: view('common/head_view').
#0 C:\xampp\htdocs\co\system\View\Cell.php(201): CodeIgniter\View\Exceptions\ViewException::forInvalidCellClass('view('common/he...')
#1 C:\xampp\htdocs\co\system\View\Cell.php(71): CodeIgniter\View\Cell->determineClass('view('common/he...')
#2 C:\xampp\htdocs\co\system\Common.php(1105): CodeIgniter\View\Cell->render('view('common/he...', NULL, 0, NULL)
#3 C:\xampp\htdocs\co\app\Views\About_view.php(4): view_cell('view('common/he...')
#4 C:\xampp\htdocs\co\system\View\View.php(210): include('C:\\xampp\\htdocs...')
#5 C:\xampp\htdocs\co\system\View\View.php(213): CodeIgniter\View\View->CodeIgniter\View\{closure}()
#6 C:\xampp\htdocs\co\system\Common.php(1089): CodeIgniter\View\View->render('About_view', Array, true)
#7 C:\xampp\htdocs\co\app\Controllers\About.php(9): view('About_view')
#8 C:\xampp\htdocs\co\system\CodeIgniter.php(832): App\Controllers\About->index()
#9 C:\xampp\htdocs\co\system\CodeIgniter.php(419): CodeIgniter\CodeIgniter->runController(Object(App\Controllers\About))
#10 C:\xampp\htdocs\co\system\CodeIgniter.php(326): CodeIgniter\CodeIgniter->handleRequest(NULL, Object(Config\Cache), false)
#11 C:\xampp\htdocs\co\public\index.php(37): CodeIgniter\CodeIgniter->run()
#12 {main}
CRITICAL - 2022-03-25 10:56:41 --> Unable to locate view cell class: common/head_view.
#0 C:\xampp\htdocs\co\system\View\Cell.php(201): CodeIgniter\View\Exceptions\ViewException::forInvalidCellClass('common/head_vie...')
#1 C:\xampp\htdocs\co\system\View\Cell.php(71): CodeIgniter\View\Cell->determineClass('common/head_vie...')
#2 C:\xampp\htdocs\co\system\Common.php(1105): CodeIgniter\View\Cell->render('common/head_vie...', NULL, 0, NULL)
#3 C:\xampp\htdocs\co\app\Views\About_view.php(4): view_cell('common/head_vie...')
#4 C:\xampp\htdocs\co\system\View\View.php(210): include('C:\\xampp\\htdocs...')
#5 C:\xampp\htdocs\co\system\View\View.php(213): CodeIgniter\View\View->CodeIgniter\View\{closure}()
#6 C:\xampp\htdocs\co\system\Common.php(1089): CodeIgniter\View\View->render('About_view', Array, true)
#7 C:\xampp\htdocs\co\app\Controllers\About.php(9): view('About_view')
#8 C:\xampp\htdocs\co\system\CodeIgniter.php(832): App\Controllers\About->index()
#9 C:\xampp\htdocs\co\system\CodeIgniter.php(419): CodeIgniter\CodeIgniter->runController(Object(App\Controllers\About))
#10 C:\xampp\htdocs\co\system\CodeIgniter.php(326): CodeIgniter\CodeIgniter->handleRequest(NULL, Object(Config\Cache), false)
#11 C:\xampp\htdocs\co\public\index.php(37): CodeIgniter\CodeIgniter->run()
#12 {main}
CRITICAL - 2022-03-25 10:56:55 --> syntax error, unexpected '->' (T_OBJECT_OPERATOR), expecting ',' or ';'
#0 C:\xampp\htdocs\co\system\View\View.php(213): CodeIgniter\View\View->CodeIgniter\View\{closure}()
#1 C:\xampp\htdocs\co\system\Common.php(1089): CodeIgniter\View\View->render('About_view', Array, true)
#2 C:\xampp\htdocs\co\app\Controllers\About.php(9): view('About_view')
#3 C:\xampp\htdocs\co\system\CodeIgniter.php(832): App\Controllers\About->index()
#4 C:\xampp\htdocs\co\system\CodeIgniter.php(419): CodeIgniter\CodeIgniter->runController(Object(App\Controllers\About))
#5 C:\xampp\htdocs\co\system\CodeIgniter.php(326): CodeIgniter\CodeIgniter->handleRequest(NULL, Object(Config\Cache), false)
#6 C:\xampp\htdocs\co\public\index.php(37): CodeIgniter\CodeIgniter->run()
#7 {main}
CRITICAL - 2022-03-25 10:56:56 --> syntax error, unexpected '->' (T_OBJECT_OPERATOR), expecting ',' or ';'
#0 C:\xampp\htdocs\co\system\View\View.php(213): CodeIgniter\View\View->CodeIgniter\View\{closure}()
#1 C:\xampp\htdocs\co\system\Common.php(1089): CodeIgniter\View\View->render('About_view', Array, true)
#2 C:\xampp\htdocs\co\app\Controllers\About.php(9): view('About_view')
#3 C:\xampp\htdocs\co\system\CodeIgniter.php(832): App\Controllers\About->index()
#4 C:\xampp\htdocs\co\system\CodeIgniter.php(419): CodeIgniter\CodeIgniter->runController(Object(App\Controllers\About))
#5 C:\xampp\htdocs\co\system\CodeIgniter.php(326): CodeIgniter\CodeIgniter->handleRequest(NULL, Object(Config\Cache), false)
#6 C:\xampp\htdocs\co\public\index.php(37): CodeIgniter\CodeIgniter->run()
#7 {main}
CRITICAL - 2022-03-25 10:57:08 --> Call to a member function view() on null
#0 C:\xampp\htdocs\co\system\View\View.php(210): include()
#1 C:\xampp\htdocs\co\system\View\View.php(213): CodeIgniter\View\View->CodeIgniter\View\{closure}()
#2 C:\xampp\htdocs\co\system\Common.php(1089): CodeIgniter\View\View->render('About_view', Array, true)
#3 C:\xampp\htdocs\co\app\Controllers\About.php(9): view('About_view')
#4 C:\xampp\htdocs\co\system\CodeIgniter.php(832): App\Controllers\About->index()
#5 C:\xampp\htdocs\co\system\CodeIgniter.php(419): CodeIgniter\CodeIgniter->runController(Object(App\Controllers\About))
#6 C:\xampp\htdocs\co\system\CodeIgniter.php(326): CodeIgniter\CodeIgniter->handleRequest(NULL, Object(Config\Cache), false)
#7 C:\xampp\htdocs\co\public\index.php(37): CodeIgniter\CodeIgniter->run()
#8 {main}
