CRITICAL - 2022-05-23 03:31:09 --> Undefined array key "delete"
#0 C:\xampp\htdocs\co\app\Views\admin\product_list.php(16): CodeIgniter\Debug\Exceptions->errorHandler(2, 'Undefined array...', 'C:\\xampp\\htdocs...', 16)
#1 C:\xampp\htdocs\co\system\View\View.php(210): include('C:\\xampp\\htdocs...')
#2 C:\xampp\htdocs\co\system\View\View.php(213): CodeIgniter\View\View->CodeIgniter\View\{closure}()
#3 C:\xampp\htdocs\co\system\Common.php(1089): CodeIgniter\View\View->render('admin/product_l...', Array, true)
#4 C:\xampp\htdocs\co\app\Controllers\meeshoController.php(48): view('admin/product_l...', Array)
#5 C:\xampp\htdocs\co\system\CodeIgniter.php(832): App\Controllers\MeeshoController->product_list()
#6 C:\xampp\htdocs\co\system\CodeIgniter.php(419): CodeIgniter\CodeIgniter->runController(Object(App\Controllers\MeeshoController))
#7 C:\xampp\htdocs\co\system\CodeIgniter.php(326): CodeIgniter\CodeIgniter->handleRequest(NULL, Object(Config\Cache), false)
#8 C:\xampp\htdocs\co\public\index.php(37): CodeIgniter\CodeIgniter->run()
#9 {main}
CRITICAL - 2022-05-23 03:33:39 --> Undefined variable $mydata
#0 C:\xampp\htdocs\co\app\Views\admin\add_product.php(17): CodeIgniter\Debug\Exceptions->errorHandler(2, 'Undefined varia...', 'C:\\xampp\\htdocs...', 17)
#1 C:\xampp\htdocs\co\system\View\View.php(210): include('C:\\xampp\\htdocs...')
#2 C:\xampp\htdocs\co\system\View\View.php(213): CodeIgniter\View\View->CodeIgniter\View\{closure}()
#3 C:\xampp\htdocs\co\system\Common.php(1089): CodeIgniter\View\View->render('admin/add_produ...', Array, true)
#4 C:\xampp\htdocs\co\app\Controllers\meeshoController.php(38): view('admin/add_produ...')
#5 C:\xampp\htdocs\co\system\CodeIgniter.php(832): App\Controllers\MeeshoController->meeshoadd_product()
#6 C:\xampp\htdocs\co\system\CodeIgniter.php(419): CodeIgniter\CodeIgniter->runController(Object(App\Controllers\MeeshoController))
#7 C:\xampp\htdocs\co\system\CodeIgniter.php(326): CodeIgniter\CodeIgniter->handleRequest(NULL, Object(Config\Cache), false)
#8 C:\xampp\htdocs\co\public\index.php(37): CodeIgniter\CodeIgniter->run()
#9 {main}
CRITICAL - 2022-05-23 03:36:15 --> Undefined variable $mydata
#0 C:\xampp\htdocs\co\app\Views\admin\add_product.php(58): CodeIgniter\Debug\Exceptions->errorHandler(2, 'Undefined varia...', 'C:\\xampp\\htdocs...', 58)
#1 C:\xampp\htdocs\co\system\View\View.php(210): include('C:\\xampp\\htdocs...')
#2 C:\xampp\htdocs\co\system\View\View.php(213): CodeIgniter\View\View->CodeIgniter\View\{closure}()
#3 C:\xampp\htdocs\co\system\Common.php(1089): CodeIgniter\View\View->render('admin/add_produ...', Array, true)
#4 C:\xampp\htdocs\co\app\Controllers\meeshoController.php(38): view('admin/add_produ...')
#5 C:\xampp\htdocs\co\system\CodeIgniter.php(832): App\Controllers\MeeshoController->meeshoadd_product()
#6 C:\xampp\htdocs\co\system\CodeIgniter.php(419): CodeIgniter\CodeIgniter->runController(Object(App\Controllers\MeeshoController))
#7 C:\xampp\htdocs\co\system\CodeIgniter.php(326): CodeIgniter\CodeIgniter->handleRequest(NULL, Object(Config\Cache), false)
#8 C:\xampp\htdocs\co\public\index.php(37): CodeIgniter\CodeIgniter->run()
#9 {main}
CRITICAL - 2022-05-23 03:37:54 --> syntax error, unexpected integer "1", expecting ";"
#0 C:\xampp\htdocs\co\system\Autoloader\Autoloader.php(241): CodeIgniter\Autoloader\Autoloader->includeFile('C:\\xampp\\htdocs...')
#1 C:\xampp\htdocs\co\system\Autoloader\Autoloader.php(219): CodeIgniter\Autoloader\Autoloader->loadInNamespace('App\\Controllers...')
#2 [internal function]: CodeIgniter\Autoloader\Autoloader->loadClass('App\\Controllers...')
#3 C:\xampp\htdocs\co\system\CodeIgniter.php(797): class_exists('\\App\\Controller...', true)
#4 C:\xampp\htdocs\co\system\CodeIgniter.php(406): CodeIgniter\CodeIgniter->startController()
#5 C:\xampp\htdocs\co\system\CodeIgniter.php(326): CodeIgniter\CodeIgniter->handleRequest(NULL, Object(Config\Cache), false)
#6 C:\xampp\htdocs\co\public\index.php(37): CodeIgniter\CodeIgniter->run()
#7 {main}
CRITICAL - 2022-05-23 04:54:23 --> syntax error, unexpected integer "1", expecting ";"
#0 C:\xampp\htdocs\co\system\Autoloader\Autoloader.php(241): CodeIgniter\Autoloader\Autoloader->includeFile('C:\\xampp\\htdocs...')
#1 C:\xampp\htdocs\co\system\Autoloader\Autoloader.php(219): CodeIgniter\Autoloader\Autoloader->loadInNamespace('App\\Controllers...')
#2 [internal function]: CodeIgniter\Autoloader\Autoloader->loadClass('App\\Controllers...')
#3 C:\xampp\htdocs\co\system\CodeIgniter.php(797): class_exists('\\App\\Controller...', true)
#4 C:\xampp\htdocs\co\system\CodeIgniter.php(406): CodeIgniter\CodeIgniter->startController()
#5 C:\xampp\htdocs\co\system\CodeIgniter.php(326): CodeIgniter\CodeIgniter->handleRequest(NULL, Object(Config\Cache), false)
#6 C:\xampp\htdocs\co\public\index.php(37): CodeIgniter\CodeIgniter->run()
#7 {main}
CRITICAL - 2022-05-23 04:54:42 --> syntax error, unexpected integer "1", expecting ";"
#0 C:\xampp\htdocs\co\system\Autoloader\Autoloader.php(241): CodeIgniter\Autoloader\Autoloader->includeFile('C:\\xampp\\htdocs...')
#1 C:\xampp\htdocs\co\system\Autoloader\Autoloader.php(219): CodeIgniter\Autoloader\Autoloader->loadInNamespace('App\\Controllers...')
#2 [internal function]: CodeIgniter\Autoloader\Autoloader->loadClass('App\\Controllers...')
#3 C:\xampp\htdocs\co\system\CodeIgniter.php(797): class_exists('\\App\\Controller...', true)
#4 C:\xampp\htdocs\co\system\CodeIgniter.php(406): CodeIgniter\CodeIgniter->startController()
#5 C:\xampp\htdocs\co\system\CodeIgniter.php(326): CodeIgniter\CodeIgniter->handleRequest(NULL, Object(Config\Cache), false)
#6 C:\xampp\htdocs\co\public\index.php(37): CodeIgniter\CodeIgniter->run()
#7 {main}
CRITICAL - 2022-05-23 04:54:56 --> syntax error, unexpected integer "1", expecting ";"
#0 C:\xampp\htdocs\co\system\Autoloader\Autoloader.php(241): CodeIgniter\Autoloader\Autoloader->includeFile('C:\\xampp\\htdocs...')
#1 C:\xampp\htdocs\co\system\Autoloader\Autoloader.php(219): CodeIgniter\Autoloader\Autoloader->loadInNamespace('App\\Controllers...')
#2 [internal function]: CodeIgniter\Autoloader\Autoloader->loadClass('App\\Controllers...')
#3 C:\xampp\htdocs\co\system\CodeIgniter.php(797): class_exists('\\App\\Controller...', true)
#4 C:\xampp\htdocs\co\system\CodeIgniter.php(406): CodeIgniter\CodeIgniter->startController()
#5 C:\xampp\htdocs\co\system\CodeIgniter.php(326): CodeIgniter\CodeIgniter->handleRequest(NULL, Object(Config\Cache), false)
#6 C:\xampp\htdocs\co\public\index.php(37): CodeIgniter\CodeIgniter->run()
#7 {main}
CRITICAL - 2022-05-23 04:54:57 --> syntax error, unexpected integer "1", expecting ";"
#0 C:\xampp\htdocs\co\system\Autoloader\Autoloader.php(241): CodeIgniter\Autoloader\Autoloader->includeFile('C:\\xampp\\htdocs...')
#1 C:\xampp\htdocs\co\system\Autoloader\Autoloader.php(219): CodeIgniter\Autoloader\Autoloader->loadInNamespace('App\\Controllers...')
#2 [internal function]: CodeIgniter\Autoloader\Autoloader->loadClass('App\\Controllers...')
#3 C:\xampp\htdocs\co\system\CodeIgniter.php(797): class_exists('\\App\\Controller...', true)
#4 C:\xampp\htdocs\co\system\CodeIgniter.php(406): CodeIgniter\CodeIgniter->startController()
#5 C:\xampp\htdocs\co\system\CodeIgniter.php(326): CodeIgniter\CodeIgniter->handleRequest(NULL, Object(Config\Cache), false)
#6 C:\xampp\htdocs\co\public\index.php(37): CodeIgniter\CodeIgniter->run()
#7 {main}
CRITICAL - 2022-05-23 04:55:25 --> syntax error, unexpected integer "1", expecting ";"
#0 C:\xampp\htdocs\co\system\Autoloader\Autoloader.php(241): CodeIgniter\Autoloader\Autoloader->includeFile('C:\\xampp\\htdocs...')
#1 C:\xampp\htdocs\co\system\Autoloader\Autoloader.php(219): CodeIgniter\Autoloader\Autoloader->loadInNamespace('App\\Controllers...')
#2 [internal function]: CodeIgniter\Autoloader\Autoloader->loadClass('App\\Controllers...')
#3 C:\xampp\htdocs\co\system\CodeIgniter.php(797): class_exists('\\App\\Controller...', true)
#4 C:\xampp\htdocs\co\system\CodeIgniter.php(406): CodeIgniter\CodeIgniter->startController()
#5 C:\xampp\htdocs\co\system\CodeIgniter.php(326): CodeIgniter\CodeIgniter->handleRequest(NULL, Object(Config\Cache), false)
#6 C:\xampp\htdocs\co\public\index.php(37): CodeIgniter\CodeIgniter->run()
#7 {main}
CRITICAL - 2022-05-23 04:56:51 --> Undefined constant "mydata"
#0 C:\xampp\htdocs\co\system\View\View.php(210): include()
#1 C:\xampp\htdocs\co\system\View\View.php(213): CodeIgniter\View\View->CodeIgniter\View\{closure}()
#2 C:\xampp\htdocs\co\system\Common.php(1089): CodeIgniter\View\View->render('admin/add_produ...', Array, true)
#3 C:\xampp\htdocs\co\app\Controllers\meeshoController.php(45): view('admin/add_produ...', Array)
#4 C:\xampp\htdocs\co\system\CodeIgniter.php(832): App\Controllers\MeeshoController->meeshoadd_product()
#5 C:\xampp\htdocs\co\system\CodeIgniter.php(419): CodeIgniter\CodeIgniter->runController(Object(App\Controllers\MeeshoController))
#6 C:\xampp\htdocs\co\system\CodeIgniter.php(326): CodeIgniter\CodeIgniter->handleRequest(NULL, Object(Config\Cache), false)
#7 C:\xampp\htdocs\co\public\index.php(37): CodeIgniter\CodeIgniter->run()
#8 {main}
CRITICAL - 2022-05-23 05:27:54 --> Trying to access array offset on value of type null
#0 C:\xampp\htdocs\co\app\Views\admin\add_product.php(70): CodeIgniter\Debug\Exceptions->errorHandler(2, 'Trying to acces...', 'C:\\xampp\\htdocs...', 70)
#1 C:\xampp\htdocs\co\system\View\View.php(210): include('C:\\xampp\\htdocs...')
#2 C:\xampp\htdocs\co\system\View\View.php(213): CodeIgniter\View\View->CodeIgniter\View\{closure}()
#3 C:\xampp\htdocs\co\system\Common.php(1089): CodeIgniter\View\View->render('admin/add_produ...', Array, true)
#4 C:\xampp\htdocs\co\app\Controllers\meeshoController.php(45): view('admin/add_produ...', Array)
#5 C:\xampp\htdocs\co\system\CodeIgniter.php(832): App\Controllers\MeeshoController->meeshoadd_product()
#6 C:\xampp\htdocs\co\system\CodeIgniter.php(419): CodeIgniter\CodeIgniter->runController(Object(App\Controllers\MeeshoController))
#7 C:\xampp\htdocs\co\system\CodeIgniter.php(326): CodeIgniter\CodeIgniter->handleRequest(NULL, Object(Config\Cache), false)
#8 C:\xampp\htdocs\co\public\index.php(37): CodeIgniter\CodeIgniter->run()
#9 {main}
CRITICAL - 2022-05-23 05:28:17 --> Trying to access array offset on value of type null
#0 C:\xampp\htdocs\co\app\Views\admin\add_product.php(70): CodeIgniter\Debug\Exceptions->errorHandler(2, 'Trying to acces...', 'C:\\xampp\\htdocs...', 70)
#1 C:\xampp\htdocs\co\system\View\View.php(210): include('C:\\xampp\\htdocs...')
#2 C:\xampp\htdocs\co\system\View\View.php(213): CodeIgniter\View\View->CodeIgniter\View\{closure}()
#3 C:\xampp\htdocs\co\system\Common.php(1089): CodeIgniter\View\View->render('admin/add_produ...', Array, true)
#4 C:\xampp\htdocs\co\app\Controllers\meeshoController.php(45): view('admin/add_produ...', Array)
#5 C:\xampp\htdocs\co\system\CodeIgniter.php(832): App\Controllers\MeeshoController->meeshoadd_product()
#6 C:\xampp\htdocs\co\system\CodeIgniter.php(419): CodeIgniter\CodeIgniter->runController(Object(App\Controllers\MeeshoController))
#7 C:\xampp\htdocs\co\system\CodeIgniter.php(326): CodeIgniter\CodeIgniter->handleRequest(NULL, Object(Config\Cache), false)
#8 C:\xampp\htdocs\co\public\index.php(37): CodeIgniter\CodeIgniter->run()
#9 {main}
CRITICAL - 2022-05-23 05:28:46 --> Trying to access array offset on value of type null
#0 C:\xampp\htdocs\co\app\Views\admin\add_product.php(61): CodeIgniter\Debug\Exceptions->errorHandler(2, 'Trying to acces...', 'C:\\xampp\\htdocs...', 61)
#1 C:\xampp\htdocs\co\system\View\View.php(210): include('C:\\xampp\\htdocs...')
#2 C:\xampp\htdocs\co\system\View\View.php(213): CodeIgniter\View\View->CodeIgniter\View\{closure}()
#3 C:\xampp\htdocs\co\system\Common.php(1089): CodeIgniter\View\View->render('admin/add_produ...', Array, true)
#4 C:\xampp\htdocs\co\app\Controllers\meeshoController.php(45): view('admin/add_produ...', Array)
#5 C:\xampp\htdocs\co\system\CodeIgniter.php(832): App\Controllers\MeeshoController->meeshoadd_product()
#6 C:\xampp\htdocs\co\system\CodeIgniter.php(419): CodeIgniter\CodeIgniter->runController(Object(App\Controllers\MeeshoController))
#7 C:\xampp\htdocs\co\system\CodeIgniter.php(326): CodeIgniter\CodeIgniter->handleRequest(NULL, Object(Config\Cache), false)
#8 C:\xampp\htdocs\co\public\index.php(37): CodeIgniter\CodeIgniter->run()
#9 {main}
CRITICAL - 2022-05-23 05:35:39 --> Trying to access array offset on value of type null
#0 C:\xampp\htdocs\co\app\Views\admin\add_product.php(71): CodeIgniter\Debug\Exceptions->errorHandler(2, 'Trying to acces...', 'C:\\xampp\\htdocs...', 71)
#1 C:\xampp\htdocs\co\system\View\View.php(210): include('C:\\xampp\\htdocs...')
#2 C:\xampp\htdocs\co\system\View\View.php(213): CodeIgniter\View\View->CodeIgniter\View\{closure}()
#3 C:\xampp\htdocs\co\system\Common.php(1089): CodeIgniter\View\View->render('admin/add_produ...', Array, true)
#4 C:\xampp\htdocs\co\app\Controllers\meeshoController.php(45): view('admin/add_produ...', Array)
#5 C:\xampp\htdocs\co\system\CodeIgniter.php(832): App\Controllers\MeeshoController->meeshoadd_product()
#6 C:\xampp\htdocs\co\system\CodeIgniter.php(419): CodeIgniter\CodeIgniter->runController(Object(App\Controllers\MeeshoController))
#7 C:\xampp\htdocs\co\system\CodeIgniter.php(326): CodeIgniter\CodeIgniter->handleRequest(NULL, Object(Config\Cache), false)
#8 C:\xampp\htdocs\co\public\index.php(37): CodeIgniter\CodeIgniter->run()
#9 {main}
CRITICAL - 2022-05-23 05:36:15 --> Trying to access array offset on value of type null
#0 C:\xampp\htdocs\co\app\Views\admin\add_product.php(71): CodeIgniter\Debug\Exceptions->errorHandler(2, 'Trying to acces...', 'C:\\xampp\\htdocs...', 71)
#1 C:\xampp\htdocs\co\system\View\View.php(210): include('C:\\xampp\\htdocs...')
#2 C:\xampp\htdocs\co\system\View\View.php(213): CodeIgniter\View\View->CodeIgniter\View\{closure}()
#3 C:\xampp\htdocs\co\system\Common.php(1089): CodeIgniter\View\View->render('admin/add_produ...', Array, true)
#4 C:\xampp\htdocs\co\app\Controllers\meeshoController.php(45): view('admin/add_produ...', Array)
#5 C:\xampp\htdocs\co\system\CodeIgniter.php(832): App\Controllers\MeeshoController->meeshoadd_product()
#6 C:\xampp\htdocs\co\system\CodeIgniter.php(419): CodeIgniter\CodeIgniter->runController(Object(App\Controllers\MeeshoController))
#7 C:\xampp\htdocs\co\system\CodeIgniter.php(326): CodeIgniter\CodeIgniter->handleRequest(NULL, Object(Config\Cache), false)
#8 C:\xampp\htdocs\co\public\index.php(37): CodeIgniter\CodeIgniter->run()
#9 {main}
CRITICAL - 2022-05-23 05:36:25 --> Trying to access array offset on value of type null
#0 C:\xampp\htdocs\co\app\Views\admin\add_product.php(71): CodeIgniter\Debug\Exceptions->errorHandler(2, 'Trying to acces...', 'C:\\xampp\\htdocs...', 71)
#1 C:\xampp\htdocs\co\system\View\View.php(210): include('C:\\xampp\\htdocs...')
#2 C:\xampp\htdocs\co\system\View\View.php(213): CodeIgniter\View\View->CodeIgniter\View\{closure}()
#3 C:\xampp\htdocs\co\system\Common.php(1089): CodeIgniter\View\View->render('admin/add_produ...', Array, true)
#4 C:\xampp\htdocs\co\app\Controllers\meeshoController.php(45): view('admin/add_produ...', Array)
#5 C:\xampp\htdocs\co\system\CodeIgniter.php(832): App\Controllers\MeeshoController->meeshoadd_product()
#6 C:\xampp\htdocs\co\system\CodeIgniter.php(419): CodeIgniter\CodeIgniter->runController(Object(App\Controllers\MeeshoController))
#7 C:\xampp\htdocs\co\system\CodeIgniter.php(326): CodeIgniter\CodeIgniter->handleRequest(NULL, Object(Config\Cache), false)
#8 C:\xampp\htdocs\co\public\index.php(37): CodeIgniter\CodeIgniter->run()
#9 {main}
CRITICAL - 2022-05-23 05:36:28 --> Trying to access array offset on value of type null
#0 C:\xampp\htdocs\co\app\Views\admin\add_product.php(71): CodeIgniter\Debug\Exceptions->errorHandler(2, 'Trying to acces...', 'C:\\xampp\\htdocs...', 71)
#1 C:\xampp\htdocs\co\system\View\View.php(210): include('C:\\xampp\\htdocs...')
#2 C:\xampp\htdocs\co\system\View\View.php(213): CodeIgniter\View\View->CodeIgniter\View\{closure}()
#3 C:\xampp\htdocs\co\system\Common.php(1089): CodeIgniter\View\View->render('admin/add_produ...', Array, true)
#4 C:\xampp\htdocs\co\app\Controllers\meeshoController.php(45): view('admin/add_produ...', Array)
#5 C:\xampp\htdocs\co\system\CodeIgniter.php(832): App\Controllers\MeeshoController->meeshoadd_product()
#6 C:\xampp\htdocs\co\system\CodeIgniter.php(419): CodeIgniter\CodeIgniter->runController(Object(App\Controllers\MeeshoController))
#7 C:\xampp\htdocs\co\system\CodeIgniter.php(326): CodeIgniter\CodeIgniter->handleRequest(NULL, Object(Config\Cache), false)
#8 C:\xampp\htdocs\co\public\index.php(37): CodeIgniter\CodeIgniter->run()
#9 {main}
CRITICAL - 2022-05-23 08:50:09 --> Object of class CodeIgniter\Database\MySQLi\Connection could not be converted to string
#0 C:\xampp\htdocs\co\system\CodeIgniter.php(832): App\Controllers\MeeshoController->update_product()
#1 C:\xampp\htdocs\co\system\CodeIgniter.php(419): CodeIgniter\CodeIgniter->runController(Object(App\Controllers\MeeshoController))
#2 C:\xampp\htdocs\co\system\CodeIgniter.php(326): CodeIgniter\CodeIgniter->handleRequest(NULL, Object(Config\Cache), false)
#3 C:\xampp\htdocs\co\public\index.php(37): CodeIgniter\CodeIgniter->run()
#4 {main}
CRITICAL - 2022-05-23 08:54:18 --> json_decode(): Argument #1 ($json) must be of type string, CodeIgniter\Database\MySQLi\Result given
#0 C:\xampp\htdocs\co\app\Controllers\meeshoController.php(163): json_decode(Object(CodeIgniter\Database\MySQLi\Result))
#1 C:\xampp\htdocs\co\system\CodeIgniter.php(832): App\Controllers\MeeshoController->update_product()
#2 C:\xampp\htdocs\co\system\CodeIgniter.php(419): CodeIgniter\CodeIgniter->runController(Object(App\Controllers\MeeshoController))
#3 C:\xampp\htdocs\co\system\CodeIgniter.php(326): CodeIgniter\CodeIgniter->handleRequest(NULL, Object(Config\Cache), false)
#4 C:\xampp\htdocs\co\public\index.php(37): CodeIgniter\CodeIgniter->run()
#5 {main}
CRITICAL - 2022-05-23 10:18:32 --> Trying to access array offset on value of type null
#0 C:\xampp\htdocs\co\app\Views\admin\add_product.php(183): CodeIgniter\Debug\Exceptions->errorHandler(2, 'Trying to acces...', 'C:\\xampp\\htdocs...', 183)
#1 C:\xampp\htdocs\co\system\View\View.php(210): include('C:\\xampp\\htdocs...')
#2 C:\xampp\htdocs\co\system\View\View.php(213): CodeIgniter\View\View->CodeIgniter\View\{closure}()
#3 C:\xampp\htdocs\co\system\Common.php(1089): CodeIgniter\View\View->render('admin/add_produ...', Array, true)
#4 C:\xampp\htdocs\co\app\Controllers\meeshoController.php(45): view('admin/add_produ...', Array)
#5 C:\xampp\htdocs\co\system\CodeIgniter.php(832): App\Controllers\MeeshoController->meeshoadd_product()
#6 C:\xampp\htdocs\co\system\CodeIgniter.php(419): CodeIgniter\CodeIgniter->runController(Object(App\Controllers\MeeshoController))
#7 C:\xampp\htdocs\co\system\CodeIgniter.php(326): CodeIgniter\CodeIgniter->handleRequest(NULL, Object(Config\Cache), false)
#8 C:\xampp\htdocs\co\public\index.php(37): CodeIgniter\CodeIgniter->run()
#9 {main}
CRITICAL - 2022-05-23 10:19:09 --> Trying to access array offset on value of type null
#0 C:\xampp\htdocs\co\app\Views\admin\add_product.php(70): CodeIgniter\Debug\Exceptions->errorHandler(2, 'Trying to acces...', 'C:\\xampp\\htdocs...', 70)
#1 C:\xampp\htdocs\co\system\View\View.php(210): include('C:\\xampp\\htdocs...')
#2 C:\xampp\htdocs\co\system\View\View.php(213): CodeIgniter\View\View->CodeIgniter\View\{closure}()
#3 C:\xampp\htdocs\co\system\Common.php(1089): CodeIgniter\View\View->render('admin/add_produ...', Array, true)
#4 C:\xampp\htdocs\co\app\Controllers\meeshoController.php(45): view('admin/add_produ...', Array)
#5 C:\xampp\htdocs\co\system\CodeIgniter.php(832): App\Controllers\MeeshoController->meeshoadd_product()
#6 C:\xampp\htdocs\co\system\CodeIgniter.php(419): CodeIgniter\CodeIgniter->runController(Object(App\Controllers\MeeshoController))
#7 C:\xampp\htdocs\co\system\CodeIgniter.php(326): CodeIgniter\CodeIgniter->handleRequest(NULL, Object(Config\Cache), false)
#8 C:\xampp\htdocs\co\public\index.php(37): CodeIgniter\CodeIgniter->run()
#9 {main}
CRITICAL - 2022-05-23 10:19:47 --> Trying to access array offset on value of type int
#0 C:\xampp\htdocs\co\app\Views\admin\add_product.php(71): CodeIgniter\Debug\Exceptions->errorHandler(2, 'Trying to acces...', 'C:\\xampp\\htdocs...', 71)
#1 C:\xampp\htdocs\co\system\View\View.php(210): include('C:\\xampp\\htdocs...')
#2 C:\xampp\htdocs\co\system\View\View.php(213): CodeIgniter\View\View->CodeIgniter\View\{closure}()
#3 C:\xampp\htdocs\co\system\Common.php(1089): CodeIgniter\View\View->render('admin/add_produ...', Array, true)
#4 C:\xampp\htdocs\co\app\Controllers\meeshoController.php(45): view('admin/add_produ...', Array)
#5 C:\xampp\htdocs\co\system\CodeIgniter.php(832): App\Controllers\MeeshoController->meeshoadd_product()
#6 C:\xampp\htdocs\co\system\CodeIgniter.php(419): CodeIgniter\CodeIgniter->runController(Object(App\Controllers\MeeshoController))
#7 C:\xampp\htdocs\co\system\CodeIgniter.php(326): CodeIgniter\CodeIgniter->handleRequest(NULL, Object(Config\Cache), false)
#8 C:\xampp\htdocs\co\public\index.php(37): CodeIgniter\CodeIgniter->run()
#9 {main}
CRITICAL - 2022-05-23 10:19:55 --> Trying to access array offset on value of type int
#0 C:\xampp\htdocs\co\app\Views\admin\add_product.php(71): CodeIgniter\Debug\Exceptions->errorHandler(2, 'Trying to acces...', 'C:\\xampp\\htdocs...', 71)
#1 C:\xampp\htdocs\co\system\View\View.php(210): include('C:\\xampp\\htdocs...')
#2 C:\xampp\htdocs\co\system\View\View.php(213): CodeIgniter\View\View->CodeIgniter\View\{closure}()
#3 C:\xampp\htdocs\co\system\Common.php(1089): CodeIgniter\View\View->render('admin/add_produ...', Array, true)
#4 C:\xampp\htdocs\co\app\Controllers\meeshoController.php(45): view('admin/add_produ...', Array)
#5 C:\xampp\htdocs\co\system\CodeIgniter.php(832): App\Controllers\MeeshoController->meeshoadd_product()
#6 C:\xampp\htdocs\co\system\CodeIgniter.php(419): CodeIgniter\CodeIgniter->runController(Object(App\Controllers\MeeshoController))
#7 C:\xampp\htdocs\co\system\CodeIgniter.php(326): CodeIgniter\CodeIgniter->handleRequest(NULL, Object(Config\Cache), false)
#8 C:\xampp\htdocs\co\public\index.php(37): CodeIgniter\CodeIgniter->run()
#9 {main}
CRITICAL - 2022-05-23 10:35:36 --> Undefined variable $up
#0 C:\xampp\htdocs\co\app\Views\admin\add_product.php(182): CodeIgniter\Debug\Exceptions->errorHandler(2, 'Undefined varia...', 'C:\\xampp\\htdocs...', 182)
#1 C:\xampp\htdocs\co\system\View\View.php(210): include('C:\\xampp\\htdocs...')
#2 C:\xampp\htdocs\co\system\View\View.php(213): CodeIgniter\View\View->CodeIgniter\View\{closure}()
#3 C:\xampp\htdocs\co\system\Common.php(1089): CodeIgniter\View\View->render('admin/add_produ...', Array, true)
#4 C:\xampp\htdocs\co\app\Controllers\meeshoController.php(45): view('admin/add_produ...', Array)
#5 C:\xampp\htdocs\co\system\CodeIgniter.php(832): App\Controllers\MeeshoController->meeshoadd_product()
#6 C:\xampp\htdocs\co\system\CodeIgniter.php(419): CodeIgniter\CodeIgniter->runController(Object(App\Controllers\MeeshoController))
#7 C:\xampp\htdocs\co\system\CodeIgniter.php(326): CodeIgniter\CodeIgniter->handleRequest(NULL, Object(Config\Cache), false)
#8 C:\xampp\htdocs\co\public\index.php(37): CodeIgniter\CodeIgniter->run()
#9 {main}
CRITICAL - 2022-05-23 10:36:40 --> Undefined variable $up
#0 C:\xampp\htdocs\co\app\Views\admin\add_product.php(183): CodeIgniter\Debug\Exceptions->errorHandler(2, 'Undefined varia...', 'C:\\xampp\\htdocs...', 183)
#1 C:\xampp\htdocs\co\system\View\View.php(210): include('C:\\xampp\\htdocs...')
#2 C:\xampp\htdocs\co\system\View\View.php(213): CodeIgniter\View\View->CodeIgniter\View\{closure}()
#3 C:\xampp\htdocs\co\system\Common.php(1089): CodeIgniter\View\View->render('admin/add_produ...', Array, true)
#4 C:\xampp\htdocs\co\app\Controllers\meeshoController.php(45): view('admin/add_produ...', Array)
#5 C:\xampp\htdocs\co\system\CodeIgniter.php(832): App\Controllers\MeeshoController->meeshoadd_product()
#6 C:\xampp\htdocs\co\system\CodeIgniter.php(419): CodeIgniter\CodeIgniter->runController(Object(App\Controllers\MeeshoController))
#7 C:\xampp\htdocs\co\system\CodeIgniter.php(326): CodeIgniter\CodeIgniter->handleRequest(NULL, Object(Config\Cache), false)
#8 C:\xampp\htdocs\co\public\index.php(37): CodeIgniter\CodeIgniter->run()
#9 {main}
