CRITICAL - 2022-05-14 03:14:04 --> Call to a member function table() on null
#0 C:\xampp\htdocs\co\system\CodeIgniter.php(832): App\Controllers\MeeshoController->ajaxadmin_user()
#1 C:\xampp\htdocs\co\system\CodeIgniter.php(419): CodeIgniter\CodeIgniter->runController(Object(App\Controllers\MeeshoController))
#2 C:\xampp\htdocs\co\system\CodeIgniter.php(326): CodeIgniter\CodeIgniter->handleRequest(NULL, Object(Config\Cache), false)
#3 C:\xampp\htdocs\co\public\index.php(37): CodeIgniter\CodeIgniter->run()
#4 {main}
CRITICAL - 2022-05-14 03:16:01 --> Call to undefined function App\Controllers\bd_connect()
#0 C:\xampp\htdocs\co\system\CodeIgniter.php(832): App\Controllers\MeeshoController->ajaxadmin_user()
#1 C:\xampp\htdocs\co\system\CodeIgniter.php(419): CodeIgniter\CodeIgniter->runController(Object(App\Controllers\MeeshoController))
#2 C:\xampp\htdocs\co\system\CodeIgniter.php(326): CodeIgniter\CodeIgniter->handleRequest(NULL, Object(Config\Cache), false)
#3 C:\xampp\htdocs\co\public\index.php(37): CodeIgniter\CodeIgniter->run()
#4 {main}
CRITICAL - 2022-05-14 03:19:54 --> Call to undefined function App\Controllers\bd_connect()
#0 C:\xampp\htdocs\co\system\CodeIgniter.php(832): App\Controllers\MeeshoController->ajaxadmin_user()
#1 C:\xampp\htdocs\co\system\CodeIgniter.php(419): CodeIgniter\CodeIgniter->runController(Object(App\Controllers\MeeshoController))
#2 C:\xampp\htdocs\co\system\CodeIgniter.php(326): CodeIgniter\CodeIgniter->handleRequest(NULL, Object(Config\Cache), false)
#3 C:\xampp\htdocs\co\public\index.php(37): CodeIgniter\CodeIgniter->run()
#4 {main}
CRITICAL - 2022-05-14 08:10:33 --> Call to a member function table() on null
#0 C:\xampp\htdocs\co\system\CodeIgniter.php(832): App\Controllers\MeeshoController->ajaxadmin_user()
#1 C:\xampp\htdocs\co\system\CodeIgniter.php(419): CodeIgniter\CodeIgniter->runController(Object(App\Controllers\MeeshoController))
#2 C:\xampp\htdocs\co\system\CodeIgniter.php(326): CodeIgniter\CodeIgniter->handleRequest(NULL, Object(Config\Cache), false)
#3 C:\xampp\htdocs\co\public\index.php(37): CodeIgniter\CodeIgniter->run()
#4 {main}
ERROR - 2022-05-14 08:14:22 --> Unknown column 'Createdate' in 'field list'
ERROR - 2022-05-14 10:54:56 --> Unknown column 'Createdate' in 'field list'
