CRITICAL - 2022-03-29 11:25:16 --> Invalid file: common/script.php
#0 C:\xampp\htdocs\co\system\View\View.php(198): CodeIgniter\Exceptions\FrameworkException::forInvalidFile('common/script.p...')
#1 C:\xampp\htdocs\co\system\Common.php(1089): CodeIgniter\View\View->render('common/script', Array, true)
#2 C:\xampp\htdocs\co\app\Views\meesho_view.php(17): view('common/script')
#3 C:\xampp\htdocs\co\system\View\View.php(210): include('C:\\xampp\\htdocs...')
#4 C:\xampp\htdocs\co\system\View\View.php(213): CodeIgniter\View\View->CodeIgniter\View\{closure}()
#5 C:\xampp\htdocs\co\system\Common.php(1089): CodeIgniter\View\View->render('meesho_view', Array, true)
#6 C:\xampp\htdocs\co\app\Controllers\meeshoController.php(16): view('meesho_view')
#7 C:\xampp\htdocs\co\system\CodeIgniter.php(832): App\Controllers\meeshoController->meeshof()
#8 C:\xampp\htdocs\co\system\CodeIgniter.php(419): CodeIgniter\CodeIgniter->runController(Object(App\Controllers\meeshoController))
#9 C:\xampp\htdocs\co\system\CodeIgniter.php(326): CodeIgniter\CodeIgniter->handleRequest(NULL, Object(Config\Cache), false)
#10 C:\xampp\htdocs\co\public\index.php(37): CodeIgniter\CodeIgniter->run()
#11 {main}
CRITICAL - 2022-03-29 11:25:44 --> Invalid file: common/script.php
#0 C:\xampp\htdocs\co\system\View\View.php(198): CodeIgniter\Exceptions\FrameworkException::forInvalidFile('common/script.p...')
#1 C:\xampp\htdocs\co\system\Common.php(1089): CodeIgniter\View\View->render('common/script', Array, true)
#2 C:\xampp\htdocs\co\app\Views\meesho_view.php(17): view('common/script')
#3 C:\xampp\htdocs\co\system\View\View.php(210): include('C:\\xampp\\htdocs...')
#4 C:\xampp\htdocs\co\system\View\View.php(213): CodeIgniter\View\View->CodeIgniter\View\{closure}()
#5 C:\xampp\htdocs\co\system\Common.php(1089): CodeIgniter\View\View->render('meesho_view', Array, true)
#6 C:\xampp\htdocs\co\app\Controllers\meeshoController.php(16): view('meesho_view')
#7 C:\xampp\htdocs\co\system\CodeIgniter.php(832): App\Controllers\meeshoController->meeshof()
#8 C:\xampp\htdocs\co\system\CodeIgniter.php(419): CodeIgniter\CodeIgniter->runController(Object(App\Controllers\meeshoController))
#9 C:\xampp\htdocs\co\system\CodeIgniter.php(326): CodeIgniter\CodeIgniter->handleRequest(NULL, Object(Config\Cache), false)
#10 C:\xampp\htdocs\co\public\index.php(37): CodeIgniter\CodeIgniter->run()
#11 {main}
CRITICAL - 2022-03-29 11:25:46 --> Invalid file: common/script.php
#0 C:\xampp\htdocs\co\system\View\View.php(198): CodeIgniter\Exceptions\FrameworkException::forInvalidFile('common/script.p...')
#1 C:\xampp\htdocs\co\system\Common.php(1089): CodeIgniter\View\View->render('common/script', Array, true)
#2 C:\xampp\htdocs\co\app\Views\meesho_view.php(17): view('common/script')
#3 C:\xampp\htdocs\co\system\View\View.php(210): include('C:\\xampp\\htdocs...')
#4 C:\xampp\htdocs\co\system\View\View.php(213): CodeIgniter\View\View->CodeIgniter\View\{closure}()
#5 C:\xampp\htdocs\co\system\Common.php(1089): CodeIgniter\View\View->render('meesho_view', Array, true)
#6 C:\xampp\htdocs\co\app\Controllers\meeshoController.php(16): view('meesho_view')
#7 C:\xampp\htdocs\co\system\CodeIgniter.php(832): App\Controllers\meeshoController->meeshof()
#8 C:\xampp\htdocs\co\system\CodeIgniter.php(419): CodeIgniter\CodeIgniter->runController(Object(App\Controllers\meeshoController))
#9 C:\xampp\htdocs\co\system\CodeIgniter.php(326): CodeIgniter\CodeIgniter->handleRequest(NULL, Object(Config\Cache), false)
#10 C:\xampp\htdocs\co\public\index.php(37): CodeIgniter\CodeIgniter->run()
#11 {main}
CRITICAL - 2022-03-29 11:25:46 --> Invalid file: common/script.php
#0 C:\xampp\htdocs\co\system\View\View.php(198): CodeIgniter\Exceptions\FrameworkException::forInvalidFile('common/script.p...')
#1 C:\xampp\htdocs\co\system\Common.php(1089): CodeIgniter\View\View->render('common/script', Array, true)
#2 C:\xampp\htdocs\co\app\Views\meesho_view.php(17): view('common/script')
#3 C:\xampp\htdocs\co\system\View\View.php(210): include('C:\\xampp\\htdocs...')
#4 C:\xampp\htdocs\co\system\View\View.php(213): CodeIgniter\View\View->CodeIgniter\View\{closure}()
#5 C:\xampp\htdocs\co\system\Common.php(1089): CodeIgniter\View\View->render('meesho_view', Array, true)
#6 C:\xampp\htdocs\co\app\Controllers\meeshoController.php(16): view('meesho_view')
#7 C:\xampp\htdocs\co\system\CodeIgniter.php(832): App\Controllers\meeshoController->meeshof()
#8 C:\xampp\htdocs\co\system\CodeIgniter.php(419): CodeIgniter\CodeIgniter->runController(Object(App\Controllers\meeshoController))
#9 C:\xampp\htdocs\co\system\CodeIgniter.php(326): CodeIgniter\CodeIgniter->handleRequest(NULL, Object(Config\Cache), false)
#10 C:\xampp\htdocs\co\public\index.php(37): CodeIgniter\CodeIgniter->run()
#11 {main}
CRITICAL - 2022-03-29 11:25:46 --> Invalid file: common/script.php
#0 C:\xampp\htdocs\co\system\View\View.php(198): CodeIgniter\Exceptions\FrameworkException::forInvalidFile('common/script.p...')
#1 C:\xampp\htdocs\co\system\Common.php(1089): CodeIgniter\View\View->render('common/script', Array, true)
#2 C:\xampp\htdocs\co\app\Views\meesho_view.php(17): view('common/script')
#3 C:\xampp\htdocs\co\system\View\View.php(210): include('C:\\xampp\\htdocs...')
#4 C:\xampp\htdocs\co\system\View\View.php(213): CodeIgniter\View\View->CodeIgniter\View\{closure}()
#5 C:\xampp\htdocs\co\system\Common.php(1089): CodeIgniter\View\View->render('meesho_view', Array, true)
#6 C:\xampp\htdocs\co\app\Controllers\meeshoController.php(16): view('meesho_view')
#7 C:\xampp\htdocs\co\system\CodeIgniter.php(832): App\Controllers\meeshoController->meeshof()
#8 C:\xampp\htdocs\co\system\CodeIgniter.php(419): CodeIgniter\CodeIgniter->runController(Object(App\Controllers\meeshoController))
#9 C:\xampp\htdocs\co\system\CodeIgniter.php(326): CodeIgniter\CodeIgniter->handleRequest(NULL, Object(Config\Cache), false)
#10 C:\xampp\htdocs\co\public\index.php(37): CodeIgniter\CodeIgniter->run()
#11 {main}
CRITICAL - 2022-03-29 11:25:46 --> Invalid file: common/script.php
#0 C:\xampp\htdocs\co\system\View\View.php(198): CodeIgniter\Exceptions\FrameworkException::forInvalidFile('common/script.p...')
#1 C:\xampp\htdocs\co\system\Common.php(1089): CodeIgniter\View\View->render('common/script', Array, true)
#2 C:\xampp\htdocs\co\app\Views\meesho_view.php(17): view('common/script')
#3 C:\xampp\htdocs\co\system\View\View.php(210): include('C:\\xampp\\htdocs...')
#4 C:\xampp\htdocs\co\system\View\View.php(213): CodeIgniter\View\View->CodeIgniter\View\{closure}()
#5 C:\xampp\htdocs\co\system\Common.php(1089): CodeIgniter\View\View->render('meesho_view', Array, true)
#6 C:\xampp\htdocs\co\app\Controllers\meeshoController.php(16): view('meesho_view')
#7 C:\xampp\htdocs\co\system\CodeIgniter.php(832): App\Controllers\meeshoController->meeshof()
#8 C:\xampp\htdocs\co\system\CodeIgniter.php(419): CodeIgniter\CodeIgniter->runController(Object(App\Controllers\meeshoController))
#9 C:\xampp\htdocs\co\system\CodeIgniter.php(326): CodeIgniter\CodeIgniter->handleRequest(NULL, Object(Config\Cache), false)
#10 C:\xampp\htdocs\co\public\index.php(37): CodeIgniter\CodeIgniter->run()
#11 {main}
CRITICAL - 2022-03-29 11:25:46 --> Invalid file: common/script.php
#0 C:\xampp\htdocs\co\system\View\View.php(198): CodeIgniter\Exceptions\FrameworkException::forInvalidFile('common/script.p...')
#1 C:\xampp\htdocs\co\system\Common.php(1089): CodeIgniter\View\View->render('common/script', Array, true)
#2 C:\xampp\htdocs\co\app\Views\meesho_view.php(17): view('common/script')
#3 C:\xampp\htdocs\co\system\View\View.php(210): include('C:\\xampp\\htdocs...')
#4 C:\xampp\htdocs\co\system\View\View.php(213): CodeIgniter\View\View->CodeIgniter\View\{closure}()
#5 C:\xampp\htdocs\co\system\Common.php(1089): CodeIgniter\View\View->render('meesho_view', Array, true)
#6 C:\xampp\htdocs\co\app\Controllers\meeshoController.php(16): view('meesho_view')
#7 C:\xampp\htdocs\co\system\CodeIgniter.php(832): App\Controllers\meeshoController->meeshof()
#8 C:\xampp\htdocs\co\system\CodeIgniter.php(419): CodeIgniter\CodeIgniter->runController(Object(App\Controllers\meeshoController))
#9 C:\xampp\htdocs\co\system\CodeIgniter.php(326): CodeIgniter\CodeIgniter->handleRequest(NULL, Object(Config\Cache), false)
#10 C:\xampp\htdocs\co\public\index.php(37): CodeIgniter\CodeIgniter->run()
#11 {main}
CRITICAL - 2022-03-29 11:29:26 --> Invalid file: common/script.php
#0 C:\xampp\htdocs\co\system\View\View.php(198): CodeIgniter\Exceptions\FrameworkException::forInvalidFile('common/script.p...')
#1 C:\xampp\htdocs\co\system\Common.php(1089): CodeIgniter\View\View->render('common/script', Array, true)
#2 C:\xampp\htdocs\co\app\Views\meesho_view.php(17): view('common/script')
#3 C:\xampp\htdocs\co\system\View\View.php(210): include('C:\\xampp\\htdocs...')
#4 C:\xampp\htdocs\co\system\View\View.php(213): CodeIgniter\View\View->CodeIgniter\View\{closure}()
#5 C:\xampp\htdocs\co\system\Common.php(1089): CodeIgniter\View\View->render('meesho_view', Array, true)
#6 C:\xampp\htdocs\co\app\Controllers\meeshoController.php(16): view('meesho_view')
#7 C:\xampp\htdocs\co\system\CodeIgniter.php(832): App\Controllers\meeshoController->meeshof()
#8 C:\xampp\htdocs\co\system\CodeIgniter.php(419): CodeIgniter\CodeIgniter->runController(Object(App\Controllers\meeshoController))
#9 C:\xampp\htdocs\co\system\CodeIgniter.php(326): CodeIgniter\CodeIgniter->handleRequest(NULL, Object(Config\Cache), false)
#10 C:\xampp\htdocs\co\public\index.php(37): CodeIgniter\CodeIgniter->run()
#11 {main}
